#
# A fatal error has been detected by the Java Runtime Environment:
#
#  SIGSEGV (0xb) at pc=0x000000011985bce9, pid=4674, tid=11267
#
# JRE version: Java(TM) SE Runtime Environment (8.0_77-b03) (build 1.8.0_77-b03)
# Java VM: Java HotSpot(TM) 64-Bit Server VM (25.77-b03 mixed mode bsd-amd64 compressed oops)
# Problematic frame:
# C  [libswt-cocoa-4527.jnilib+0x25ce9]  callback+0x297
#
# Failed to write core dump. Core dumps have been disabled. To enable core dumping, try "ulimit -c unlimited" before starting Java again
#
# If you would like to submit a bug report, please visit:
#   http://bugreport.java.com/bugreport/crash.jsp
#

---------------  T H R E A D  ---------------

Current thread (0x00007fe3d300d000):  VMThread [stack: 0x0000700000526000,0x0000700000626000] [id=11267]

siginfo: si_signo: 11 (SIGSEGV), si_code: 1 (SEGV_MAPERR), si_addr: 0x0000000000000078

Registers:
RAX=0x0000000000000000, RBX=0x00007fe3d45e17e0, RCX=0x0000700000625764, RDX=0x0000000000000001
RSP=0x0000700000625790, RBP=0x00007000006258c0, RSI=0x0000000000000000, RDI=0x0000000000000000
R8 =0x0000000000000001, R9 =0x00007fe3d45991d0, R10=0x00007fe3d32d9520, R11=0x00007fe3d1d4afe0
R12=0x00007fff877094c0, R13=0x00007fff877094c0, R14=0x0000000000000000, R15=0x0000000000000000
RIP=0x000000011985bce9, EFLAGS=0x0000000000010202, ERR=0x0000000000000004
  TRAPNO=0x000000000000000e

Top of Stack: (sp=0x0000700000625790)
0x0000700000625790:   000000011985badb 00007fff75ebe2e0
0x00007000006257a0:   00007fff75ebe2d8 0000000079ccc9c8
0x00007000006257b0:   00007fff9bb0bd23 00007fff9b1fcd96
0x00007000006257c0:   0000000000000000 00007fe3d300d1f8
0x00007000006257d0:   00007fe3d1c1af88 00007fe3d1d2a478
0x00007000006257e0:   0000000200010000 0000000000000000
0x00007000006257f0:   0000700000625850 00007fff00000000
0x0000700000625800:   00007fe3d1efc080 00007fe3d1e77cb0
0x0000700000625810:   00007fe3d45a5730 00007fe3d1c30390
0x0000700000625820:   00007fff9bb0d70f 0000000000000000
0x0000700000625830:   0000000000000001 00007fe3d45991d0
0x0000700000625840:   0000000000000000 00000000000000e0
0x0000700000625850:   0000700000625920 00007fff87709591
0x0000700000625860:   00007fe3d45991d0 0000000000000001
0x0000700000625870:   0000000000000000 0000000000000000
0x0000700000625880:   00007fff9bb0bd23 00007fe3d45e17e0
0x0000700000625890:   00007fe3d45d4b70 00007fff77e142a0
0x00007000006258a0:   0000000000000000 0000000000000000
0x00007000006258b0:   0000000000000000 0000000000000000
0x00007000006258c0:   00007000006258e0 000000011983a25e
0x00007000006258d0:   00007fff9bb0d70f 00007fe3d1c30390
0x00007000006258e0:   0000700000625920 00007fff9b1fce0c
0x00007000006258f0:   00000000496e5470 0000000000000000
0x0000700000625900:   0000700000625990 00000000000000f8
0x0000700000625910:   0000000000000000 00000000000000e0
0x0000700000625920:   0000700000625960 00007fff9b36605e
0x0000700000625930:   0000000000000000 00007fe3d45e17e0
0x0000700000625940:   00000000000000f8 00007fff877094c0
0x0000700000625950:   0000000000000000 00007fff75f7bb80
0x0000700000625960:   00007000006259e0 00007fff9b365e2d
0x0000700000625970:   0000000000000000 0000000000000000
0x0000700000625980:   0000000000000000 0000000000000000 

Instructions: (pc=0x000000011985bce9)
0x000000011985bcc9:   ff ff 01 00 00 00 48 8b 85 08 ff ff ff 48 85 c0
0x000000011985bcd9:   0f 84 9f 03 00 00 48 8b 85 08 ff ff ff 48 8b 00
0x000000011985bce9:   48 8b 40 78 48 8b bd 08 ff ff ff ff d0 48 89 85
0x000000011985bcf9:   30 ff ff ff 48 83 bd 30 ff ff ff 00 74 26 48 8b 

Register to memory mapping:

RAX=0x0000000000000000 is an unknown value
RBX=0x00007fe3d45e17e0 is an unknown value
RCX=0x0000700000625764 is an unknown value
RDX=0x0000000000000001 is an unknown value
RSP=0x0000700000625790 is an unknown value
RBP=0x00007000006258c0 is an unknown value
RSI=0x0000000000000000 is an unknown value
RDI=0x0000000000000000 is an unknown value
R8 =0x0000000000000001 is an unknown value
R9 =0x00007fe3d45991d0 is an unknown value
R10=0x00007fe3d32d9520 is an unknown value
R11=0x00007fe3d1d4afe0 is an unknown value
R12=0x00007fff877094c0: objc_msgSend+0 in /usr/lib/libobjc.A.dylib at 0x00007fff87708000
R13=0x00007fff877094c0: objc_msgSend+0 in /usr/lib/libobjc.A.dylib at 0x00007fff87708000
R14=0x0000000000000000 is an unknown value
R15=0x0000000000000000 is an unknown value


Stack: [0x0000700000526000,0x0000700000626000],  sp=0x0000700000625790,  free space=1021k
Native frames: (J=compiled Java code, j=interpreted, Vv=VM code, C=native code)
C  [libswt-cocoa-4527.jnilib+0x25ce9]  callback+0x297
C  [libswt-cocoa-4527.jnilib+0x425e]  fn0_2+0x27
C  [AppKit+0x128e0c]  -[NSWindow orderWindow:relativeTo:]+0x76
C  [AppKit+0x29205e]  __18-[NSWindow _close]_block_invoke+0x1eb
C  [AppKit+0x291e2d]  -[NSWindow _close]+0x176
C  [FinderKit+0xa654b]  -[FI_TFloatingInputWindowController dealloc]+0x3b
C  [libobjc.A.dylib+0x8288]  _ZN11objc_object17sidetable_releaseEb+0xf2
C  [AppKit+0x166cce]  -[NSWindowController release]+0x9a
C  [FinderKit+0xa6dea]  _ZN4TRefIP33FI_TFloatingInputWindowController23OBJCRetainReleasePolicyIS1_EED2Ev+0xc
C  [libsystem_c.dylib+0x5f46b]  __cxa_finalize_ranges+0x159
C  [libsystem_c.dylib+0x5f76f]  exit+0x37
V  [libjvm.dylib+0x2e8b06]
V  [libjvm.dylib+0x5adb31]
V  [libjvm.dylib+0x5ac19b]
V  [libjvm.dylib+0x5ac5e8]
V  [libjvm.dylib+0x5abf07]
V  [libjvm.dylib+0x482eda]
C  [libsystem_pthread.dylib+0x3c13]  _pthread_body+0x83
C  [libsystem_pthread.dylib+0x3b90]  _pthread_body+0x0
C  [libsystem_pthread.dylib+0x1375]  thread_start+0xd

VM_Operation (0x000070000092e658): Exit, mode: safepoint, requested by thread 0x00007fe3df173000


---------------  P R O C E S S  ---------------

Java Threads: ( => current thread )
  0x00007fe3df173000 JavaThread "SIGTERM handler" daemon [_thread_blocked, id=70671, stack(0x000070000082f000,0x000070000092f000)]
  0x00007fe3d2196800 JavaThread "Java2D Disposer" daemon [_thread_blocked, id=32515, stack(0x00007000011d0000,0x00007000012d0000)]
  0x00007fe3d39b6000 JavaThread "Java2D Queue Flusher" daemon [_thread_blocked, id=29703, stack(0x00007000010cd000,0x00007000011cd000)]
  0x00007fe3d3868000 JavaThread "Monitor Ctrl-Break" daemon [_thread_in_native, id=18947, stack(0x0000700000f47000,0x0000700001047000)]
  0x00007fe3d2839800 JavaThread "Service Thread" daemon [_thread_blocked, id=17923, stack(0x0000700000d41000,0x0000700000e41000)]
  0x00007fe3d282c800 JavaThread "C1 CompilerThread2" daemon [_thread_blocked, id=17411, stack(0x0000700000c3e000,0x0000700000d3e000)]
  0x00007fe3d3025800 JavaThread "C2 CompilerThread1" daemon [_thread_blocked, id=16899, stack(0x0000700000b3b000,0x0000700000c3b000)]
  0x00007fe3d380d000 JavaThread "C2 CompilerThread0" daemon [_thread_blocked, id=16387, stack(0x0000700000a38000,0x0000700000b38000)]
  0x00007fe3d203c000 JavaThread "Signal Dispatcher" daemon [_thread_blocked, id=14095, stack(0x0000700000935000,0x0000700000a35000)]
  0x00007fe3d3802800 JavaThread "Finalizer" daemon [_thread_blocked, id=12291, stack(0x000070000072c000,0x000070000082c000)]
  0x00007fe3d2829800 JavaThread "Reference Handler" daemon [_thread_blocked, id=11779, stack(0x0000700000629000,0x0000700000729000)]
  0x00007fe3d2004800 JavaThread "main" [_thread_blocked, id=2571, stack(0x00007fff5e01a000,0x00007fff5e81a000)]

Other Threads:
=>0x00007fe3d300d000 VMThread [stack: 0x0000700000526000,0x0000700000626000] [id=11267]

VM state:at safepoint (shutting down)

VM Mutex/Monitor currently owned by a thread:  ([mutex/lock_event])
[0x00007fe3d1f01260] Threads_lock - owner thread: 0x00007fe3d300d000

Heap:
 PSYoungGen      total 40448K, used 17619K [0x00000007aab00000, 0x00000007ada00000, 0x00000007c0000000)
  eden space 32768K, 45% used [0x00000007aab00000,0x00000007ab96e958,0x00000007acb00000)
  from space 7680K, 36% used [0x00000007ad280000,0x00000007ad546360,0x00000007ada00000)
  to   space 7680K, 0% used [0x00000007acb00000,0x00000007acb00000,0x00000007ad280000)
 ParOldGen       total 44032K, used 12202K [0x0000000780000000, 0x0000000782b00000, 0x00000007aab00000)
  object space 44032K, 27% used [0x0000000780000000,0x0000000780beaa48,0x0000000782b00000)
 Metaspace       used 15947K, capacity 16190K, committed 16256K, reserved 1064960K
  class space    used 1581K, capacity 1663K, committed 1664K, reserved 1048576K

Card table byte_map: [0x00000001123c0000,0x00000001125c1000] byte_map_base: 0x000000010e7c0000

Marking Bits: (ParMarkBitMap*) 0x0000000101f59ea0
 Begin Bits: [0x00000001125c1000, 0x00000001135c1000)
 End Bits:   [0x00000001135c1000, 0x00000001145c1000)

Polling page: 0x000000010264d000

CodeCache: size=245760Kb used=7661Kb max_used=7688Kb free=238098Kb
 bounds [0x0000000103000000, 0x00000001037a0000, 0x0000000112000000]
 total_blobs=2602 nmethods=2052 adapters=461
 compilation: enabled

Compilation events (10 events):
Event: 34.067 Thread 0x00007fe3d282c800 nmethod 2065 0x0000000103741b90 code [0x0000000103741d20, 0x00000001037420b0]
Event: 34.134 Thread 0x00007fe3d3025800 nmethod 1614 0x0000000103780490 code [0x0000000103781420, 0x00000001037883d8]
Event: 40.288 Thread 0x00007fe3d282c800 2066       3       java.util.concurrent.locks.AbstractQueuedSynchronizer::release (33 bytes)
Event: 40.289 Thread 0x00007fe3d282c800 nmethod 2066 0x0000000103741610 code [0x00000001037417a0, 0x0000000103741ab8]
Event: 40.289 Thread 0x00007fe3d282c800 2067       3       java.util.concurrent.locks.ReentrantLock$Sync::tryRelease (45 bytes)
Event: 40.289 Thread 0x00007fe3d282c800 nmethod 2067 0x0000000103740d50 code [0x0000000103740ee0, 0x0000000103741488]
Event: 40.289 Thread 0x00007fe3d282c800 2068       3       java.util.concurrent.locks.AbstractQueuedSynchronizer::setState (6 bytes)
Event: 40.289 Thread 0x00007fe3d282c800 nmethod 2068 0x0000000103740490 code [0x00000001037405e0, 0x0000000103740730]
Event: 40.392 Thread 0x00007fe3d282c800 2069       3       java.util.concurrent.locks.ReentrantLock$Sync::nonfairTryAcquire (67 bytes)
Event: 40.393 Thread 0x00007fe3d282c800 nmethod 2069 0x000000010374d490 code [0x000000010374d640, 0x000000010374dd68]

GC Heap History (10 events):
Event: 32.226 GC heap before
{Heap before GC invocations=2 (full 0):
 PSYoungGen      total 18944K, used 18935K [0x00000007aab00000, 0x00000007ac000000, 0x00000007c0000000)
  eden space 16384K, 100% used [0x00000007aab00000,0x00000007abb00000,0x00000007abb00000)
  from space 2560K, 99% used [0x00000007abb00000,0x00000007abd7dcb0,0x00000007abd80000)
  to   space 2560K, 0% used [0x00000007abd80000,0x00000007abd80000,0x00000007ac000000)
 ParOldGen       total 44032K, used 660K [0x0000000780000000, 0x0000000782b00000, 0x00000007aab00000)
  object space 44032K, 1% used [0x0000000780000000,0x00000007800a53c0,0x0000000782b00000)
 Metaspace       used 10315K, capacity 10488K, committed 10752K, reserved 1058816K
  class space    used 1160K, capacity 1214K, committed 1280K, reserved 1048576K
Event: 32.233 GC heap after
Heap after GC invocations=2 (full 0):
 PSYoungGen      total 18944K, used 2545K [0x00000007aab00000, 0x00000007ac000000, 0x00000007c0000000)
  eden space 16384K, 0% used [0x00000007aab00000,0x00000007aab00000,0x00000007abb00000)
  from space 2560K, 99% used [0x00000007abd80000,0x00000007abffc668,0x00000007ac000000)
  to   space 2560K, 0% used [0x00000007abb00000,0x00000007abb00000,0x00000007abd80000)
 ParOldGen       total 44032K, used 4706K [0x0000000780000000, 0x0000000782b00000, 0x00000007aab00000)
  object space 44032K, 10% used [0x0000000780000000,0x0000000780498998,0x0000000782b00000)
 Metaspace       used 10315K, capacity 10488K, committed 10752K, reserved 1058816K
  class space    used 1160K, capacity 1214K, committed 1280K, reserved 1048576K
}
Event: 32.444 GC heap before
{Heap before GC invocations=3 (full 0):
 PSYoungGen      total 18944K, used 18929K [0x00000007aab00000, 0x00000007ac000000, 0x00000007c0000000)
  eden space 16384K, 100% used [0x00000007aab00000,0x00000007abb00000,0x00000007abb00000)
  from space 2560K, 99% used [0x00000007abd80000,0x00000007abffc668,0x00000007ac000000)
  to   space 2560K, 0% used [0x00000007abb00000,0x00000007abb00000,0x00000007abd80000)
 ParOldGen       total 44032K, used 4706K [0x0000000780000000, 0x0000000782b00000, 0x00000007aab00000)
  object space 44032K, 10% used [0x0000000780000000,0x0000000780498998,0x0000000782b00000)
 Metaspace       used 12389K, capacity 12574K, committed 12672K, reserved 1060864K
  class space    used 1330K, capacity 1375K, committed 1408K, reserved 1048576K
Event: 32.449 GC heap after
Heap after GC invocations=3 (full 0):
 PSYoungGen      total 18944K, used 2549K [0x00000007aab00000, 0x00000007ac000000, 0x00000007c0000000)
  eden space 16384K, 0% used [0x00000007aab00000,0x00000007aab00000,0x00000007abb00000)
  from space 2560K, 99% used [0x00000007abb00000,0x00000007abd7d538,0x00000007abd80000)
  to   space 2560K, 0% used [0x00000007abd80000,0x00000007abd80000,0x00000007ac000000)
 ParOldGen       total 44032K, used 7885K [0x0000000780000000, 0x0000000782b00000, 0x00000007aab00000)
  object space 44032K, 17% used [0x0000000780000000,0x00000007807b3678,0x0000000782b00000)
 Metaspace       used 12389K, capacity 12574K, committed 12672K, reserved 1060864K
  class space    used 1330K, capacity 1375K, committed 1408K, reserved 1048576K
}
Event: 32.666 GC heap before
{Heap before GC invocations=4 (full 0):
 PSYoungGen      total 18944K, used 18933K [0x00000007aab00000, 0x00000007ac000000, 0x00000007c0000000)
  eden space 16384K, 100% used [0x00000007aab00000,0x00000007abb00000,0x00000007abb00000)
  from space 2560K, 99% used [0x00000007abb00000,0x00000007abd7d538,0x00000007abd80000)
  to   space 2560K, 0% used [0x00000007abd80000,0x00000007abd80000,0x00000007ac000000)
 ParOldGen       total 44032K, used 7885K [0x0000000780000000, 0x0000000782b00000, 0x00000007aab00000)
  object space 44032K, 17% used [0x0000000780000000,0x00000007807b3678,0x0000000782b00000)
 Metaspace       used 14268K, capacity 14430K, committed 14720K, reserved 1062912K
  class space    used 1475K, capacity 1567K, committed 1664K, reserved 1048576K
Event: 32.672 GC heap after
Heap after GC invocations=4 (full 0):
 PSYoungGen      total 18944K, used 2536K [0x00000007aab00000, 0x00000007ad000000, 0x00000007c0000000)
  eden space 16384K, 0% used [0x00000007aab00000,0x00000007aab00000,0x00000007abb00000)
  from space 2560K, 99% used [0x00000007abd80000,0x00000007abffa210,0x00000007ac000000)
  to   space 2560K, 0% used [0x00000007abb00000,0x00000007abb00000,0x00000007abd80000)
 ParOldGen       total 44032K, used 11064K [0x0000000780000000, 0x0000000782b00000, 0x00000007aab00000)
  object space 44032K, 25% used [0x0000000780000000,0x0000000780ace1c8,0x0000000782b00000)
 Metaspace       used 14268K, capacity 14430K, committed 14720K, reserved 1062912K
  class space    used 1475K, capacity 1567K, committed 1664K, reserved 1048576K
}
Event: 33.044 GC heap before
{Heap before GC invocations=5 (full 0):
 PSYoungGen      total 18944K, used 18920K [0x00000007aab00000, 0x00000007ad000000, 0x00000007c0000000)
  eden space 16384K, 100% used [0x00000007aab00000,0x00000007abb00000,0x00000007abb00000)
  from space 2560K, 99% used [0x00000007abd80000,0x00000007abffa210,0x00000007ac000000)
  to   space 2560K, 0% used [0x00000007abb00000,0x00000007abb00000,0x00000007abd80000)
 ParOldGen       total 44032K, used 11064K [0x0000000780000000, 0x0000000782b00000, 0x00000007aab00000)
  object space 44032K, 25% used [0x0000000780000000,0x0000000780ace1c8,0x0000000782b00000)
 Metaspace       used 15640K, capacity 15870K, committed 16000K, reserved 1062912K
  class space    used 1572K, capacity 1663K, committed 1664K, reserved 1048576K
Event: 33.050 GC heap after
Heap after GC invocations=5 (full 0):
 PSYoungGen      total 18944K, used 2535K [0x00000007aab00000, 0x00000007ada00000, 0x00000007c0000000)
  eden space 16384K, 0% used [0x00000007aab00000,0x00000007aab00000,0x00000007abb00000)
  from space 2560K, 99% used [0x00000007abb00000,0x00000007abd79c48,0x00000007abd80000)
  to   space 7680K, 0% used [0x00000007ad280000,0x00000007ad280000,0x00000007ada00000)
 ParOldGen       total 44032K, used 12202K [0x0000000780000000, 0x0000000782b00000, 0x00000007aab00000)
  object space 44032K, 27% used [0x0000000780000000,0x0000000780beaa48,0x0000000782b00000)
 Metaspace       used 15640K, capacity 15870K, committed 16000K, reserved 1062912K
  class space    used 1572K, capacity 1663K, committed 1664K, reserved 1048576K
}
Event: 33.287 GC heap before
{Heap before GC invocations=6 (full 0):
 PSYoungGen      total 18944K, used 18919K [0x00000007aab00000, 0x00000007ada00000, 0x00000007c0000000)
  eden space 16384K, 100% used [0x00000007aab00000,0x00000007abb00000,0x00000007abb00000)
  from space 2560K, 99% used [0x00000007abb00000,0x00000007abd79c48,0x00000007abd80000)
  to   space 7680K, 0% used [0x00000007ad280000,0x00000007ad280000,0x00000007ada00000)
 ParOldGen       total 44032K, used 12202K [0x0000000780000000, 0x0000000782b00000, 0x00000007aab00000)
  object space 44032K, 27% used [0x0000000780000000,0x0000000780beaa48,0x0000000782b00000)
 Metaspace       used 15838K, capacity 16062K, committed 16256K, reserved 1064960K
  class space    used 1575K, capacity 1663K, committed 1664K, reserved 1048576K
Event: 33.295 GC heap after
Heap after GC invocations=6 (full 0):
 PSYoungGen      total 40448K, used 2840K [0x00000007aab00000, 0x00000007ada00000, 0x00000007c0000000)
  eden space 32768K, 0% used [0x00000007aab00000,0x00000007aab00000,0x00000007acb00000)
  from space 7680K, 36% used [0x00000007ad280000,0x00000007ad546360,0x00000007ada00000)
  to   space 7680K, 0% used [0x00000007acb00000,0x00000007acb00000,0x00000007ad280000)
 ParOldGen       total 44032K, used 12202K [0x0000000780000000, 0x0000000782b00000, 0x00000007aab00000)
  object space 44032K, 27% used [0x0000000780000000,0x0000000780beaa48,0x0000000782b00000)
 Metaspace       used 15838K, capacity 16062K, committed 16256K, reserved 1064960K
  class space    used 1575K, capacity 1663K, committed 1664K, reserved 1048576K
}

Deoptimization events (10 events):
Event: 33.012 Thread 0x00007fe3d2004800 Uncommon trap: reason=predicate action=maybe_recompile pc=0x0000000103600f8c method=org.eclipse.jdt.internal.compiler.parser.Scanner.scanIdentifierOrKeyword()I @ 33
Event: 33.140 Thread 0x00007fe3d2004800 Uncommon trap: reason=unstable_if action=reinterpret pc=0x000000010356de08 method=org.eclipse.jdt.core.dom.DefaultCommentMapper.getCommentIndex(III)I @ 1
Event: 33.140 Thread 0x00007fe3d2004800 Uncommon trap: reason=unstable_if action=reinterpret pc=0x000000010356b8a8 method=org.eclipse.jdt.internal.compiler.util.Util.getLineNumber(I[III)I @ 50
Event: 33.141 Thread 0x00007fe3d2004800 Uncommon trap: reason=unstable_if action=reinterpret pc=0x0000000103556688 method=org.eclipse.jdt.internal.compiler.util.Util.getLineNumber(I[III)I @ 50
Event: 33.347 Thread 0x00007fe3d2004800 Uncommon trap: reason=unstable_if action=reinterpret pc=0x00000001036ef27c method=org.eclipse.jdt.internal.compiler.parser.Scanner.getNextToken()I @ 2694
Event: 33.449 Thread 0x00007fe3d2004800 Uncommon trap: reason=unstable_if action=reinterpret pc=0x0000000103377888 method=org.eclipse.swt.widgets.Control.getDrawing()Z @ 4
Event: 33.449 Thread 0x00007fe3d2004800 Uncommon trap: reason=unstable_if action=reinterpret pc=0x0000000103341d50 method=org.eclipse.swt.widgets.Display.windowProc(JJJ)J @ 826
Event: 33.490 Thread 0x00007fe3d2004800 Uncommon trap: reason=unstable_if action=reinterpret pc=0x0000000103394e4c method=org.eclipse.swt.widgets.Display.windowProc(JJ)J @ 87
Event: 127.280 Thread 0x00007fe3d203c000 Uncommon trap: reason=bimorphic action=maybe_recompile pc=0x0000000103498500 method=java.util.Hashtable.get(Ljava/lang/Object;)Ljava/lang/Object; @ 6
Event: 127.280 Thread 0x00007fe3d203c000 Uncommon trap: reason=bimorphic action=maybe_recompile pc=0x0000000103498500 method=java.util.Hashtable.get(Ljava/lang/Object;)Ljava/lang/Object; @ 6

Internal exceptions (10 events):
Event: 33.399 Thread 0x00007fe3d2004800 Exception <a 'java/lang/ArrayIndexOutOfBoundsException'> (0x00000007ab48c070) thrown at [/Users/java_re/workspace/8-2-build-macosx-x86_64/jdk8u77/6540/hotspot/src/share/vm/runtime/sharedRuntime.cpp, line 605]
Event: 33.403 Thread 0x00007fe3d2004800 Exception <a 'java/lang/ArrayIndexOutOfBoundsException'> (0x00000007ab4ec320) thrown at [/Users/java_re/workspace/8-2-build-macosx-x86_64/jdk8u77/6540/hotspot/src/share/vm/runtime/sharedRuntime.cpp, line 605]
Event: 33.407 Thread 0x00007fe3d2004800 Exception <a 'java/lang/ArrayIndexOutOfBoundsException'> (0x00000007ab5485d0) thrown at [/Users/java_re/workspace/8-2-build-macosx-x86_64/jdk8u77/6540/hotspot/src/share/vm/runtime/sharedRuntime.cpp, line 605]
Event: 33.420 Thread 0x00007fe3d2004800 Exception <a 'java/lang/ArrayIndexOutOfBoundsException'> (0x00000007ab6c2ec8) thrown at [/Users/java_re/workspace/8-2-build-macosx-x86_64/jdk8u77/6540/hotspot/src/share/vm/runtime/sharedRuntime.cpp, line 605]
Event: 33.423 Thread 0x00007fe3d2004800 Exception <a 'java/lang/ArrayIndexOutOfBoundsException'> (0x00000007ab709990) thrown at [/Users/java_re/workspace/8-2-build-macosx-x86_64/jdk8u77/6540/hotspot/src/share/vm/runtime/sharedRuntime.cpp, line 605]
Event: 33.424 Thread 0x00007fe3d2004800 Exception <a 'java/lang/ArrayIndexOutOfBoundsException'> (0x00000007ab7293a0) thrown at [/Users/java_re/workspace/8-2-build-macosx-x86_64/jdk8u77/6540/hotspot/src/share/vm/runtime/sharedRuntime.cpp, line 605]
Event: 33.426 Thread 0x00007fe3d2004800 Exception <a 'java/lang/ArrayIndexOutOfBoundsException'> (0x00000007ab75dea8) thrown at [/Users/java_re/workspace/8-2-build-macosx-x86_64/jdk8u77/6540/hotspot/src/share/vm/runtime/sharedRuntime.cpp, line 605]
Event: 33.433 Thread 0x00007fe3d2004800 Exception <a 'java/lang/ArrayIndexOutOfBoundsException'> (0x00000007ab7fca48) thrown at [/Users/java_re/workspace/8-2-build-macosx-x86_64/jdk8u77/6540/hotspot/src/share/vm/runtime/sharedRuntime.cpp, line 605]
Event: 33.490 Thread 0x00007fe3d2004800 Implicit null exception at 0x0000000103393f3c to 0x0000000103394e2d
Event: 34.440 Thread 0x00007fe3d2004800 Exception <a 'java/lang/ArrayIndexOutOfBoundsException': -1> (0x00000007ab86fe68) thrown at [/Users/java_re/workspace/8-2-build-macosx-x86_64/jdk8u77/6540/hotspot/src/share/vm/interpreter/interpreterRuntime.cpp, line 366]

Events (10 events):
Event: 127.283 Thread 0x00007fe3df173000 Thread added: 0x00007fe3df173000
Event: 127.283 loading class java/util/IdentityHashMap$KeySet
Event: 127.283 loading class java/util/IdentityHashMap$KeySet done
Event: 127.283 loading class java/util/IdentityHashMap$KeyIterator
Event: 127.283 loading class java/util/IdentityHashMap$IdentityHashMapIterator
Event: 127.284 loading class java/util/IdentityHashMap$IdentityHashMapIterator done
Event: 127.284 loading class java/util/IdentityHashMap$KeyIterator done
Event: 127.284 Thread 0x00007fe3df171000 Thread added: 0x00007fe3df171000
Event: 127.284 Thread 0x00007fe3df171000 Thread exited: 0x00007fe3df171000
Event: 127.284 Executing VM operation: Exit


Dynamic libraries:
0x000000000578a000 	/System/Library/Frameworks/Cocoa.framework/Versions/A/Cocoa
0x000000000578a000 	/System/Library/Frameworks/Security.framework/Versions/A/Security
0x000000000578a000 	/System/Library/Frameworks/ApplicationServices.framework/Versions/A/ApplicationServices
0x000000000578a000 	/usr/lib/libz.1.dylib
0x000000000578a000 	/usr/lib/libSystem.B.dylib
0x000000000578a000 	/usr/lib/libobjc.A.dylib
0x000000000578a000 	/System/Library/Frameworks/CoreFoundation.framework/Versions/A/CoreFoundation
0x000000000578a000 	/System/Library/Frameworks/Foundation.framework/Versions/C/Foundation
0x000000000578a000 	/System/Library/Frameworks/AppKit.framework/Versions/C/AppKit
0x000000000578a000 	/System/Library/Frameworks/CoreData.framework/Versions/A/CoreData
0x000000000578a000 	/System/Library/PrivateFrameworks/RemoteViewServices.framework/Versions/A/RemoteViewServices
0x000000000578a000 	/System/Library/PrivateFrameworks/UIFoundation.framework/Versions/A/UIFoundation
0x000000000578a000 	/usr/lib/libScreenReader.dylib
0x000000000578a000 	/System/Library/Frameworks/Accelerate.framework/Versions/A/Accelerate
0x000000000578a000 	/System/Library/Frameworks/IOSurface.framework/Versions/A/IOSurface
0x000000000578a000 	/System/Library/Frameworks/AudioToolbox.framework/Versions/A/AudioToolbox
0x000000000578a000 	/System/Library/Frameworks/AudioUnit.framework/Versions/A/AudioUnit
0x000000000578a000 	/System/Library/PrivateFrameworks/DataDetectorsCore.framework/Versions/A/DataDetectorsCore
0x000000000578a000 	/System/Library/PrivateFrameworks/DesktopServicesPriv.framework/Versions/A/DesktopServicesPriv
0x000000000578a000 	/System/Library/Frameworks/Carbon.framework/Versions/A/Frameworks/HIToolbox.framework/Versions/A/HIToolbox
0x000000000578a000 	/System/Library/Frameworks/QuartzCore.framework/Versions/A/QuartzCore
0x000000000578a000 	/System/Library/Frameworks/Carbon.framework/Versions/A/Frameworks/SpeechRecognition.framework/Versions/A/SpeechRecognition
0x000000000578a000 	/usr/lib/libauto.dylib
0x000000000578a000 	/usr/lib/libicucore.A.dylib
0x000000000578a000 	/usr/lib/libxml2.2.dylib
0x000000000578a000 	/System/Library/PrivateFrameworks/CoreUI.framework/Versions/A/CoreUI
0x000000000578a000 	/System/Library/Frameworks/CoreAudio.framework/Versions/A/CoreAudio
0x000000000578a000 	/System/Library/Frameworks/DiskArbitration.framework/Versions/A/DiskArbitration
0x000000000578a000 	/usr/lib/liblangid.dylib
0x000000000578a000 	/System/Library/PrivateFrameworks/MultitouchSupport.framework/Versions/A/MultitouchSupport
0x000000000578a000 	/System/Library/Frameworks/IOKit.framework/Versions/A/IOKit
0x000000000578a000 	/usr/lib/libDiagnosticMessagesClient.dylib
0x000000000578a000 	/System/Library/Frameworks/CoreServices.framework/Versions/A/CoreServices
0x000000000578a000 	/System/Library/PrivateFrameworks/PerformanceAnalysis.framework/Versions/A/PerformanceAnalysis
0x000000000578a000 	/System/Library/PrivateFrameworks/GenerationalStorage.framework/Versions/A/GenerationalStorage
0x000000000578a000 	/System/Library/Frameworks/OpenGL.framework/Versions/A/OpenGL
0x000000000578a000 	/System/Library/PrivateFrameworks/Sharing.framework/Versions/A/Sharing
0x000000000578a000 	/System/Library/Frameworks/CoreGraphics.framework/Versions/A/CoreGraphics
0x000000000578a000 	/System/Library/Frameworks/CoreImage.framework/Versions/A/CoreImage
0x000000000578a000 	/System/Library/Frameworks/CoreText.framework/Versions/A/CoreText
0x000000000578a000 	/System/Library/Frameworks/ImageIO.framework/Versions/A/ImageIO
0x000000000578a000 	/System/Library/PrivateFrameworks/Backup.framework/Versions/A/Backup
0x000000000578a000 	/usr/lib/libextension.dylib
0x000000000578a000 	/usr/lib/libarchive.2.dylib
0x000000000578a000 	/System/Library/Frameworks/CFNetwork.framework/Versions/A/CFNetwork
0x000000000578a000 	/System/Library/Frameworks/SystemConfiguration.framework/Versions/A/SystemConfiguration
0x000000000578a000 	/usr/lib/libCRFSuite.dylib
0x000000000578a000 	/usr/lib/libc++.1.dylib
0x000000000578a000 	/usr/lib/libc++abi.dylib
0x000000000578a000 	/usr/lib/system/libcache.dylib
0x000000000578a000 	/usr/lib/system/libcommonCrypto.dylib
0x000000000578a000 	/usr/lib/system/libcompiler_rt.dylib
0x000000000578a000 	/usr/lib/system/libcopyfile.dylib
0x000000000578a000 	/usr/lib/system/libcorecrypto.dylib
0x000000000578a000 	/usr/lib/system/libdispatch.dylib
0x000000000578a000 	/usr/lib/system/libdyld.dylib
0x000000000578a000 	/usr/lib/system/libkeymgr.dylib
0x000000000578a000 	/usr/lib/system/liblaunch.dylib
0x000000000578a000 	/usr/lib/system/libmacho.dylib
0x000000000578a000 	/usr/lib/system/libquarantine.dylib
0x000000000578a000 	/usr/lib/system/libremovefile.dylib
0x000000000578a000 	/usr/lib/system/libsystem_asl.dylib
0x000000000578a000 	/usr/lib/system/libsystem_blocks.dylib
0x000000000578a000 	/usr/lib/system/libsystem_c.dylib
0x000000000578a000 	/usr/lib/system/libsystem_configuration.dylib
0x000000000578a000 	/usr/lib/system/libsystem_coreservices.dylib
0x000000000578a000 	/usr/lib/system/libsystem_coretls.dylib
0x000000000578a000 	/usr/lib/system/libsystem_dnssd.dylib
0x000000000578a000 	/usr/lib/system/libsystem_info.dylib
0x000000000578a000 	/usr/lib/system/libsystem_kernel.dylib
0x000000000578a000 	/usr/lib/system/libsystem_m.dylib
0x000000000578a000 	/usr/lib/system/libsystem_malloc.dylib
0x000000000578a000 	/usr/lib/system/libsystem_network.dylib
0x000000000578a000 	/usr/lib/system/libsystem_networkextension.dylib
0x000000000578a000 	/usr/lib/system/libsystem_notify.dylib
0x000000000578a000 	/usr/lib/system/libsystem_platform.dylib
0x000000000578a000 	/usr/lib/system/libsystem_pthread.dylib
0x000000000578a000 	/usr/lib/system/libsystem_sandbox.dylib
0x000000000578a000 	/usr/lib/system/libsystem_secinit.dylib
0x000000000578a000 	/usr/lib/system/libsystem_trace.dylib
0x000000000578a000 	/usr/lib/system/libunc.dylib
0x000000000578a000 	/usr/lib/system/libunwind.dylib
0x000000000578a000 	/usr/lib/system/libxpc.dylib
0x000000000578a000 	/usr/lib/libenergytrace.dylib
0x000000000578a000 	/usr/lib/libbsm.0.dylib
0x000000000578a000 	/usr/lib/system/libkxld.dylib
0x000000000578a000 	/usr/lib/libxar.1.dylib
0x000000000578a000 	/usr/lib/libsqlite3.dylib
0x000000000578a000 	/usr/lib/libpam.2.dylib
0x000000000578a000 	/usr/lib/libOpenScriptingUtil.dylib
0x000000000578a000 	/usr/lib/libbz2.1.0.dylib
0x000000000578a000 	/usr/lib/liblzma.5.dylib
0x000000000578a000 	/System/Library/Frameworks/CoreServices.framework/Versions/A/Frameworks/FSEvents.framework/Versions/A/FSEvents
0x000000000578a000 	/System/Library/Frameworks/CoreServices.framework/Versions/A/Frameworks/CarbonCore.framework/Versions/A/CarbonCore
0x000000000578a000 	/System/Library/Frameworks/CoreServices.framework/Versions/A/Frameworks/Metadata.framework/Versions/A/Metadata
0x000000000578a000 	/System/Library/Frameworks/CoreServices.framework/Versions/A/Frameworks/OSServices.framework/Versions/A/OSServices
0x000000000578a000 	/System/Library/Frameworks/CoreServices.framework/Versions/A/Frameworks/SearchKit.framework/Versions/A/SearchKit
0x000000000578a000 	/System/Library/Frameworks/CoreServices.framework/Versions/A/Frameworks/AE.framework/Versions/A/AE
0x000000000578a000 	/System/Library/Frameworks/CoreServices.framework/Versions/A/Frameworks/LaunchServices.framework/Versions/A/LaunchServices
0x000000000578a000 	/System/Library/Frameworks/CoreServices.framework/Versions/A/Frameworks/DictionaryServices.framework/Versions/A/DictionaryServices
0x000000000578a000 	/System/Library/Frameworks/CoreServices.framework/Versions/A/Frameworks/SharedFileList.framework/Versions/A/SharedFileList
0x000000000578a000 	/System/Library/Frameworks/NetFS.framework/Versions/A/NetFS
0x000000000578a000 	/System/Library/PrivateFrameworks/NetAuth.framework/Versions/A/NetAuth
0x000000000578a000 	/System/Library/PrivateFrameworks/login.framework/Versions/A/Frameworks/loginsupport.framework/Versions/A/loginsupport
0x000000000578a000 	/System/Library/PrivateFrameworks/TCC.framework/Versions/A/TCC
0x000000000578a000 	/usr/lib/libmecabra.dylib
0x000000000578a000 	/System/Library/Frameworks/ApplicationServices.framework/Versions/A/Frameworks/ATS.framework/Versions/A/ATS
0x000000000578a000 	/System/Library/Frameworks/ApplicationServices.framework/Versions/A/Frameworks/ColorSync.framework/Versions/A/ColorSync
0x000000000578a000 	/System/Library/Frameworks/ApplicationServices.framework/Versions/A/Frameworks/HIServices.framework/Versions/A/HIServices
0x000000000578a000 	/System/Library/Frameworks/ApplicationServices.framework/Versions/A/Frameworks/LangAnalysis.framework/Versions/A/LangAnalysis
0x000000000578a000 	/System/Library/Frameworks/ApplicationServices.framework/Versions/A/Frameworks/PrintCore.framework/Versions/A/PrintCore
0x000000000578a000 	/System/Library/Frameworks/ApplicationServices.framework/Versions/A/Frameworks/QD.framework/Versions/A/QD
0x000000000578a000 	/System/Library/Frameworks/ApplicationServices.framework/Versions/A/Frameworks/SpeechSynthesis.framework/Versions/A/SpeechSynthesis
0x000000000578a000 	/System/Library/Frameworks/Metal.framework/Versions/A/Metal
0x000000000578a000 	/System/Library/Frameworks/Accelerate.framework/Versions/A/Frameworks/vImage.framework/Versions/A/vImage
0x000000000578a000 	/System/Library/Frameworks/Accelerate.framework/Versions/A/Frameworks/vecLib.framework/Versions/A/vecLib
0x000000000578a000 	/System/Library/Frameworks/Accelerate.framework/Versions/A/Frameworks/vecLib.framework/Versions/A/libvDSP.dylib
0x000000000578a000 	/System/Library/Frameworks/Accelerate.framework/Versions/A/Frameworks/vecLib.framework/Versions/A/libvMisc.dylib
0x000000000578a000 	/System/Library/Frameworks/Accelerate.framework/Versions/A/Frameworks/vecLib.framework/Versions/A/libLAPACK.dylib
0x000000000578a000 	/System/Library/Frameworks/Accelerate.framework/Versions/A/Frameworks/vecLib.framework/Versions/A/libBLAS.dylib
0x000000000578a000 	/System/Library/Frameworks/Accelerate.framework/Versions/A/Frameworks/vecLib.framework/Versions/A/libLinearAlgebra.dylib
0x000000000578a000 	/System/Library/Frameworks/Accelerate.framework/Versions/A/Frameworks/vecLib.framework/Versions/A/libSparseBLAS.dylib
0x000000000578a000 	/System/Library/PrivateFrameworks/GPUCompiler.framework/libmetal_timestamp.dylib
0x000000000578a000 	/System/Library/Frameworks/OpenGL.framework/Versions/A/Libraries/libCoreFSCache.dylib
0x000000000578a000 	/System/Library/PrivateFrameworks/IOAccelerator.framework/Versions/A/IOAccelerator
0x000000000578a000 	/System/Library/Frameworks/ApplicationServices.framework/Versions/A/Frameworks/ATS.framework/Versions/A/Resources/libFontParser.dylib
0x000000000578a000 	/System/Library/Frameworks/ApplicationServices.framework/Versions/A/Frameworks/ATS.framework/Versions/A/Resources/libFontRegistry.dylib
0x000000000578a000 	/System/Library/PrivateFrameworks/AppleVPA.framework/Versions/A/AppleVPA
0x000000000578a000 	/System/Library/PrivateFrameworks/AppleJPEG.framework/Versions/A/AppleJPEG
0x000000000578a000 	/System/Library/Frameworks/ImageIO.framework/Versions/A/Resources/libJPEG.dylib
0x000000000578a000 	/System/Library/Frameworks/ImageIO.framework/Versions/A/Resources/libTIFF.dylib
0x000000000578a000 	/System/Library/Frameworks/ImageIO.framework/Versions/A/Resources/libPng.dylib
0x000000000578a000 	/System/Library/Frameworks/ImageIO.framework/Versions/A/Resources/libGIF.dylib
0x000000000578a000 	/System/Library/Frameworks/ImageIO.framework/Versions/A/Resources/libJP2.dylib
0x000000000578a000 	/System/Library/Frameworks/ImageIO.framework/Versions/A/Resources/libRadiance.dylib
0x000000000578a000 	/System/Library/Frameworks/CoreVideo.framework/Versions/A/CoreVideo
0x000000000578a000 	/System/Library/Frameworks/OpenGL.framework/Versions/A/Libraries/libGLU.dylib
0x000000000578a000 	/System/Library/Frameworks/OpenGL.framework/Versions/A/Libraries/libGFXShared.dylib
0x000000000578a000 	/System/Library/Frameworks/OpenGL.framework/Versions/A/Libraries/libGL.dylib
0x000000000578a000 	/System/Library/Frameworks/OpenGL.framework/Versions/A/Libraries/libGLImage.dylib
0x000000000578a000 	/System/Library/Frameworks/OpenGL.framework/Versions/A/Libraries/libCVMSPluginSupport.dylib
0x000000000578a000 	/System/Library/Frameworks/OpenGL.framework/Versions/A/Libraries/libCoreVMClient.dylib
0x000000000578a000 	/usr/lib/libcups.2.dylib
0x000000000578a000 	/System/Library/Frameworks/Kerberos.framework/Versions/A/Kerberos
0x000000000578a000 	/System/Library/Frameworks/GSS.framework/Versions/A/GSS
0x000000000578a000 	/usr/lib/libresolv.9.dylib
0x000000000578a000 	/usr/lib/libiconv.2.dylib
0x000000000578a000 	/System/Library/PrivateFrameworks/Heimdal.framework/Versions/A/Heimdal
0x000000000578a000 	/usr/lib/libheimdal-asn1.dylib
0x000000000578a000 	/System/Library/Frameworks/OpenDirectory.framework/Versions/A/OpenDirectory
0x000000000578a000 	/System/Library/PrivateFrameworks/CommonAuth.framework/Versions/A/CommonAuth
0x000000000578a000 	/System/Library/Frameworks/OpenDirectory.framework/Versions/A/Frameworks/CFOpenDirectory.framework/Versions/A/CFOpenDirectory
0x000000000578a000 	/System/Library/Frameworks/SecurityFoundation.framework/Versions/A/SecurityFoundation
0x000000000578a000 	/System/Library/PrivateFrameworks/LanguageModeling.framework/Versions/A/LanguageModeling
0x000000000578a000 	/usr/lib/libmarisa.dylib
0x000000000578a000 	/usr/lib/libChineseTokenizer.dylib
0x000000000578a000 	/usr/lib/libcmph.dylib
0x000000000578a000 	/usr/lib/libcompression.dylib
0x000000000578a000 	/System/Library/Frameworks/ServiceManagement.framework/Versions/A/ServiceManagement
0x000000000578a000 	/usr/lib/libxslt.1.dylib
0x000000000578a000 	/System/Library/Frameworks/Carbon.framework/Versions/A/Frameworks/Ink.framework/Versions/A/Ink
0x000000000578a000 	/usr/lib/libFosl_dynamic.dylib
0x000000000578a000 	/System/Library/PrivateFrameworks/FaceCore.framework/Versions/A/FaceCore
0x000000000578a000 	/System/Library/Frameworks/OpenCL.framework/Versions/A/OpenCL
0x000000000578a000 	/System/Library/PrivateFrameworks/CrashReporterSupport.framework/Versions/A/CrashReporterSupport
0x000000000578a000 	/System/Library/PrivateFrameworks/IconServices.framework/Versions/A/IconServices
0x000000000578a000 	/System/Library/PrivateFrameworks/Apple80211.framework/Versions/A/Apple80211
0x000000000578a000 	/System/Library/Frameworks/CoreWLAN.framework/Versions/A/CoreWLAN
0x000000000578a000 	/System/Library/Frameworks/IOBluetooth.framework/Versions/A/IOBluetooth
0x000000000578a000 	/System/Library/PrivateFrameworks/CoreWiFi.framework/Versions/A/CoreWiFi
0x000000000578a000 	/System/Library/Frameworks/CoreBluetooth.framework/Versions/A/CoreBluetooth
0x000000000578a000 	/System/Library/PrivateFrameworks/ChunkingLibrary.framework/Versions/A/ChunkingLibrary
0x000000000578a000 	/System/Library/PrivateFrameworks/DebugSymbols.framework/Versions/A/DebugSymbols
0x000000000578a000 	/System/Library/PrivateFrameworks/CoreSymbolication.framework/Versions/A/CoreSymbolication
0x000000000578a000 	/System/Library/PrivateFrameworks/Symbolication.framework/Versions/A/Symbolication
0x000000000578a000 	/System/Library/PrivateFrameworks/SpeechRecognitionCore.framework/Versions/A/SpeechRecognitionCore
0x0000000101632000 	/System/Library/CoreServices/Encodings/libSimplifiedChineseConverter.dylib
0x0000000101676000 	/Library/Java/JavaVirtualMachines/jdk1.8.0_77.jdk/Contents/Home/jre/lib/server/libjvm.dylib
0x000000000578a000 	/usr/lib/libstdc++.6.dylib
0x000000010260a000 	/Library/Java/JavaVirtualMachines/jdk1.8.0_77.jdk/Contents/Home/jre/lib/libverify.dylib
0x0000000102618000 	/Library/Java/JavaVirtualMachines/jdk1.8.0_77.jdk/Contents/Home/jre/lib/libjava.dylib
0x0000000102656000 	/Library/Java/JavaVirtualMachines/jdk1.8.0_77.jdk/Contents/Home/jre/lib/libzip.dylib
0x0000000116267000 	/System/Library/Frameworks/JavaVM.framework/Frameworks/JavaRuntimeSupport.framework/JavaRuntimeSupport
0x0000000116282000 	/System/Library/Frameworks/JavaVM.framework/Versions/A/Frameworks/JavaNativeFoundation.framework/Versions/A/JavaNativeFoundation
0x00000001027f2000 	/System/Library/Frameworks/JavaVM.framework/Versions/A/JavaVM
0x000000000578a000 	/System/Library/Frameworks/Carbon.framework/Versions/A/Carbon
0x0000000116297000 	/System/Library/PrivateFrameworks/JavaLaunching.framework/Versions/A/JavaLaunching
0x000000000578a000 	/System/Library/Frameworks/Carbon.framework/Versions/A/Frameworks/CommonPanels.framework/Versions/A/CommonPanels
0x000000000578a000 	/System/Library/Frameworks/Carbon.framework/Versions/A/Frameworks/Help.framework/Versions/A/Help
0x000000000578a000 	/System/Library/Frameworks/Carbon.framework/Versions/A/Frameworks/ImageCapture.framework/Versions/A/ImageCapture
0x000000000578a000 	/System/Library/Frameworks/Carbon.framework/Versions/A/Frameworks/OpenScripting.framework/Versions/A/OpenScripting
0x000000000578a000 	/System/Library/Frameworks/Carbon.framework/Versions/A/Frameworks/Print.framework/Versions/A/Print
0x000000000578a000 	/System/Library/Frameworks/Carbon.framework/Versions/A/Frameworks/SecurityHI.framework/Versions/A/SecurityHI
0x0000000117d72000 	/Applications/IntelliJ IDEA CE.app/Contents/bin/libbreakgen64.jnilib
0x0000000117d75000 	/Library/Java/JavaVirtualMachines/jdk1.8.0_77.jdk/Contents/Home/jre/lib/libnet.dylib
0x0000000117dda000 	/Library/Java/JavaVirtualMachines/jdk1.8.0_77.jdk/Contents/Home/jre/lib/libawt.dylib
0x0000000117e82000 	/Library/Java/JavaVirtualMachines/jdk1.8.0_77.jdk/Contents/Home/jre/lib/./libmlib_image.dylib
0x0000000117f4e000 	/Library/Java/JavaVirtualMachines/jdk1.8.0_77.jdk/Contents/Home/jre/lib/libawt_lwawt.dylib
0x0000000118003000 	/Library/Java/JavaVirtualMachines/jdk1.8.0_77.jdk/Contents/Home/jre/lib/./libosxapp.dylib
0x000000000578a000 	/System/Library/Frameworks/ExceptionHandling.framework/Versions/A/ExceptionHandling
0x000000000578a000 	/System/Library/PrivateFrameworks/CoreServicesInternal.framework/Versions/A/CoreServicesInternal
0x0000000118830000 	/Library/Java/JavaVirtualMachines/jdk1.8.0_77.jdk/Contents/Home/jre/lib/libfontmanager.dylib
0x000000000578a000 	/System/Library/Frameworks/OpenGL.framework/Versions/A/Resources/GLEngine.bundle/GLEngine
0x000000000578a000 	/System/Library/Frameworks/OpenGL.framework/Versions/A/Libraries/libGLProgrammability.dylib
0x0000000118897000 	/System/Library/Extensions/AppleIntelBDWGraphicsGLDriver.bundle/Contents/MacOS/AppleIntelBDWGraphicsGLDriver
0x000000000578a000 	/System/Library/PrivateFrameworks/GPUSupport.framework/Versions/A/Libraries/libGPUSupportMercury.dylib
0x000000000578a000 	/System/Library/Frameworks/OpenGL.framework/Versions/A/Resources/GLRendererFloat.bundle/GLRendererFloat
0x000000000578a000 	/System/Library/Frameworks/OpenCL.framework/Versions/A/Libraries/libcldcpuengine.dylib
0x000000000578a000 	/System/Library/PrivateFrameworks/DiskImages.framework/Versions/A/DiskImages
0x000000000578a000 	/System/Library/Frameworks/DiscRecording.framework/Versions/A/DiscRecording
0x000000000578a000 	/usr/lib/libcsfde.dylib
0x000000000578a000 	/usr/lib/libcurl.4.dylib
0x000000000578a000 	/System/Library/PrivateFrameworks/MediaKit.framework/Versions/A/MediaKit
0x000000000578a000 	/System/Library/PrivateFrameworks/ProtectedCloudStorage.framework/Versions/A/ProtectedCloudStorage
0x000000000578a000 	/usr/lib/libCoreStorage.dylib
0x000000000578a000 	/System/Library/PrivateFrameworks/EFILogin.framework/Versions/A/EFILogin
0x000000000578a000 	/usr/lib/libutil.dylib
0x000000000578a000 	/System/Library/PrivateFrameworks/FindMyDevice.framework/Versions/A/FindMyDevice
0x000000000578a000 	/System/Library/Frameworks/LDAP.framework/Versions/A/LDAP
0x000000000578a000 	/usr/lib/libsasl2.2.dylib
0x000000000578a000 	/System/Library/PrivateFrameworks/CoreDaemon.framework/Versions/B/CoreDaemon
0x000000000578a000 	/usr/lib/libcrypto.0.9.8.dylib
0x000000000578a000 	/System/Library/PrivateFrameworks/AppleSRP.framework/Versions/A/AppleSRP
0x000000000578a000 	/System/Library/PrivateFrameworks/TrustEvaluationAgent.framework/Versions/A/TrustEvaluationAgent
0x0000000119836000 	/Users/Che/.swt/lib/macosx/x86_64/libswt-cocoa-4527.jnilib
0x000000000578a000 	/System/Library/Frameworks/WebKit.framework/Versions/A/WebKit
0x000000000578a000 	/System/Library/Frameworks/JavaScriptCore.framework/Versions/A/JavaScriptCore
0x000000000578a000 	/System/Library/Frameworks/SecurityInterface.framework/Versions/A/SecurityInterface
0x000000000578a000 	/System/Library/Frameworks/WebKit.framework/Versions/A/Frameworks/WebKitLegacy.framework/Versions/A/WebKitLegacy
0x000000000578a000 	/System/Library/Frameworks/WebKit.framework/Versions/A/Frameworks/WebCore.framework/Versions/A/WebCore
0x0000000119903000 	/Users/Che/.swt/lib/macosx/x86_64/libswt-pi-cocoa-4527.jnilib
0x000000000578a000 	/System/Library/Frameworks/CoreGraphics.framework/Versions/A/Resources/libCGXType.A.dylib
0x000000000578a000 	/System/Library/Frameworks/Accelerate.framework/Versions/A/Frameworks/vImage.framework/Versions/A/Libraries/libCGInterfaces.dylib
0x000000012076d000 	/System/Library/Frameworks/ApplicationServices.framework/Frameworks/ATS.framework/Resources/libFontRegistryUI.dylib
0x00000001207fa000 	/System/Library/Frameworks/ApplicationServices.framework/Versions/A/Frameworks/ATS.framework/Versions/A/Resources/ATSHI.dylib
0x000000000578a000 	/System/Library/Frameworks/CoreGraphics.framework/Versions/A/Resources/libRIP.A.dylib
0x000000000578a000 	/System/Library/PrivateFrameworks/FamilyControls.framework/Versions/A/FamilyControls
0x000000000578a000 	/System/Library/PrivateFrameworks/CommerceKit.framework/Versions/A/Frameworks/CommerceCore.framework/Versions/A/CommerceCore
0x000000000578a000 	/System/Library/PrivateFrameworks/SystemAdministration.framework/Versions/A/SystemAdministration
0x000000000578a000 	/System/Library/PrivateFrameworks/AppContainer.framework/Versions/A/AppContainer
0x000000000578a000 	/System/Library/PrivateFrameworks/SecCodeWrapper.framework/Versions/A/SecCodeWrapper
0x000000000578a000 	/System/Library/Frameworks/DirectoryService.framework/Versions/A/DirectoryService
0x000000000578a000 	/System/Library/PrivateFrameworks/LoginUIKit.framework/Versions/A/Frameworks/LoginUICore.framework/Versions/A/LoginUICore
0x000000000578a000 	/usr/lib/libodfde.dylib
0x0000000121a16000 	cl_kernels
0x000000000578a000 	/System/Library/Frameworks/OpenCL.framework/Versions/A/Libraries/ImageFormats/unorm8_bgra.dylib
0x000000000578a000 	/System/Library/Frameworks/OpenCL.framework/Versions/A/Libraries/ImageFormats/unorm8_rgba.dylib
0x000000000578a000 	/System/Library/PrivateFrameworks/FinderKit.framework/Versions/A/FinderKit
0x000000000578a000 	/System/Library/Frameworks/Quartz.framework/Versions/A/Frameworks/QuickLookUI.framework/Versions/A/QuickLookUI
0x000000000578a000 	/System/Library/Frameworks/Quartz.framework/Versions/A/Frameworks/ImageKit.framework/Versions/A/ImageKit
0x000000000578a000 	/System/Library/PrivateFrameworks/Bom.framework/Versions/A/Bom
0x000000000578a000 	/System/Library/Frameworks/QuickLook.framework/Versions/A/QuickLook
0x000000000578a000 	/System/Library/PrivateFrameworks/Suggestions.framework/Versions/A/Suggestions
0x000000000578a000 	/System/Library/PrivateFrameworks/AppleSystemInfo.framework/Versions/A/AppleSystemInfo
0x000000000578a000 	/System/Library/Frameworks/ImageCaptureCore.framework/Versions/A/ImageCaptureCore
0x000000000578a000 	/System/Library/PrivateFrameworks/SafariServices.framework/Versions/A/SafariServices
0x000000000578a000 	/usr/lib/libspindump.dylib
0x000000000578a000 	/System/Library/Frameworks/QTKit.framework/Versions/A/QTKit
0x000000000578a000 	/System/Library/Frameworks/AVFoundation.framework/Versions/A/AVFoundation
0x000000000578a000 	/System/Library/Frameworks/CoreMedia.framework/Versions/A/CoreMedia
0x000000000578a000 	/System/Library/Frameworks/MediaToolbox.framework/Versions/A/MediaToolbox
0x000000000578a000 	/System/Library/Frameworks/VideoToolbox.framework/Versions/A/VideoToolbox
0x000000000578a000 	/System/Library/PrivateFrameworks/CoreMediaAuthoring.framework/Versions/A/CoreMediaAuthoring
0x000000000578a000 	/System/Library/Frameworks/CoreMediaIO.framework/Versions/A/CoreMediaIO
0x000000000578a000 	/System/Library/Frameworks/AVFoundation.framework/Versions/A/Resources/libAVFAudio.dylib
0x000000000578a000 	/System/Library/PrivateFrameworks/CoreAVCHD.framework/Versions/A/CoreAVCHD
0x000000000578a000 	/System/Library/Frameworks/MediaAccessibility.framework/Versions/A/MediaAccessibility
0x000000000578a000 	/System/Library/PrivateFrameworks/Mangrove.framework/Versions/A/Mangrove
0x000000000578a000 	/System/Library/PrivateFrameworks/CoreAUC.framework/Versions/A/CoreAUC
0x000000000578a000 	/System/Library/PrivateFrameworks/AppleVA.framework/Versions/A/AppleVA
0x000000000578a000 	/System/Library/PrivateFrameworks/XPCService.framework/Versions/A/XPCService
0x000000000578a000 	/System/Library/PrivateFrameworks/AppSandbox.framework/Versions/A/AppSandbox
0x000000000578a000 	/usr/lib/libsandbox.1.dylib
0x000000000578a000 	/usr/lib/libMatch.1.dylib
0x000000000578a000 	/System/Library/PrivateFrameworks/DisplayServices.framework/Versions/A/DisplayServices
0x000000000578a000 	/System/Library/Frameworks/Quartz.framework/Versions/A/Frameworks/PDFKit.framework/Versions/A/PDFKit
0x000000000578a000 	/System/Library/Frameworks/Quartz.framework/Versions/A/Frameworks/QuartzComposer.framework/Versions/A/QuartzComposer
0x000000000578a000 	/System/Library/Frameworks/Quartz.framework/Versions/A/Frameworks/QuartzFilters.framework/Versions/A/QuartzFilters
0x000000000578a000 	/System/Library/PrivateFrameworks/CorePDF.framework/Versions/A/CorePDF
0x000000000578a000 	/System/Library/PrivateFrameworks/AppleFSCompression.framework/Versions/A/AppleFSCompression
0x000000000578a000 	/System/Library/Frameworks/AddressBook.framework/Versions/A/AddressBook
0x000000000578a000 	/System/Library/PrivateFrameworks/ContactsPersistence.framework/Versions/A/ContactsPersistence
0x000000000578a000 	/System/Library/PrivateFrameworks/ContactsFoundation.framework/Versions/A/ContactsFoundation
0x000000000578a000 	/System/Library/PrivateFrameworks/vCard.framework/Versions/A/vCard
0x000000000578a000 	/System/Library/PrivateFrameworks/IntlPreferences.framework/Versions/A/IntlPreferences
0x000000000578a000 	/System/Library/PrivateFrameworks/ToneLibrary.framework/Versions/A/ToneLibrary
0x000000000578a000 	/System/Library/PrivateFrameworks/ToneKit.framework/Versions/A/ToneKit
0x000000000578a000 	/System/Library/PrivateFrameworks/ApplePushService.framework/Versions/A/ApplePushService
0x000000000578a000 	/System/Library/PrivateFrameworks/PhoneNumbers.framework/Versions/A/PhoneNumbers
0x000000000578a000 	/System/Library/PrivateFrameworks/ViewBridge.framework/Versions/A/ViewBridge
0x000000000578a000 	/System/Library/Frameworks/Quartz.framework/Versions/A/Quartz
0x000000000578a000 	/System/Library/PrivateFrameworks/CloudDocs.framework/Versions/A/CloudDocs
0x000000000578a000 	/System/Library/PrivateFrameworks/CoreDuet.framework/Versions/A/CoreDuet
0x000000000578a000 	/System/Library/Frameworks/CloudKit.framework/Versions/A/CloudKit
0x000000000578a000 	/System/Library/PrivateFrameworks/ProtocolBuffer.framework/Versions/A/ProtocolBuffer
0x000000000578a000 	/System/Library/PrivateFrameworks/CoreDuetDaemonProtocol.framework/Versions/A/CoreDuetDaemonProtocol
0x000000000578a000 	/System/Library/PrivateFrameworks/CoreDuetDebugLogging.framework/Versions/A/CoreDuetDebugLogging
0x000000000578a000 	/System/Library/PrivateFrameworks/MMCS.framework/Versions/A/MMCS
0x000000000578a000 	/System/Library/Frameworks/CoreLocation.framework/Versions/A/CoreLocation
0x000000000578a000 	/System/Library/PrivateFrameworks/AssetCacheServices.framework/Versions/A/AssetCacheServices
0x000000000578a000 	/System/Library/PrivateFrameworks/GeoServices.framework/Versions/A/GeoServices
0x000000000578a000 	/System/Library/PrivateFrameworks/PlugInKit.framework/Versions/A/PlugInKit
0x000000000578a000 	/System/Library/PrivateFrameworks/CacheDelete.framework/Versions/A/CacheDelete
0x000000000578a000 	/System/Library/CoreServices/RawCamera.bundle/Contents/MacOS/RawCamera
0x0000000122329000 	/System/Library/Frameworks/Security.framework/PlugIns/csparser.bundle/Contents/MacOS/csparser
0x0000000122494000 	/System/Library/Extensions/AppleIntelBDWGraphicsMTLDriver.bundle/Contents/MacOS/AppleIntelBDWGraphicsMTLDriver
0x000000000578a000 	/System/Library/PrivateFrameworks/Shortcut.framework/Versions/A/Shortcut
0x000000000578a000 	/System/Library/PrivateFrameworks/HelpData.framework/Versions/A/HelpData
0x000000000578a000 	/usr/lib/libtidy.A.dylib
0x000000000578a000 	/System/Library/Frameworks/CoreGraphics.framework/Versions/A/Resources/libCGXCoreImage.A.dylib
0x000000012532c000 	cl_kernels
0x00000001248a9000 	/Library/Java/JavaVirtualMachines/jdk1.8.0_77.jdk/Contents/Home/jre/lib/libnio.dylib

VM Arguments:
jvm_args: -Didea.launcher.port=7532 -Didea.launcher.bin.path=/Applications/IntelliJ IDEA CE.app/Contents/bin -Dfile.encoding=UTF-8 
java_command: com.intellij.rt.execution.application.AppMain edu.nju.cs.inform.gui.Retro
java_class_path (initial): /Library/Java/JavaVirtualMachines/jdk1.8.0_77.jdk/Contents/Home/jre/lib/charsets.jar:/Library/Java/JavaVirtualMachines/jdk1.8.0_77.jdk/Contents/Home/jre/lib/deploy.jar:/Library/Java/JavaVirtualMachines/jdk1.8.0_77.jdk/Contents/Home/jre/lib/ext/cldrdata.jar:/Library/Java/JavaVirtualMachines/jdk1.8.0_77.jdk/Contents/Home/jre/lib/ext/dnsns.jar:/Library/Java/JavaVirtualMachines/jdk1.8.0_77.jdk/Contents/Home/jre/lib/ext/jaccess.jar:/Library/Java/JavaVirtualMachines/jdk1.8.0_77.jdk/Contents/Home/jre/lib/ext/jfxrt.jar:/Library/Java/JavaVirtualMachines/jdk1.8.0_77.jdk/Contents/Home/jre/lib/ext/localedata.jar:/Library/Java/JavaVirtualMachines/jdk1.8.0_77.jdk/Contents/Home/jre/lib/ext/nashorn.jar:/Library/Java/JavaVirtualMachines/jdk1.8.0_77.jdk/Contents/Home/jre/lib/ext/sunec.jar:/Library/Java/JavaVirtualMachines/jdk1.8.0_77.jdk/Contents/Home/jre/lib/ext/sunjce_provider.jar:/Library/Java/JavaVirtualMachines/jdk1.8.0_77.jdk/Contents/Home/jre/lib/ext/sunpkcs11.jar:/Library/Java/JavaVirtualMachines/jdk1.8.0_77.jdk/Contents/Home/jre/lib/ext/zipfs.jar:/Library/Java/JavaVirtualMachines/jdk1.8.0_77.jdk/Contents/Home/jre/lib/javaws.jar:/Library/Java/JavaVirtualMachines/jdk1.8.0_77.jdk/Contents/Home/jre/lib/jce.jar:/Library/Java/JavaVirtualMachines/jdk1.8.0_77.jdk/Contents/Home/jre/lib/jfr.jar:/Library/Java/JavaVirtualMachines/jdk1.8.0_77.jdk/Contents/Home/jre/lib/jfxswt.jar:/Library/Java/JavaVirtualMachines/jdk1.8.0_77.jdk/Contents/Home/jre/lib/jsse.jar:/Library/Java/JavaVirtualMachines/jdk1.8.0_77.jdk/Contents/Home/jre/lib/management-agent.jar:/Library/Java/JavaVirtualMachines/jdk1.8.0_77.jdk/Contents/Home/jre/lib/plugin.jar:/Library/Java/JavaVirtualMachines/jdk1.8.0_77.jdk/Contents/Home/jre/lib/resources.jar:/Library/Java/JavaVirtualMachines/jdk1.8.0_77.jdk/Contents/Home/jre/lib/rt.jar:/Library/Java/JavaVirtualMachines/jdk1.8.0_77.jdk/Contents/Home/lib/ant-javafx.jar:/Library/Java/JavaVirtualMachines/jdk1.8.0_77.jdk/Contents/Home/lib/dt.jar:/Library/Ja
Launcher Type: SUN_STANDARD

Environment Variables:
PATH=/usr/local/lib/dnx/runtimes/dnx-coreclr-darwin-x64.1.0.0-rc1-update1/bin:/Users/Che/.dnx/bin:/usr/local/bin:/usr/bin:/bin:/usr/sbin:/sbin
SHELL=/bin/bash

Signal Handlers:
SIGSEGV: [libjvm.dylib+0x5a6855], sa_mask[0]=11111111011111110111111111111111, sa_flags=SA_ONSTACK|SA_RESTART|SA_SIGINFO
SIGBUS: [libjvm.dylib+0x5a6855], sa_mask[0]=11111111011111110111111111111111, sa_flags=SA_RESTART|SA_SIGINFO
SIGFPE: [libjvm.dylib+0x4804ec], sa_mask[0]=11111111011111110111111111111111, sa_flags=SA_RESTART|SA_SIGINFO
SIGPIPE: [libjvm.dylib+0x4804ec], sa_mask[0]=11111111011111110111111111111111, sa_flags=SA_RESTART|SA_SIGINFO
SIGXFSZ: [libjvm.dylib+0x4804ec], sa_mask[0]=11111111011111110111111111111111, sa_flags=SA_RESTART|SA_SIGINFO
SIGILL: [libjvm.dylib+0x4804ec], sa_mask[0]=11111111011111110111111111111111, sa_flags=SA_RESTART|SA_SIGINFO
SIGUSR1: SIG_DFL, sa_mask[0]=00000000000000000000000000000000, sa_flags=none
SIGUSR2: [libjvm.dylib+0x48000a], sa_mask[0]=00100000000000000000000000000000, sa_flags=SA_RESTART|SA_SIGINFO
SIGHUP: [libjvm.dylib+0x47e5e1], sa_mask[0]=11111111011111110111111111111111, sa_flags=SA_RESTART|SA_SIGINFO
SIGINT: [libjvm.dylib+0x47e5e1], sa_mask[0]=11111111011111110111111111111111, sa_flags=SA_RESTART|SA_SIGINFO
SIGTERM: [libjvm.dylib+0x47e5e1], sa_mask[0]=11111111011111110111111111111111, sa_flags=SA_RESTART|SA_SIGINFO
SIGQUIT: [libjvm.dylib+0x47e5e1], sa_mask[0]=11111111011111110111111111111111, sa_flags=SA_RESTART|SA_SIGINFO


---------------  S Y S T E M  ---------------

OS:Bsduname:Darwin 15.3.0 Darwin Kernel Version 15.3.0: Thu Dec 10 18:40:58 PST 2015; root:xnu-3248.30.4~1/RELEASE_X86_64 x86_64
rlimit: STACK 8192k, CORE 0k, NPROC 709, NOFILE 10240, AS infinity
load average:2.39 1.96 1.91

CPU:total 4 (2 cores per cpu, 2 threads per core) family 6 model 61 stepping 4, cmov, cx8, fxsr, mmx, sse, sse2, sse3, ssse3, sse4.1, sse4.2, popcnt, avx, avx2, aes, clmul, erms, 3dnowpref, lzcnt, ht, tsc, tscinvbit, bmi1, bmi2, adx

Memory: 4k page, physical 4194304k(28020k free)

/proc/meminfo:


vm_info: Java HotSpot(TM) 64-Bit Server VM (25.77-b03) for bsd-amd64 JRE (1.8.0_77-b03), built on Mar 20 2016 22:14:03 by "java_re" with gcc 4.2.1 (Based on Apple Inc. build 5658) (LLVM build 2336.11.00)

time: Sun Mar 27 22:28:58 2016
elapsed time: 127 seconds (0d 0h 2m 7s)

