#
# A fatal error has been detected by the Java Runtime Environment:
#
#  SIGSEGV (0xb) at pc=0x000000011cb9dce9, pid=5165, tid=11267
#
# JRE version: Java(TM) SE Runtime Environment (8.0_77-b03) (build 1.8.0_77-b03)
# Java VM: Java HotSpot(TM) 64-Bit Server VM (25.77-b03 mixed mode bsd-amd64 compressed oops)
# Problematic frame:
# C  [libswt-cocoa-4527.jnilib+0x25ce9]  callback+0x297
#
# Failed to write core dump. Core dumps have been disabled. To enable core dumping, try "ulimit -c unlimited" before starting Java again
#
# If you would like to submit a bug report, please visit:
#   http://bugreport.java.com/bugreport/crash.jsp
#

---------------  T H R E A D  ---------------

Current thread (0x00007f959d81d800):  VMThread [stack: 0x0000700000526000,0x0000700000626000] [id=11267]

siginfo: si_signo: 11 (SIGSEGV), si_code: 1 (SEGV_MAPERR), si_addr: 0x0000000000000078

Registers:
RAX=0x0000000000000000, RBX=0x00007f959e5488a0, RCX=0x0000700000625764, RDX=0x0000000000000001
RSP=0x0000700000625790, RBP=0x00007000006258c0, RSI=0x0000000000000000, RDI=0x0000000000000000
R8 =0x0000000000000000, R9 =0x0000000000000000, R10=0x00007f959c257100, R11=0x00007f959bf3f6b0
R12=0x00007fff9032b4c0, R13=0x00007fff9032b4c0, R14=0x0000000000000000, R15=0x0000000000000000
RIP=0x000000011cb9dce9, EFLAGS=0x0000000000010202, ERR=0x0000000000000004
  TRAPNO=0x000000000000000e

Top of Stack: (sp=0x0000700000625790)
0x0000700000625790:   000000011cb9dadb 00007fff7724d2e0
0x00007000006257a0:   00007fff7724d2d8 0000000079ca7208
0x00007000006257b0:   00007fff9b8bd277 00007fff9b00abe8
0x00007000006257c0:   0000000000000000 00007f959d81d9f8
0x00007000006257d0:   00007f959bd1c488 00007f959bc20c08
0x00007000006257e0:   0000000200010000 0000000000000000
0x00007000006257f0:   0000700000625850 00007fff00000000
0x0000700000625800:   ffff806a642706d0 0000000106032000
0x0000700000625810:   00007f959e4d2d60 00007f959bf375d0
0x0000700000625820:   00007fff9b8bec70 0000000000000000
0x0000700000625830:   0000000000000000 0000000000000000
0x0000700000625840:   0000000000000000 00000000000000e0
0x0000700000625850:   0000700000625920 00007fff9032b591
0x0000700000625860:   0000000000000000 0000000000000000
0x0000700000625870:   0000000000000000 0000000000000000
0x0000700000625880:   00007fff9b8bd277 00007f959e5488a0
0x0000700000625890:   00007f959e5a0ce0 00007fff76a5f538
0x00007000006258a0:   0000000000000000 0000000000000000
0x00007000006258b0:   0000000000000000 0000000000000000
0x00007000006258c0:   00007000006258e0 000000011cb7c25e
0x00007000006258d0:   00007fff9b8bec70 00007f959bf375d0
0x00007000006258e0:   0000700000625920 00007fff9b00ac5e
0x00007000006258f0:   0000000049543539 0000000000000000
0x0000700000625900:   0000700000625990 00000000000000f8
0x0000700000625910:   0000000000000000 00000000000000e0
0x0000700000625920:   0000700000625960 00007fff9b17d412
0x0000700000625930:   0000000000000000 00007f959e5488a0
0x0000700000625940:   00000000000000f8 00007fff9032b4c0
0x0000700000625950:   0000000000000000 00007fff7730bb80
0x0000700000625960:   00007000006259e0 00007fff9b17d1e1
0x0000700000625970:   0000000000000000 0000000000000000
0x0000700000625980:   0000000000000000 0000000000000000 

Instructions: (pc=0x000000011cb9dce9)
0x000000011cb9dcc9:   ff ff 01 00 00 00 48 8b 85 08 ff ff ff 48 85 c0
0x000000011cb9dcd9:   0f 84 9f 03 00 00 48 8b 85 08 ff ff ff 48 8b 00
0x000000011cb9dce9:   48 8b 40 78 48 8b bd 08 ff ff ff ff d0 48 89 85
0x000000011cb9dcf9:   30 ff ff ff 48 83 bd 30 ff ff ff 00 74 26 48 8b 

Register to memory mapping:

RAX=0x0000000000000000 is an unknown value
RBX=0x00007f959e5488a0 is an unknown value
RCX=0x0000700000625764 is an unknown value
RDX=0x0000000000000001 is an unknown value
RSP=0x0000700000625790 is an unknown value
RBP=0x00007000006258c0 is an unknown value
RSI=0x0000000000000000 is an unknown value
RDI=0x0000000000000000 is an unknown value
R8 =0x0000000000000000 is an unknown value
R9 =0x0000000000000000 is an unknown value
R10=0x00007f959c257100 is an unknown value
R11=0x00007f959bf3f6b0 is an unknown value
R12=0x00007fff9032b4c0: objc_msgSend+0 in /usr/lib/libobjc.A.dylib at 0x00007fff9032a000
R13=0x00007fff9032b4c0: objc_msgSend+0 in /usr/lib/libobjc.A.dylib at 0x00007fff9032a000
R14=0x0000000000000000 is an unknown value
R15=0x0000000000000000 is an unknown value


Stack: [0x0000700000526000,0x0000700000626000],  sp=0x0000700000625790,  free space=1021k
Native frames: (J=compiled Java code, j=interpreted, Vv=VM code, C=native code)
C  [libswt-cocoa-4527.jnilib+0x25ce9]  callback+0x297
C  [libswt-cocoa-4527.jnilib+0x425e]  fn0_2+0x27
C  [AppKit+0x18ac5e]  -[NSWindow orderWindow:relativeTo:]+0x76
C  [AppKit+0x2fd412]  __18-[NSWindow _close]_block_invoke+0x1eb
C  [AppKit+0x2fd1e1]  -[NSWindow _close]+0x176
C  [FinderKit+0xa649b]  -[FI_TFloatingInputWindowController dealloc]+0x3b
C  [libobjc.A.dylib+0x8288]  _ZN11objc_object17sidetable_releaseEb+0xf2
C  [AppKit+0x58a99]  -[NSWindowController release]+0x9a
C  [FinderKit+0xa6d3a]  _ZN4TRefIP33FI_TFloatingInputWindowController23OBJCRetainReleasePolicyIS1_EED2Ev+0xc
C  [libsystem_c.dylib+0x5f46b]  __cxa_finalize_ranges+0x159
C  [libsystem_c.dylib+0x5f76f]  exit+0x37
V  [libjvm.dylib+0x2e8b06]
V  [libjvm.dylib+0x5adb31]
V  [libjvm.dylib+0x5ac19b]
V  [libjvm.dylib+0x5ac5e8]
V  [libjvm.dylib+0x5abf07]
V  [libjvm.dylib+0x482eda]
C  [libsystem_pthread.dylib+0x399d]  _pthread_body+0x83
C  [libsystem_pthread.dylib+0x391a]  _pthread_body+0x0
C  [libsystem_pthread.dylib+0x1351]  thread_start+0xd

VM_Operation (0x00007000010c6658): Exit, mode: safepoint, requested by thread 0x00007f954f741000


---------------  P R O C E S S  ---------------

Java Threads: ( => current thread )
  0x00007f954f741000 JavaThread "SIGTERM handler" daemon [_thread_blocked, id=72715, stack(0x0000700000fc7000,0x00007000010c7000)]
  0x00007f959d1b4800 JavaThread "Java2D Disposer" daemon [_thread_blocked, id=38675, stack(0x0000700001253000,0x0000700001353000)]
  0x00007f959d0e4000 JavaThread "Java2D Queue Flusher" daemon [_thread_blocked, id=36615, stack(0x0000700001150000,0x0000700001250000)]
  0x00007f959c8c0000 JavaThread "Monitor Ctrl-Break" daemon [_thread_in_native, id=18691, stack(0x0000700000ec4000,0x0000700000fc4000)]
  0x00007f959c025800 JavaThread "Service Thread" daemon [_thread_blocked, id=17667, stack(0x0000700000cbe000,0x0000700000dbe000)]
  0x00007f959d037000 JavaThread "C1 CompilerThread2" daemon [_thread_blocked, id=17155, stack(0x0000700000bbb000,0x0000700000cbb000)]
  0x00007f959d036000 JavaThread "C2 CompilerThread1" daemon [_thread_blocked, id=16643, stack(0x0000700000ab8000,0x0000700000bb8000)]
  0x00007f959c801800 JavaThread "C2 CompilerThread0" daemon [_thread_blocked, id=16131, stack(0x00007000009b5000,0x0000700000ab5000)]
  0x00007f959d80b000 JavaThread "Signal Dispatcher" daemon [_thread_blocked, id=12815, stack(0x00007000008b2000,0x00007000009b2000)]
  0x00007f959c022000 JavaThread "Finalizer" daemon [_thread_blocked, id=12291, stack(0x000070000072c000,0x000070000082c000)]
  0x00007f959c01b800 JavaThread "Reference Handler" daemon [_thread_blocked, id=11779, stack(0x0000700000629000,0x0000700000729000)]
  0x00007f959c800800 JavaThread "main" [_thread_blocked, id=2571, stack(0x00007fff593e9000,0x00007fff59be9000)]

Other Threads:
=>0x00007f959d81d800 VMThread [stack: 0x0000700000526000,0x0000700000626000] [id=11267]

VM state:at safepoint (shutting down)

VM Mutex/Monitor currently owned by a thread:  ([mutex/lock_event])
[0x00007f959bc15390] Threads_lock - owner thread: 0x00007f959d81d800

Heap:
 PSYoungGen      total 220672K, used 133889K [0x00000007aab00000, 0x00000007bdb80000, 0x00000007c0000000)
  eden space 214528K, 62% used [0x00000007aab00000,0x00000007b2ce8568,0x00000007b7c80000)
  from space 6144K, 14% used [0x00000007bd000000,0x00000007bd0d8000,0x00000007bd600000)
  to   space 5632K, 0% used [0x00000007bd600000,0x00000007bd600000,0x00000007bdb80000)
 ParOldGen       total 44032K, used 15696K [0x0000000780000000, 0x0000000782b00000, 0x00000007aab00000)
  object space 44032K, 35% used [0x0000000780000000,0x0000000780f541b0,0x0000000782b00000)
 Metaspace       used 16725K, capacity 16876K, committed 17152K, reserved 1064960K
  class space    used 1625K, capacity 1693K, committed 1792K, reserved 1048576K

Card table byte_map: [0x0000000116f4f000,0x0000000117150000] byte_map_base: 0x000000011334f000

Marking Bits: (ParMarkBitMap*) 0x00000001074e3ea0
 Begin Bits: [0x00000001172a6000, 0x00000001182a6000)
 End Bits:   [0x00000001182a6000, 0x00000001192a6000)

Polling page: 0x00000001063a6000

CodeCache: size=245760Kb used=10739Kb max_used=11468Kb free=235020Kb
 bounds [0x0000000107b8f000, 0x00000001086df000, 0x0000000116b8f000]
 total_blobs=3486 nmethods=2937 adapters=461
 compilation: enabled

Compilation events (10 events):
Event: 49.687 Thread 0x00007f959d037000 3276       3       org.eclipse.swt.widgets.Shell::mouseMoved (47 bytes)
Event: 49.689 Thread 0x00007f959d037000 nmethod 3276 0x0000000108368710 code [0x0000000108368920, 0x0000000108369308]
Event: 49.734 Thread 0x00007f959d037000 3277       3       org.eclipse.swt.widgets.Scrollable::isTrim (84 bytes)
Event: 49.735 Thread 0x00007f959d037000 nmethod 3277 0x0000000107e606d0 code [0x0000000107e60860, 0x0000000107e60bf0]
Event: 49.994 Thread 0x00007f959d037000 3278       3       org.eclipse.swt.widgets.Display::sendPostEvent (64 bytes)
Event: 49.994 Thread 0x00007f959d037000 nmethod 3278 0x0000000107e81c90 code [0x0000000107e81e40, 0x0000000107e822d8]
Event: 49.994 Thread 0x00007f959d037000 3279       3       org.eclipse.swt.widgets.Display::sendPreEvent (64 bytes)
Event: 49.995 Thread 0x00007f959d037000 nmethod 3279 0x0000000107f4e590 code [0x0000000107f4e740, 0x0000000107f4ebd8]
Event: 49.995 Thread 0x00007f959d037000 3280       3       org.eclipse.swt.internal.cocoa.NSEvent::modifierFlags (11 bytes)
Event: 49.995 Thread 0x00007f959d037000 nmethod 3280 0x0000000107d6f5d0 code [0x0000000107d6f740, 0x0000000107d6f8e8]

GC Heap History (10 events):
Event: 46.559 GC heap before
{Heap before GC invocations=17 (full 0):
 PSYoungGen      total 271872K, used 271808K [0x00000007aab00000, 0x00000007be780000, 0x00000007c0000000)
  eden space 270848K, 100% used [0x00000007aab00000,0x00000007bb380000,0x00000007bb380000)
  from space 1024K, 93% used [0x00000007be680000,0x00000007be770000,0x00000007be780000)
  to   space 6656K, 0% used [0x00000007bda80000,0x00000007bda80000,0x00000007be100000)
 ParOldGen       total 44032K, used 15624K [0x0000000780000000, 0x0000000782b00000, 0x00000007aab00000)
  object space 44032K, 35% used [0x0000000780000000,0x0000000780f421b0,0x0000000782b00000)
 Metaspace       used 16643K, capacity 16780K, committed 17024K, reserved 1064960K
  class space    used 1620K, capacity 1661K, committed 1664K, reserved 1048576K
Event: 46.561 GC heap after
Heap after GC invocations=17 (full 0):
 PSYoungGen      total 260096K, used 1344K [0x00000007aab00000, 0x00000007be700000, 0x00000007c0000000)
  eden space 258560K, 0% used [0x00000007aab00000,0x00000007aab00000,0x00000007ba780000)
  from space 1536K, 87% used [0x00000007bda80000,0x00000007bdbd0000,0x00000007bdc00000)
  to   space 6656K, 0% used [0x00000007be080000,0x00000007be080000,0x00000007be700000)
 ParOldGen       total 44032K, used 15640K [0x0000000780000000, 0x0000000782b00000, 0x00000007aab00000)
  object space 44032K, 35% used [0x0000000780000000,0x0000000780f461b0,0x0000000782b00000)
 Metaspace       used 16643K, capacity 16780K, committed 17024K, reserved 1064960K
  class space    used 1620K, capacity 1661K, committed 1664K, reserved 1048576K
}
Event: 47.036 GC heap before
{Heap before GC invocations=18 (full 0):
 PSYoungGen      total 260096K, used 259904K [0x00000007aab00000, 0x00000007be700000, 0x00000007c0000000)
  eden space 258560K, 100% used [0x00000007aab00000,0x00000007ba780000,0x00000007ba780000)
  from space 1536K, 87% used [0x00000007bda80000,0x00000007bdbd0000,0x00000007bdc00000)
  to   space 6656K, 0% used [0x00000007be080000,0x00000007be080000,0x00000007be700000)
 ParOldGen       total 44032K, used 15640K [0x0000000780000000, 0x0000000782b00000, 0x00000007aab00000)
  object space 44032K, 35% used [0x0000000780000000,0x0000000780f461b0,0x0000000782b00000)
 Metaspace       used 16644K, capacity 16780K, committed 17024K, reserved 1064960K
  class space    used 1620K, capacity 1661K, committed 1664K, reserved 1048576K
Event: 47.037 GC heap after
Heap after GC invocations=18 (full 0):
 PSYoungGen      total 247808K, used 800K [0x00000007aab00000, 0x00000007be180000, 0x00000007c0000000)
  eden space 246784K, 0% used [0x00000007aab00000,0x00000007aab00000,0x00000007b9c00000)
  from space 1024K, 78% used [0x00000007be080000,0x00000007be148000,0x00000007be180000)
  to   space 6144K, 0% used [0x00000007bd580000,0x00000007bd580000,0x00000007bdb80000)
 ParOldGen       total 44032K, used 15656K [0x0000000780000000, 0x0000000782b00000, 0x00000007aab00000)
  object space 44032K, 35% used [0x0000000780000000,0x0000000780f4a1b0,0x0000000782b00000)
 Metaspace       used 16644K, capacity 16780K, committed 17024K, reserved 1064960K
  class space    used 1620K, capacity 1661K, committed 1664K, reserved 1048576K
}
Event: 47.491 GC heap before
{Heap before GC invocations=19 (full 0):
 PSYoungGen      total 247808K, used 247584K [0x00000007aab00000, 0x00000007be180000, 0x00000007c0000000)
  eden space 246784K, 100% used [0x00000007aab00000,0x00000007b9c00000,0x00000007b9c00000)
  from space 1024K, 78% used [0x00000007be080000,0x00000007be148000,0x00000007be180000)
  to   space 6144K, 0% used [0x00000007bd580000,0x00000007bd580000,0x00000007bdb80000)
 ParOldGen       total 44032K, used 15656K [0x0000000780000000, 0x0000000782b00000, 0x00000007aab00000)
  object space 44032K, 35% used [0x0000000780000000,0x0000000780f4a1b0,0x0000000782b00000)
 Metaspace       used 16646K, capacity 16780K, committed 17024K, reserved 1064960K
  class space    used 1620K, capacity 1661K, committed 1664K, reserved 1048576K
Event: 47.492 GC heap after
Heap after GC invocations=19 (full 0):
 PSYoungGen      total 236032K, used 448K [0x00000007aab00000, 0x00000007be100000, 0x00000007c0000000)
  eden space 235520K, 0% used [0x00000007aab00000,0x00000007aab00000,0x00000007b9100000)
  from space 512K, 87% used [0x00000007bd580000,0x00000007bd5f0000,0x00000007bd600000)
  to   space 6144K, 0% used [0x00000007bdb00000,0x00000007bdb00000,0x00000007be100000)
 ParOldGen       total 44032K, used 15664K [0x0000000780000000, 0x0000000782b00000, 0x00000007aab00000)
  object space 44032K, 35% used [0x0000000780000000,0x0000000780f4c1b0,0x0000000782b00000)
 Metaspace       used 16646K, capacity 16780K, committed 17024K, reserved 1064960K
  class space    used 1620K, capacity 1661K, committed 1664K, reserved 1048576K
}
Event: 47.924 GC heap before
{Heap before GC invocations=20 (full 0):
 PSYoungGen      total 236032K, used 235968K [0x00000007aab00000, 0x00000007be100000, 0x00000007c0000000)
  eden space 235520K, 100% used [0x00000007aab00000,0x00000007b9100000,0x00000007b9100000)
  from space 512K, 87% used [0x00000007bd580000,0x00000007bd5f0000,0x00000007bd600000)
  to   space 6144K, 0% used [0x00000007bdb00000,0x00000007bdb00000,0x00000007be100000)
 ParOldGen       total 44032K, used 15664K [0x0000000780000000, 0x0000000782b00000, 0x00000007aab00000)
  object space 44032K, 35% used [0x0000000780000000,0x0000000780f4c1b0,0x0000000782b00000)
 Metaspace       used 16646K, capacity 16780K, committed 17024K, reserved 1064960K
  class space    used 1620K, capacity 1661K, committed 1664K, reserved 1048576K
Event: 47.926 GC heap after
Heap after GC invocations=20 (full 0):
 PSYoungGen      total 225792K, used 736K [0x00000007aab00000, 0x00000007bdc00000, 0x00000007c0000000)
  eden space 224768K, 0% used [0x00000007aab00000,0x00000007aab00000,0x00000007b8680000)
  from space 1024K, 71% used [0x00000007bdb00000,0x00000007bdbb8000,0x00000007bdc00000)
  to   space 6144K, 0% used [0x00000007bd000000,0x00000007bd000000,0x00000007bd600000)
 ParOldGen       total 44032K, used 15680K [0x0000000780000000, 0x0000000782b00000, 0x00000007aab00000)
  object space 44032K, 35% used [0x0000000780000000,0x0000000780f501b0,0x0000000782b00000)
 Metaspace       used 16646K, capacity 16780K, committed 17024K, reserved 1064960K
  class space    used 1620K, capacity 1661K, committed 1664K, reserved 1048576K
}
Event: 48.348 GC heap before
{Heap before GC invocations=21 (full 0):
 PSYoungGen      total 225792K, used 225504K [0x00000007aab00000, 0x00000007bdc00000, 0x00000007c0000000)
  eden space 224768K, 100% used [0x00000007aab00000,0x00000007b8680000,0x00000007b8680000)
  from space 1024K, 71% used [0x00000007bdb00000,0x00000007bdbb8000,0x00000007bdc00000)
  to   space 6144K, 0% used [0x00000007bd000000,0x00000007bd000000,0x00000007bd600000)
 ParOldGen       total 44032K, used 15680K [0x0000000780000000, 0x0000000782b00000, 0x00000007aab00000)
  object space 44032K, 35% used [0x0000000780000000,0x0000000780f501b0,0x0000000782b00000)
 Metaspace       used 16646K, capacity 16780K, committed 17024K, reserved 1064960K
  class space    used 1620K, capacity 1661K, committed 1664K, reserved 1048576K
Event: 48.349 GC heap after
Heap after GC invocations=21 (full 0):
 PSYoungGen      total 220672K, used 864K [0x00000007aab00000, 0x00000007bdb80000, 0x00000007c0000000)
  eden space 214528K, 0% used [0x00000007aab00000,0x00000007aab00000,0x00000007b7c80000)
  from space 6144K, 14% used [0x00000007bd000000,0x00000007bd0d8000,0x00000007bd600000)
  to   space 5632K, 0% used [0x00000007bd600000,0x00000007bd600000,0x00000007bdb80000)
 ParOldGen       total 44032K, used 15696K [0x0000000780000000, 0x0000000782b00000, 0x00000007aab00000)
  object space 44032K, 35% used [0x0000000780000000,0x0000000780f541b0,0x0000000782b00000)
 Metaspace       used 16646K, capacity 16780K, committed 17024K, reserved 1064960K
  class space    used 1620K, capacity 1661K, committed 1664K, reserved 1048576K
}

Deoptimization events (10 events):
Event: 35.789 Thread 0x00007f959c800800 Uncommon trap: reason=class_check action=maybe_recompile pc=0x0000000107e2e968 method=org.eclipse.swt.widgets.Display.windowProc(JJJ)J @ 783
Event: 35.789 Thread 0x00007f959c800800 Uncommon trap: reason=class_check action=maybe_recompile pc=0x0000000107e2eb14 method=org.eclipse.swt.widgets.Display.windowProc(JJJ)J @ 425
Event: 35.799 Thread 0x00007f959c800800 Uncommon trap: reason=unstable_if action=reinterpret pc=0x0000000107e2dffc method=org.eclipse.swt.widgets.Display.windowProc(JJJ)J @ 864
Event: 38.766 Thread 0x00007f959c800800 Uncommon trap: reason=class_check action=maybe_recompile pc=0x0000000107d533d8 method=java.lang.String.equals(Ljava/lang/Object;)Z @ 8
Event: 38.793 Thread 0x00007f959c800800 Uncommon trap: reason=unstable_if action=reinterpret pc=0x00000001080a1cac method=java.util.Properties.loadConvert([CII[C)Ljava/lang/String; @ 445
Event: 38.793 Thread 0x00007f959c800800 Uncommon trap: reason=unstable_if action=reinterpret pc=0x00000001080b4874 method=java.util.Properties$LineReader.readLine()I @ 180
Event: 39.069 Thread 0x00007f959c800800 Uncommon trap: reason=unstable_if action=reinterpret pc=0x0000000108263c34 method=java.util.ArrayList.isEmpty()Z @ 4
Event: 42.151 Thread 0x00007f959c800800 Uncommon trap: reason=unstable_if action=reinterpret pc=0x000000010857f1b0 method=edu.nju.cs.inform.core.ir.VSM.ComputeSimilarities(Ledu/nju/cs/inform/core/type/TermDocumentMatrix;Ledu/nju/cs/inform/core/type/TermDocumentMatrix;)Ledu/nju/cs/inform/core/ty
Event: 109.435 Thread 0x00007f959d80b000 Uncommon trap: reason=bimorphic action=maybe_recompile pc=0x00000001084a7294 method=java.util.Hashtable.get(Ljava/lang/Object;)Ljava/lang/Object; @ 6
Event: 109.435 Thread 0x00007f959d80b000 Uncommon trap: reason=bimorphic action=maybe_recompile pc=0x00000001084a7294 method=java.util.Hashtable.get(Ljava/lang/Object;)Ljava/lang/Object; @ 6

Internal exceptions (10 events):
Event: 32.445 Thread 0x00007f959c800800 Exception <a 'java/lang/ArrayIndexOutOfBoundsException'> (0x00000007aeebb458) thrown at [/Users/java_re/workspace/8-2-build-macosx-x86_64/jdk8u77/6540/hotspot/src/share/vm/runtime/sharedRuntime.cpp, line 605]
Event: 32.446 Thread 0x00007f959c800800 Exception <a 'java/lang/ArrayIndexOutOfBoundsException'> (0x00000007aeee8e48) thrown at [/Users/java_re/workspace/8-2-build-macosx-x86_64/jdk8u77/6540/hotspot/src/share/vm/runtime/sharedRuntime.cpp, line 605]
Event: 32.450 Thread 0x00007f959c800800 Exception <a 'java/lang/ArrayIndexOutOfBoundsException'> (0x00000007aef40610) thrown at [/Users/java_re/workspace/8-2-build-macosx-x86_64/jdk8u77/6540/hotspot/src/share/vm/runtime/sharedRuntime.cpp, line 605]
Event: 32.452 Thread 0x00007f959c800800 Exception <a 'java/lang/ArrayIndexOutOfBoundsException'> (0x00000007aefc66a0) thrown at [/Users/java_re/workspace/8-2-build-macosx-x86_64/jdk8u77/6540/hotspot/src/share/vm/runtime/sharedRuntime.cpp, line 605]
Event: 32.463 Thread 0x00007f959c800800 Exception <a 'java/lang/ArrayIndexOutOfBoundsException'> (0x00000007af155cb8) thrown at [/Users/java_re/workspace/8-2-build-macosx-x86_64/jdk8u77/6540/hotspot/src/share/vm/runtime/sharedRuntime.cpp, line 605]
Event: 32.466 Thread 0x00007f959c800800 Exception <a 'java/lang/ArrayIndexOutOfBoundsException'> (0x00000007af18bcf0) thrown at [/Users/java_re/workspace/8-2-build-macosx-x86_64/jdk8u77/6540/hotspot/src/share/vm/runtime/sharedRuntime.cpp, line 605]
Event: 32.467 Thread 0x00007f959c800800 Exception <a 'java/lang/ArrayIndexOutOfBoundsException'> (0x00000007af1aa8b8) thrown at [/Users/java_re/workspace/8-2-build-macosx-x86_64/jdk8u77/6540/hotspot/src/share/vm/runtime/sharedRuntime.cpp, line 605]
Event: 32.469 Thread 0x00007f959c800800 Exception <a 'java/lang/ArrayIndexOutOfBoundsException'> (0x00000007af1f09e0) thrown at [/Users/java_re/workspace/8-2-build-macosx-x86_64/jdk8u77/6540/hotspot/src/share/vm/runtime/sharedRuntime.cpp, line 605]
Event: 32.473 Thread 0x00007f959c800800 Exception <a 'java/lang/ArrayIndexOutOfBoundsException'> (0x00000007af271278) thrown at [/Users/java_re/workspace/8-2-build-macosx-x86_64/jdk8u77/6540/hotspot/src/share/vm/runtime/sharedRuntime.cpp, line 605]
Event: 49.995 Thread 0x00007f959c800800 Exception <a 'java/lang/ArrayIndexOutOfBoundsException': -1> (0x00000007b20a9650) thrown at [/Users/java_re/workspace/8-2-build-macosx-x86_64/jdk8u77/6540/hotspot/src/share/vm/interpreter/interpreterRuntime.cpp, line 366]

Events (10 events):
Event: 109.440 Thread 0x00007f954f741000 Thread added: 0x00007f954f741000
Event: 109.441 loading class java/util/IdentityHashMap$KeySet
Event: 109.442 loading class java/util/IdentityHashMap$KeySet done
Event: 109.442 loading class java/util/IdentityHashMap$KeyIterator
Event: 109.443 loading class java/util/IdentityHashMap$IdentityHashMapIterator
Event: 109.443 loading class java/util/IdentityHashMap$IdentityHashMapIterator done
Event: 109.443 loading class java/util/IdentityHashMap$KeyIterator done
Event: 109.443 Thread 0x00007f959c42c800 Thread added: 0x00007f959c42c800
Event: 109.444 Thread 0x00007f959c42c800 Thread exited: 0x00007f959c42c800
Event: 109.444 Executing VM operation: Exit


Dynamic libraries:
0x0000000005824000 	/System/Library/Frameworks/Cocoa.framework/Versions/A/Cocoa
0x0000000005824000 	/System/Library/Frameworks/Security.framework/Versions/A/Security
0x0000000005824000 	/System/Library/Frameworks/ApplicationServices.framework/Versions/A/ApplicationServices
0x0000000005824000 	/usr/lib/libz.1.dylib
0x0000000005824000 	/usr/lib/libSystem.B.dylib
0x0000000005824000 	/usr/lib/libobjc.A.dylib
0x0000000005824000 	/System/Library/Frameworks/CoreFoundation.framework/Versions/A/CoreFoundation
0x0000000005824000 	/System/Library/Frameworks/Foundation.framework/Versions/C/Foundation
0x0000000005824000 	/System/Library/Frameworks/AppKit.framework/Versions/C/AppKit
0x0000000005824000 	/System/Library/Frameworks/CoreData.framework/Versions/A/CoreData
0x0000000005824000 	/System/Library/PrivateFrameworks/RemoteViewServices.framework/Versions/A/RemoteViewServices
0x0000000005824000 	/System/Library/PrivateFrameworks/UIFoundation.framework/Versions/A/UIFoundation
0x0000000005824000 	/usr/lib/libScreenReader.dylib
0x0000000005824000 	/System/Library/Frameworks/Accelerate.framework/Versions/A/Accelerate
0x0000000005824000 	/System/Library/Frameworks/IOSurface.framework/Versions/A/IOSurface
0x0000000005824000 	/System/Library/Frameworks/AudioToolbox.framework/Versions/A/AudioToolbox
0x0000000005824000 	/System/Library/Frameworks/AudioUnit.framework/Versions/A/AudioUnit
0x0000000005824000 	/System/Library/PrivateFrameworks/DataDetectorsCore.framework/Versions/A/DataDetectorsCore
0x0000000005824000 	/System/Library/PrivateFrameworks/DesktopServicesPriv.framework/Versions/A/DesktopServicesPriv
0x0000000005824000 	/System/Library/Frameworks/Carbon.framework/Versions/A/Frameworks/HIToolbox.framework/Versions/A/HIToolbox
0x0000000005824000 	/System/Library/Frameworks/QuartzCore.framework/Versions/A/QuartzCore
0x0000000005824000 	/System/Library/Frameworks/Carbon.framework/Versions/A/Frameworks/SpeechRecognition.framework/Versions/A/SpeechRecognition
0x0000000005824000 	/usr/lib/libauto.dylib
0x0000000005824000 	/usr/lib/libicucore.A.dylib
0x0000000005824000 	/usr/lib/libxml2.2.dylib
0x0000000005824000 	/System/Library/PrivateFrameworks/CoreUI.framework/Versions/A/CoreUI
0x0000000005824000 	/System/Library/Frameworks/CoreAudio.framework/Versions/A/CoreAudio
0x0000000005824000 	/System/Library/Frameworks/DiskArbitration.framework/Versions/A/DiskArbitration
0x0000000005824000 	/usr/lib/liblangid.dylib
0x0000000005824000 	/System/Library/PrivateFrameworks/MultitouchSupport.framework/Versions/A/MultitouchSupport
0x0000000005824000 	/System/Library/Frameworks/IOKit.framework/Versions/A/IOKit
0x0000000005824000 	/usr/lib/libDiagnosticMessagesClient.dylib
0x0000000005824000 	/System/Library/Frameworks/CoreServices.framework/Versions/A/CoreServices
0x0000000005824000 	/System/Library/PrivateFrameworks/PerformanceAnalysis.framework/Versions/A/PerformanceAnalysis
0x0000000005824000 	/System/Library/PrivateFrameworks/GenerationalStorage.framework/Versions/A/GenerationalStorage
0x0000000005824000 	/System/Library/Frameworks/OpenGL.framework/Versions/A/OpenGL
0x0000000005824000 	/System/Library/PrivateFrameworks/Sharing.framework/Versions/A/Sharing
0x0000000005824000 	/System/Library/Frameworks/CoreGraphics.framework/Versions/A/CoreGraphics
0x0000000005824000 	/System/Library/Frameworks/CoreImage.framework/Versions/A/CoreImage
0x0000000005824000 	/System/Library/Frameworks/CoreText.framework/Versions/A/CoreText
0x0000000005824000 	/System/Library/Frameworks/ImageIO.framework/Versions/A/ImageIO
0x0000000005824000 	/System/Library/PrivateFrameworks/Backup.framework/Versions/A/Backup
0x0000000005824000 	/usr/lib/libextension.dylib
0x0000000005824000 	/usr/lib/libarchive.2.dylib
0x0000000005824000 	/System/Library/Frameworks/CFNetwork.framework/Versions/A/CFNetwork
0x0000000005824000 	/System/Library/Frameworks/SystemConfiguration.framework/Versions/A/SystemConfiguration
0x0000000005824000 	/usr/lib/libCRFSuite.dylib
0x0000000005824000 	/usr/lib/libc++.1.dylib
0x0000000005824000 	/usr/lib/libc++abi.dylib
0x0000000005824000 	/usr/lib/system/libcache.dylib
0x0000000005824000 	/usr/lib/system/libcommonCrypto.dylib
0x0000000005824000 	/usr/lib/system/libcompiler_rt.dylib
0x0000000005824000 	/usr/lib/system/libcopyfile.dylib
0x0000000005824000 	/usr/lib/system/libcorecrypto.dylib
0x0000000005824000 	/usr/lib/system/libdispatch.dylib
0x0000000005824000 	/usr/lib/system/libdyld.dylib
0x0000000005824000 	/usr/lib/system/libkeymgr.dylib
0x0000000005824000 	/usr/lib/system/liblaunch.dylib
0x0000000005824000 	/usr/lib/system/libmacho.dylib
0x0000000005824000 	/usr/lib/system/libquarantine.dylib
0x0000000005824000 	/usr/lib/system/libremovefile.dylib
0x0000000005824000 	/usr/lib/system/libsystem_asl.dylib
0x0000000005824000 	/usr/lib/system/libsystem_blocks.dylib
0x0000000005824000 	/usr/lib/system/libsystem_c.dylib
0x0000000005824000 	/usr/lib/system/libsystem_configuration.dylib
0x0000000005824000 	/usr/lib/system/libsystem_coreservices.dylib
0x0000000005824000 	/usr/lib/system/libsystem_coretls.dylib
0x0000000005824000 	/usr/lib/system/libsystem_dnssd.dylib
0x0000000005824000 	/usr/lib/system/libsystem_info.dylib
0x0000000005824000 	/usr/lib/system/libsystem_kernel.dylib
0x0000000005824000 	/usr/lib/system/libsystem_m.dylib
0x0000000005824000 	/usr/lib/system/libsystem_malloc.dylib
0x0000000005824000 	/usr/lib/system/libsystem_network.dylib
0x0000000005824000 	/usr/lib/system/libsystem_networkextension.dylib
0x0000000005824000 	/usr/lib/system/libsystem_notify.dylib
0x0000000005824000 	/usr/lib/system/libsystem_platform.dylib
0x0000000005824000 	/usr/lib/system/libsystem_pthread.dylib
0x0000000005824000 	/usr/lib/system/libsystem_sandbox.dylib
0x0000000005824000 	/usr/lib/system/libsystem_secinit.dylib
0x0000000005824000 	/usr/lib/system/libsystem_trace.dylib
0x0000000005824000 	/usr/lib/system/libunc.dylib
0x0000000005824000 	/usr/lib/system/libunwind.dylib
0x0000000005824000 	/usr/lib/system/libxpc.dylib
0x0000000005824000 	/usr/lib/libenergytrace.dylib
0x0000000005824000 	/usr/lib/libbsm.0.dylib
0x0000000005824000 	/usr/lib/system/libkxld.dylib
0x0000000005824000 	/usr/lib/libxar.1.dylib
0x0000000005824000 	/usr/lib/libsqlite3.dylib
0x0000000005824000 	/usr/lib/libpam.2.dylib
0x0000000005824000 	/usr/lib/libOpenScriptingUtil.dylib
0x0000000005824000 	/usr/lib/libbz2.1.0.dylib
0x0000000005824000 	/usr/lib/liblzma.5.dylib
0x0000000005824000 	/System/Library/Frameworks/CoreServices.framework/Versions/A/Frameworks/FSEvents.framework/Versions/A/FSEvents
0x0000000005824000 	/System/Library/Frameworks/CoreServices.framework/Versions/A/Frameworks/CarbonCore.framework/Versions/A/CarbonCore
0x0000000005824000 	/System/Library/Frameworks/CoreServices.framework/Versions/A/Frameworks/Metadata.framework/Versions/A/Metadata
0x0000000005824000 	/System/Library/Frameworks/CoreServices.framework/Versions/A/Frameworks/OSServices.framework/Versions/A/OSServices
0x0000000005824000 	/System/Library/Frameworks/CoreServices.framework/Versions/A/Frameworks/SearchKit.framework/Versions/A/SearchKit
0x0000000005824000 	/System/Library/Frameworks/CoreServices.framework/Versions/A/Frameworks/AE.framework/Versions/A/AE
0x0000000005824000 	/System/Library/Frameworks/CoreServices.framework/Versions/A/Frameworks/LaunchServices.framework/Versions/A/LaunchServices
0x0000000005824000 	/System/Library/Frameworks/CoreServices.framework/Versions/A/Frameworks/DictionaryServices.framework/Versions/A/DictionaryServices
0x0000000005824000 	/System/Library/Frameworks/CoreServices.framework/Versions/A/Frameworks/SharedFileList.framework/Versions/A/SharedFileList
0x0000000005824000 	/System/Library/Frameworks/NetFS.framework/Versions/A/NetFS
0x0000000005824000 	/System/Library/PrivateFrameworks/NetAuth.framework/Versions/A/NetAuth
0x0000000005824000 	/System/Library/PrivateFrameworks/login.framework/Versions/A/Frameworks/loginsupport.framework/Versions/A/loginsupport
0x0000000005824000 	/System/Library/PrivateFrameworks/TCC.framework/Versions/A/TCC
0x0000000005824000 	/usr/lib/libmecabra.dylib
0x0000000005824000 	/System/Library/Frameworks/ApplicationServices.framework/Versions/A/Frameworks/ATS.framework/Versions/A/ATS
0x0000000005824000 	/System/Library/Frameworks/ApplicationServices.framework/Versions/A/Frameworks/ColorSync.framework/Versions/A/ColorSync
0x0000000005824000 	/System/Library/Frameworks/ApplicationServices.framework/Versions/A/Frameworks/HIServices.framework/Versions/A/HIServices
0x0000000005824000 	/System/Library/Frameworks/ApplicationServices.framework/Versions/A/Frameworks/LangAnalysis.framework/Versions/A/LangAnalysis
0x0000000005824000 	/System/Library/Frameworks/ApplicationServices.framework/Versions/A/Frameworks/PrintCore.framework/Versions/A/PrintCore
0x0000000005824000 	/System/Library/Frameworks/ApplicationServices.framework/Versions/A/Frameworks/QD.framework/Versions/A/QD
0x0000000005824000 	/System/Library/Frameworks/ApplicationServices.framework/Versions/A/Frameworks/SpeechSynthesis.framework/Versions/A/SpeechSynthesis
0x0000000005824000 	/System/Library/Frameworks/Metal.framework/Versions/A/Metal
0x0000000005824000 	/System/Library/Frameworks/Accelerate.framework/Versions/A/Frameworks/vImage.framework/Versions/A/vImage
0x0000000005824000 	/System/Library/Frameworks/Accelerate.framework/Versions/A/Frameworks/vecLib.framework/Versions/A/vecLib
0x0000000005824000 	/System/Library/Frameworks/Accelerate.framework/Versions/A/Frameworks/vecLib.framework/Versions/A/libvDSP.dylib
0x0000000005824000 	/System/Library/Frameworks/Accelerate.framework/Versions/A/Frameworks/vecLib.framework/Versions/A/libvMisc.dylib
0x0000000005824000 	/System/Library/Frameworks/Accelerate.framework/Versions/A/Frameworks/vecLib.framework/Versions/A/libLAPACK.dylib
0x0000000005824000 	/System/Library/Frameworks/Accelerate.framework/Versions/A/Frameworks/vecLib.framework/Versions/A/libBLAS.dylib
0x0000000005824000 	/System/Library/Frameworks/Accelerate.framework/Versions/A/Frameworks/vecLib.framework/Versions/A/libLinearAlgebra.dylib
0x0000000005824000 	/System/Library/Frameworks/Accelerate.framework/Versions/A/Frameworks/vecLib.framework/Versions/A/libSparseBLAS.dylib
0x0000000005824000 	/System/Library/PrivateFrameworks/GPUCompiler.framework/libmetal_timestamp.dylib
0x0000000005824000 	/System/Library/Frameworks/OpenGL.framework/Versions/A/Libraries/libCoreFSCache.dylib
0x0000000005824000 	/System/Library/PrivateFrameworks/IOAccelerator.framework/Versions/A/IOAccelerator
0x0000000005824000 	/System/Library/Frameworks/ApplicationServices.framework/Versions/A/Frameworks/ATS.framework/Versions/A/Resources/libFontParser.dylib
0x0000000005824000 	/System/Library/Frameworks/ApplicationServices.framework/Versions/A/Frameworks/ATS.framework/Versions/A/Resources/libFontRegistry.dylib
0x0000000005824000 	/System/Library/PrivateFrameworks/AppleVPA.framework/Versions/A/AppleVPA
0x0000000005824000 	/System/Library/PrivateFrameworks/AppleJPEG.framework/Versions/A/AppleJPEG
0x0000000005824000 	/System/Library/Frameworks/ImageIO.framework/Versions/A/Resources/libJPEG.dylib
0x0000000005824000 	/System/Library/Frameworks/ImageIO.framework/Versions/A/Resources/libTIFF.dylib
0x0000000005824000 	/System/Library/Frameworks/ImageIO.framework/Versions/A/Resources/libPng.dylib
0x0000000005824000 	/System/Library/Frameworks/ImageIO.framework/Versions/A/Resources/libGIF.dylib
0x0000000005824000 	/System/Library/Frameworks/ImageIO.framework/Versions/A/Resources/libJP2.dylib
0x0000000005824000 	/System/Library/Frameworks/ImageIO.framework/Versions/A/Resources/libRadiance.dylib
0x0000000005824000 	/System/Library/Frameworks/CoreVideo.framework/Versions/A/CoreVideo
0x0000000005824000 	/System/Library/Frameworks/OpenGL.framework/Versions/A/Libraries/libGLU.dylib
0x0000000005824000 	/System/Library/Frameworks/OpenGL.framework/Versions/A/Libraries/libGFXShared.dylib
0x0000000005824000 	/System/Library/Frameworks/OpenGL.framework/Versions/A/Libraries/libGL.dylib
0x0000000005824000 	/System/Library/Frameworks/OpenGL.framework/Versions/A/Libraries/libGLImage.dylib
0x0000000005824000 	/System/Library/Frameworks/OpenGL.framework/Versions/A/Libraries/libCVMSPluginSupport.dylib
0x0000000005824000 	/System/Library/Frameworks/OpenGL.framework/Versions/A/Libraries/libCoreVMClient.dylib
0x0000000005824000 	/usr/lib/libcups.2.dylib
0x0000000005824000 	/System/Library/Frameworks/Kerberos.framework/Versions/A/Kerberos
0x0000000005824000 	/System/Library/Frameworks/GSS.framework/Versions/A/GSS
0x0000000005824000 	/usr/lib/libresolv.9.dylib
0x0000000005824000 	/usr/lib/libiconv.2.dylib
0x0000000005824000 	/System/Library/PrivateFrameworks/Heimdal.framework/Versions/A/Heimdal
0x0000000005824000 	/usr/lib/libheimdal-asn1.dylib
0x0000000005824000 	/System/Library/Frameworks/OpenDirectory.framework/Versions/A/OpenDirectory
0x0000000005824000 	/System/Library/PrivateFrameworks/CommonAuth.framework/Versions/A/CommonAuth
0x0000000005824000 	/System/Library/Frameworks/OpenDirectory.framework/Versions/A/Frameworks/CFOpenDirectory.framework/Versions/A/CFOpenDirectory
0x0000000005824000 	/System/Library/Frameworks/SecurityFoundation.framework/Versions/A/SecurityFoundation
0x0000000005824000 	/System/Library/PrivateFrameworks/LanguageModeling.framework/Versions/A/LanguageModeling
0x0000000005824000 	/usr/lib/libmarisa.dylib
0x0000000005824000 	/usr/lib/libChineseTokenizer.dylib
0x0000000005824000 	/usr/lib/libcmph.dylib
0x0000000005824000 	/usr/lib/libcompression.dylib
0x0000000005824000 	/System/Library/Frameworks/ServiceManagement.framework/Versions/A/ServiceManagement
0x0000000005824000 	/usr/lib/libxslt.1.dylib
0x0000000005824000 	/System/Library/Frameworks/Carbon.framework/Versions/A/Frameworks/Ink.framework/Versions/A/Ink
0x0000000005824000 	/usr/lib/libFosl_dynamic.dylib
0x0000000005824000 	/System/Library/PrivateFrameworks/FaceCore.framework/Versions/A/FaceCore
0x0000000005824000 	/System/Library/Frameworks/OpenCL.framework/Versions/A/OpenCL
0x0000000005824000 	/System/Library/PrivateFrameworks/CrashReporterSupport.framework/Versions/A/CrashReporterSupport
0x0000000005824000 	/System/Library/PrivateFrameworks/IconServices.framework/Versions/A/IconServices
0x0000000005824000 	/System/Library/PrivateFrameworks/Apple80211.framework/Versions/A/Apple80211
0x0000000005824000 	/System/Library/Frameworks/CoreWLAN.framework/Versions/A/CoreWLAN
0x0000000005824000 	/System/Library/Frameworks/IOBluetooth.framework/Versions/A/IOBluetooth
0x0000000005824000 	/System/Library/PrivateFrameworks/CoreWiFi.framework/Versions/A/CoreWiFi
0x0000000005824000 	/System/Library/Frameworks/CoreBluetooth.framework/Versions/A/CoreBluetooth
0x0000000005824000 	/System/Library/PrivateFrameworks/ChunkingLibrary.framework/Versions/A/ChunkingLibrary
0x0000000005824000 	/System/Library/PrivateFrameworks/DebugSymbols.framework/Versions/A/DebugSymbols
0x0000000005824000 	/System/Library/PrivateFrameworks/CoreSymbolication.framework/Versions/A/CoreSymbolication
0x0000000005824000 	/System/Library/PrivateFrameworks/Symbolication.framework/Versions/A/Symbolication
0x0000000005824000 	/System/Library/PrivateFrameworks/SpeechRecognitionCore.framework/Versions/A/SpeechRecognitionCore
0x0000000106263000 	/System/Library/CoreServices/Encodings/libSimplifiedChineseConverter.dylib
0x0000000106c00000 	/Library/Java/JavaVirtualMachines/jdk1.8.0_77.jdk/Contents/Home/jre/lib/server/libjvm.dylib
0x00000001062ab000 	/usr/lib/libstdc++.6.dylib
0x0000000106363000 	/Library/Java/JavaVirtualMachines/jdk1.8.0_77.jdk/Contents/Home/jre/lib/libverify.dylib
0x0000000106371000 	/Library/Java/JavaVirtualMachines/jdk1.8.0_77.jdk/Contents/Home/jre/lib/libjava.dylib
0x00000001063af000 	/Library/Java/JavaVirtualMachines/jdk1.8.0_77.jdk/Contents/Home/jre/lib/libzip.dylib
0x000000011af4c000 	/System/Library/Frameworks/JavaVM.framework/Frameworks/JavaRuntimeSupport.framework/JavaRuntimeSupport
0x000000011af67000 	/System/Library/Frameworks/JavaVM.framework/Versions/A/Frameworks/JavaNativeFoundation.framework/Versions/A/JavaNativeFoundation
0x000000011af7c000 	/System/Library/Frameworks/JavaVM.framework/Versions/A/JavaVM
0x0000000005824000 	/System/Library/Frameworks/Carbon.framework/Versions/A/Carbon
0x000000011af89000 	/System/Library/PrivateFrameworks/JavaLaunching.framework/Versions/A/JavaLaunching
0x0000000005824000 	/System/Library/Frameworks/Carbon.framework/Versions/A/Frameworks/CommonPanels.framework/Versions/A/CommonPanels
0x0000000005824000 	/System/Library/Frameworks/Carbon.framework/Versions/A/Frameworks/Help.framework/Versions/A/Help
0x0000000005824000 	/System/Library/Frameworks/Carbon.framework/Versions/A/Frameworks/ImageCapture.framework/Versions/A/ImageCapture
0x0000000005824000 	/System/Library/Frameworks/Carbon.framework/Versions/A/Frameworks/OpenScripting.framework/Versions/A/OpenScripting
0x0000000005824000 	/System/Library/Frameworks/Carbon.framework/Versions/A/Frameworks/Print.framework/Versions/A/Print
0x0000000005824000 	/System/Library/Frameworks/Carbon.framework/Versions/A/Frameworks/SecurityHI.framework/Versions/A/SecurityHI
0x000000011cadc000 	/Applications/IntelliJ IDEA CE.app/Contents/bin/libbreakgen64.jnilib
0x000000011cadf000 	/Library/Java/JavaVirtualMachines/jdk1.8.0_77.jdk/Contents/Home/jre/lib/libnet.dylib
0x000000011cb78000 	/Users/Che/.swt/lib/macosx/x86_64/libswt-cocoa-4527.jnilib
0x0000000005824000 	/System/Library/Frameworks/WebKit.framework/Versions/A/WebKit
0x0000000005824000 	/System/Library/Frameworks/JavaScriptCore.framework/Versions/A/JavaScriptCore
0x0000000005824000 	/System/Library/Frameworks/SecurityInterface.framework/Versions/A/SecurityInterface
0x0000000005824000 	/System/Library/Frameworks/WebKit.framework/Versions/A/Frameworks/WebKitLegacy.framework/Versions/A/WebKitLegacy
0x0000000005824000 	/System/Library/Frameworks/WebKit.framework/Versions/A/Frameworks/WebCore.framework/Versions/A/WebCore
0x000000011cc45000 	/Users/Che/.swt/lib/macosx/x86_64/libswt-pi-cocoa-4527.jnilib
0x0000000005824000 	/System/Library/PrivateFrameworks/CoreServicesInternal.framework/Versions/A/CoreServicesInternal
0x0000000005824000 	/System/Library/Frameworks/CoreGraphics.framework/Versions/A/Resources/libCGXType.A.dylib
0x000000011d5e3000 	/System/Library/Frameworks/Accelerate.framework/Frameworks/vImage.framework/Versions/A/Libraries/libCGInterfaces.dylib
0x0000000122d62000 	/Library/Java/JavaVirtualMachines/jdk1.8.0_77.jdk/Contents/Home/jre/lib/libawt.dylib
0x0000000122e0a000 	/Library/Java/JavaVirtualMachines/jdk1.8.0_77.jdk/Contents/Home/jre/lib/./libmlib_image.dylib
0x0000000122ed6000 	/Library/Java/JavaVirtualMachines/jdk1.8.0_77.jdk/Contents/Home/jre/lib/libawt_lwawt.dylib
0x0000000122f8b000 	/Library/Java/JavaVirtualMachines/jdk1.8.0_77.jdk/Contents/Home/jre/lib/./libosxapp.dylib
0x0000000005824000 	/System/Library/Frameworks/ExceptionHandling.framework/Versions/A/ExceptionHandling
0x0000000122fa7000 	/Library/Java/JavaVirtualMachines/jdk1.8.0_77.jdk/Contents/Home/jre/lib/libfontmanager.dylib
0x00000001230d2000 	/System/Library/Frameworks/OpenGL.framework/Resources/GLEngine.bundle/GLEngine
0x0000000005824000 	/System/Library/Frameworks/OpenGL.framework/Versions/A/Libraries/libGLProgrammability.dylib
0x00000001232ba000 	/System/Library/Extensions/AppleIntelBDWGraphicsGLDriver.bundle/Contents/MacOS/AppleIntelBDWGraphicsGLDriver
0x0000000005824000 	/System/Library/PrivateFrameworks/GPUSupport.framework/Versions/A/Libraries/libGPUSupportMercury.dylib
0x0000000123a04000 	/System/Library/Frameworks/OpenGL.framework/Resources//GLRendererFloat.bundle/GLRendererFloat
0x0000000005824000 	/System/Library/Frameworks/OpenCL.framework/Versions/A/Libraries/libcldcpuengine.dylib
0x0000000005824000 	/System/Library/PrivateFrameworks/DiskImages.framework/Versions/A/DiskImages
0x0000000005824000 	/System/Library/Frameworks/DiscRecording.framework/Versions/A/DiscRecording
0x0000000005824000 	/usr/lib/libcsfde.dylib
0x0000000005824000 	/usr/lib/libcurl.4.dylib
0x0000000005824000 	/System/Library/PrivateFrameworks/MediaKit.framework/Versions/A/MediaKit
0x0000000005824000 	/System/Library/PrivateFrameworks/ProtectedCloudStorage.framework/Versions/A/ProtectedCloudStorage
0x0000000005824000 	/usr/lib/libCoreStorage.dylib
0x0000000005824000 	/System/Library/PrivateFrameworks/EFILogin.framework/Versions/A/EFILogin
0x0000000005824000 	/usr/lib/libutil.dylib
0x0000000005824000 	/System/Library/PrivateFrameworks/FindMyDevice.framework/Versions/A/FindMyDevice
0x0000000005824000 	/System/Library/Frameworks/LDAP.framework/Versions/A/LDAP
0x0000000005824000 	/usr/lib/libsasl2.2.dylib
0x0000000005824000 	/System/Library/PrivateFrameworks/CoreDaemon.framework/Versions/B/CoreDaemon
0x0000000005824000 	/usr/lib/libcrypto.0.9.8.dylib
0x0000000005824000 	/System/Library/PrivateFrameworks/AppleSRP.framework/Versions/A/AppleSRP
0x0000000005824000 	/System/Library/PrivateFrameworks/TrustEvaluationAgent.framework/Versions/A/TrustEvaluationAgent
0x0000000005824000 	/System/Library/PrivateFrameworks/FamilyControls.framework/Versions/A/FamilyControls
0x0000000005824000 	/System/Library/PrivateFrameworks/CommerceKit.framework/Versions/A/Frameworks/CommerceCore.framework/Versions/A/CommerceCore
0x0000000005824000 	/System/Library/PrivateFrameworks/SystemAdministration.framework/Versions/A/SystemAdministration
0x0000000005824000 	/System/Library/PrivateFrameworks/AppContainer.framework/Versions/A/AppContainer
0x0000000005824000 	/System/Library/PrivateFrameworks/SecCodeWrapper.framework/Versions/A/SecCodeWrapper
0x0000000005824000 	/System/Library/Frameworks/DirectoryService.framework/Versions/A/DirectoryService
0x0000000005824000 	/System/Library/PrivateFrameworks/LoginUIKit.framework/Versions/A/Frameworks/LoginUICore.framework/Versions/A/LoginUICore
0x0000000005824000 	/usr/lib/libodfde.dylib
0x0000000005824000 	/System/Library/Frameworks/CoreGraphics.framework/Versions/A/Resources/libRIP.A.dylib
0x000000012675d000 	cl_kernels
0x0000000005824000 	/System/Library/Frameworks/OpenCL.framework/Versions/A/Libraries/ImageFormats/unorm8_bgra.dylib
0x0000000005824000 	/System/Library/Frameworks/OpenCL.framework/Versions/A/Libraries/ImageFormats/unorm8_rgba.dylib
0x0000000005824000 	/System/Library/PrivateFrameworks/FinderKit.framework/Versions/A/FinderKit
0x0000000005824000 	/System/Library/Frameworks/Quartz.framework/Versions/A/Frameworks/QuickLookUI.framework/Versions/A/QuickLookUI
0x0000000005824000 	/System/Library/Frameworks/Quartz.framework/Versions/A/Frameworks/ImageKit.framework/Versions/A/ImageKit
0x0000000005824000 	/System/Library/PrivateFrameworks/Bom.framework/Versions/A/Bom
0x0000000005824000 	/System/Library/Frameworks/QuickLook.framework/Versions/A/QuickLook
0x0000000005824000 	/System/Library/PrivateFrameworks/Suggestions.framework/Versions/A/Suggestions
0x0000000005824000 	/System/Library/PrivateFrameworks/AppleSystemInfo.framework/Versions/A/AppleSystemInfo
0x0000000005824000 	/System/Library/Frameworks/ImageCaptureCore.framework/Versions/A/ImageCaptureCore
0x0000000005824000 	/System/Library/PrivateFrameworks/SafariServices.framework/Versions/A/SafariServices
0x0000000005824000 	/usr/lib/libspindump.dylib
0x0000000005824000 	/System/Library/Frameworks/QTKit.framework/Versions/A/QTKit
0x0000000005824000 	/System/Library/Frameworks/AVFoundation.framework/Versions/A/AVFoundation
0x0000000005824000 	/System/Library/Frameworks/CoreMedia.framework/Versions/A/CoreMedia
0x0000000005824000 	/System/Library/Frameworks/MediaToolbox.framework/Versions/A/MediaToolbox
0x0000000005824000 	/System/Library/Frameworks/VideoToolbox.framework/Versions/A/VideoToolbox
0x0000000005824000 	/System/Library/PrivateFrameworks/CoreMediaAuthoring.framework/Versions/A/CoreMediaAuthoring
0x0000000005824000 	/System/Library/Frameworks/CoreMediaIO.framework/Versions/A/CoreMediaIO
0x0000000005824000 	/System/Library/Frameworks/AVFoundation.framework/Versions/A/Resources/libAVFAudio.dylib
0x0000000005824000 	/System/Library/PrivateFrameworks/CoreAVCHD.framework/Versions/A/CoreAVCHD
0x0000000005824000 	/System/Library/Frameworks/MediaAccessibility.framework/Versions/A/MediaAccessibility
0x0000000005824000 	/System/Library/PrivateFrameworks/Mangrove.framework/Versions/A/Mangrove
0x0000000005824000 	/System/Library/PrivateFrameworks/CoreAUC.framework/Versions/A/CoreAUC
0x0000000005824000 	/System/Library/PrivateFrameworks/AppleVA.framework/Versions/A/AppleVA
0x0000000005824000 	/System/Library/PrivateFrameworks/XPCService.framework/Versions/A/XPCService
0x0000000005824000 	/System/Library/PrivateFrameworks/AppSandbox.framework/Versions/A/AppSandbox
0x0000000005824000 	/usr/lib/libsandbox.1.dylib
0x0000000005824000 	/usr/lib/libMatch.1.dylib
0x0000000005824000 	/System/Library/PrivateFrameworks/DisplayServices.framework/Versions/A/DisplayServices
0x0000000005824000 	/System/Library/Frameworks/Quartz.framework/Versions/A/Frameworks/PDFKit.framework/Versions/A/PDFKit
0x0000000005824000 	/System/Library/Frameworks/Quartz.framework/Versions/A/Frameworks/QuartzComposer.framework/Versions/A/QuartzComposer
0x0000000005824000 	/System/Library/Frameworks/Quartz.framework/Versions/A/Frameworks/QuartzFilters.framework/Versions/A/QuartzFilters
0x0000000005824000 	/System/Library/PrivateFrameworks/CorePDF.framework/Versions/A/CorePDF
0x0000000005824000 	/System/Library/PrivateFrameworks/AppleFSCompression.framework/Versions/A/AppleFSCompression
0x0000000005824000 	/System/Library/Frameworks/AddressBook.framework/Versions/A/AddressBook
0x0000000005824000 	/System/Library/PrivateFrameworks/ContactsPersistence.framework/Versions/A/ContactsPersistence
0x0000000005824000 	/System/Library/PrivateFrameworks/ContactsFoundation.framework/Versions/A/ContactsFoundation
0x0000000005824000 	/System/Library/PrivateFrameworks/vCard.framework/Versions/A/vCard
0x0000000005824000 	/System/Library/PrivateFrameworks/IntlPreferences.framework/Versions/A/IntlPreferences
0x0000000005824000 	/System/Library/PrivateFrameworks/ToneLibrary.framework/Versions/A/ToneLibrary
0x0000000005824000 	/System/Library/PrivateFrameworks/ToneKit.framework/Versions/A/ToneKit
0x0000000005824000 	/System/Library/PrivateFrameworks/ApplePushService.framework/Versions/A/ApplePushService
0x0000000005824000 	/System/Library/PrivateFrameworks/PhoneNumbers.framework/Versions/A/PhoneNumbers
0x0000000005824000 	/System/Library/PrivateFrameworks/ViewBridge.framework/Versions/A/ViewBridge
0x0000000005824000 	/System/Library/Frameworks/Quartz.framework/Versions/A/Quartz
0x0000000005824000 	/System/Library/PrivateFrameworks/CloudDocs.framework/Versions/A/CloudDocs
0x0000000005824000 	/System/Library/PrivateFrameworks/CoreDuet.framework/Versions/A/CoreDuet
0x0000000005824000 	/System/Library/Frameworks/CloudKit.framework/Versions/A/CloudKit
0x0000000005824000 	/System/Library/PrivateFrameworks/ProtocolBuffer.framework/Versions/A/ProtocolBuffer
0x0000000005824000 	/System/Library/PrivateFrameworks/CoreDuetDaemonProtocol.framework/Versions/A/CoreDuetDaemonProtocol
0x0000000005824000 	/System/Library/PrivateFrameworks/CoreDuetDebugLogging.framework/Versions/A/CoreDuetDebugLogging
0x0000000005824000 	/System/Library/PrivateFrameworks/MMCS.framework/Versions/A/MMCS
0x0000000005824000 	/System/Library/Frameworks/CoreLocation.framework/Versions/A/CoreLocation
0x0000000005824000 	/System/Library/PrivateFrameworks/AssetCacheServices.framework/Versions/A/AssetCacheServices
0x0000000005824000 	/System/Library/PrivateFrameworks/GeoServices.framework/Versions/A/GeoServices
0x0000000005824000 	/System/Library/PrivateFrameworks/PlugInKit.framework/Versions/A/PlugInKit
0x0000000005824000 	/System/Library/CoreServices/RawCamera.bundle/Contents/MacOS/RawCamera
0x0000000005824000 	/System/Library/PrivateFrameworks/CacheDelete.framework/Versions/A/CacheDelete
0x00000001272e0000 	/System/Library/Frameworks/Security.framework/PlugIns/csparser.bundle/Contents/MacOS/csparser
0x0000000127871000 	/System/Library/Extensions/AppleIntelBDWGraphicsMTLDriver.bundle/Contents/MacOS/AppleIntelBDWGraphicsMTLDriver
0x0000000005824000 	/System/Library/PrivateFrameworks/Shortcut.framework/Versions/A/Shortcut
0x0000000005824000 	/System/Library/PrivateFrameworks/HelpData.framework/Versions/A/HelpData
0x0000000005824000 	/usr/lib/libtidy.A.dylib
0x0000000005824000 	/System/Library/Frameworks/CoreGraphics.framework/Versions/A/Resources/libCGXCoreImage.A.dylib
0x00000001286cc000 	cl_kernels
0x0000000127373000 	/Library/Java/JavaVirtualMachines/jdk1.8.0_77.jdk/Contents/Home/jre/lib/libnio.dylib

VM Arguments:
jvm_args: -Didea.launcher.port=7533 -Didea.launcher.bin.path=/Applications/IntelliJ IDEA CE.app/Contents/bin -Dfile.encoding=UTF-8 
java_command: com.intellij.rt.execution.application.AppMain edu.nju.cs.inform.gui.Retro
java_class_path (initial): /Library/Java/JavaVirtualMachines/jdk1.8.0_77.jdk/Contents/Home/jre/lib/charsets.jar:/Library/Java/JavaVirtualMachines/jdk1.8.0_77.jdk/Contents/Home/jre/lib/deploy.jar:/Library/Java/JavaVirtualMachines/jdk1.8.0_77.jdk/Contents/Home/jre/lib/ext/cldrdata.jar:/Library/Java/JavaVirtualMachines/jdk1.8.0_77.jdk/Contents/Home/jre/lib/ext/dnsns.jar:/Library/Java/JavaVirtualMachines/jdk1.8.0_77.jdk/Contents/Home/jre/lib/ext/jaccess.jar:/Library/Java/JavaVirtualMachines/jdk1.8.0_77.jdk/Contents/Home/jre/lib/ext/jfxrt.jar:/Library/Java/JavaVirtualMachines/jdk1.8.0_77.jdk/Contents/Home/jre/lib/ext/localedata.jar:/Library/Java/JavaVirtualMachines/jdk1.8.0_77.jdk/Contents/Home/jre/lib/ext/nashorn.jar:/Library/Java/JavaVirtualMachines/jdk1.8.0_77.jdk/Contents/Home/jre/lib/ext/sunec.jar:/Library/Java/JavaVirtualMachines/jdk1.8.0_77.jdk/Contents/Home/jre/lib/ext/sunjce_provider.jar:/Library/Java/JavaVirtualMachines/jdk1.8.0_77.jdk/Contents/Home/jre/lib/ext/sunpkcs11.jar:/Library/Java/JavaVirtualMachines/jdk1.8.0_77.jdk/Contents/Home/jre/lib/ext/zipfs.jar:/Library/Java/JavaVirtualMachines/jdk1.8.0_77.jdk/Contents/Home/jre/lib/javaws.jar:/Library/Java/JavaVirtualMachines/jdk1.8.0_77.jdk/Contents/Home/jre/lib/jce.jar:/Library/Java/JavaVirtualMachines/jdk1.8.0_77.jdk/Contents/Home/jre/lib/jfr.jar:/Library/Java/JavaVirtualMachines/jdk1.8.0_77.jdk/Contents/Home/jre/lib/jfxswt.jar:/Library/Java/JavaVirtualMachines/jdk1.8.0_77.jdk/Contents/Home/jre/lib/jsse.jar:/Library/Java/JavaVirtualMachines/jdk1.8.0_77.jdk/Contents/Home/jre/lib/management-agent.jar:/Library/Java/JavaVirtualMachines/jdk1.8.0_77.jdk/Contents/Home/jre/lib/plugin.jar:/Library/Java/JavaVirtualMachines/jdk1.8.0_77.jdk/Contents/Home/jre/lib/resources.jar:/Library/Java/JavaVirtualMachines/jdk1.8.0_77.jdk/Contents/Home/jre/lib/rt.jar:/Library/Java/JavaVirtualMachines/jdk1.8.0_77.jdk/Contents/Home/lib/ant-javafx.jar:/Library/Java/JavaVirtualMachines/jdk1.8.0_77.jdk/Contents/Home/lib/dt.jar:/Library/Ja
Launcher Type: SUN_STANDARD

Environment Variables:
PATH=/usr/local/lib/dnx/runtimes/dnx-coreclr-darwin-x64.1.0.0-rc1-update1/bin:/Users/Che/.dnx/bin:/usr/local/bin:/usr/bin:/bin:/usr/sbin:/sbin
SHELL=/bin/bash

Signal Handlers:
SIGSEGV: [libjvm.dylib+0x5a6855], sa_mask[0]=11111111011111110111111111111111, sa_flags=SA_ONSTACK|SA_RESTART|SA_SIGINFO
SIGBUS: [libjvm.dylib+0x5a6855], sa_mask[0]=11111111011111110111111111111111, sa_flags=SA_RESTART|SA_SIGINFO
SIGFPE: [libjvm.dylib+0x4804ec], sa_mask[0]=11111111011111110111111111111111, sa_flags=SA_RESTART|SA_SIGINFO
SIGPIPE: [libjvm.dylib+0x4804ec], sa_mask[0]=11111111011111110111111111111111, sa_flags=SA_RESTART|SA_SIGINFO
SIGXFSZ: [libjvm.dylib+0x4804ec], sa_mask[0]=11111111011111110111111111111111, sa_flags=SA_RESTART|SA_SIGINFO
SIGILL: [libjvm.dylib+0x4804ec], sa_mask[0]=11111111011111110111111111111111, sa_flags=SA_RESTART|SA_SIGINFO
SIGUSR1: SIG_DFL, sa_mask[0]=00000000000000000000000000000000, sa_flags=none
SIGUSR2: [libjvm.dylib+0x48000a], sa_mask[0]=00100000000000000000000000000000, sa_flags=SA_RESTART|SA_SIGINFO
SIGHUP: [libjvm.dylib+0x47e5e1], sa_mask[0]=11111111011111110111111111111111, sa_flags=SA_RESTART|SA_SIGINFO
SIGINT: [libjvm.dylib+0x47e5e1], sa_mask[0]=11111111011111110111111111111111, sa_flags=SA_RESTART|SA_SIGINFO
SIGTERM: [libjvm.dylib+0x47e5e1], sa_mask[0]=11111111011111110111111111111111, sa_flags=SA_RESTART|SA_SIGINFO
SIGQUIT: [libjvm.dylib+0x47e5e1], sa_mask[0]=11111111011111110111111111111111, sa_flags=SA_RESTART|SA_SIGINFO


---------------  S Y S T E M  ---------------

OS:Bsduname:Darwin 15.4.0 Darwin Kernel Version 15.4.0: Fri Feb 26 22:08:05 PST 2016; root:xnu-3248.40.184~3/RELEASE_X86_64 x86_64
rlimit: STACK 8192k, CORE 0k, NPROC 709, NOFILE 10240, AS infinity
load average:2.72 2.04 1.72

CPU:total 4 (2 cores per cpu, 2 threads per core) family 6 model 61 stepping 4, cmov, cx8, fxsr, mmx, sse, sse2, sse3, ssse3, sse4.1, sse4.2, popcnt, avx, avx2, aes, clmul, erms, 3dnowpref, lzcnt, ht, tsc, tscinvbit, bmi1, bmi2, adx

Memory: 4k page, physical 4194304k(16808k free)

/proc/meminfo:


vm_info: Java HotSpot(TM) 64-Bit Server VM (25.77-b03) for bsd-amd64 JRE (1.8.0_77-b03), built on Mar 20 2016 22:14:03 by "java_re" with gcc 4.2.1 (Based on Apple Inc. build 5658) (LLVM build 2336.11.00)

time: Thu Apr 21 13:35:57 2016
elapsed time: 109 seconds (0d 0h 1m 49s)

