#
# A fatal error has been detected by the Java Runtime Environment:
#
#  SIGSEGV (0xb) at pc=0x0000000122498ce9, pid=529, tid=11267
#
# JRE version: Java(TM) SE Runtime Environment (8.0_77-b03) (build 1.8.0_77-b03)
# Java VM: Java HotSpot(TM) 64-Bit Server VM (25.77-b03 mixed mode bsd-amd64 compressed oops)
# Problematic frame:
# C  [libswt-cocoa-4527.jnilib+0x25ce9]  callback+0x297
#
# Failed to write core dump. Core dumps have been disabled. To enable core dumping, try "ulimit -c unlimited" before starting Java again
#
# If you would like to submit a bug report, please visit:
#   http://bugreport.java.com/bugreport/crash.jsp
#

---------------  T H R E A D  ---------------

Current thread (0x00007fbca885c000):  VMThread [stack: 0x0000700000526000,0x0000700000626000] [id=11267]

siginfo: si_signo: 11 (SIGSEGV), si_code: 1 (SEGV_MAPERR), si_addr: 0x0000000000000078

Registers:
RAX=0x0000000000000000, RBX=0x00007fbcaae987f0, RCX=0x0000700000625764, RDX=0x0000000000000001
RSP=0x0000700000625790, RBP=0x00007000006258c0, RSI=0x0000000000000000, RDI=0x0000000000000000
R8 =0x0000000000000001, R9 =0x00007fbcaaefa540, R10=0x00007fbcaa064f20, R11=0x00007fbca850f6f0
R12=0x00007fff861984c0, R13=0x00007fff861984c0, R14=0x0000000000000000, R15=0x0000000000000000
RIP=0x0000000122498ce9, EFLAGS=0x0000000000010202, ERR=0x0000000000000004
  TRAPNO=0x000000000000000e

Top of Stack: (sp=0x0000700000625790)
0x0000700000625790:   0000000122498adb 00007fff7494d2e0
0x00007000006257a0:   00007fff7494d2d8 000000007875b9c8
0x00007000006257b0:   00007fff9a59ad23 00007fff99c8bd96
0x00007000006257c0:   0000000000000000 00007fbca885c1f8
0x00007000006257d0:   00007fbca871bc58 00007fbca8714078
0x00007000006257e0:   0000000200010000 0000000000000000
0x00007000006257f0:   0000700000625850 00007fff00000000
0x0000700000625800:   00007fbca84fc080 00007fbca84d83d0
0x0000700000625810:   00007fbcaaeca8e0 00007fbca8542100
0x0000700000625820:   00007fff9a59c70f 0000000000000000
0x0000700000625830:   0000000000000001 00007fbcaaefa540
0x0000700000625840:   0000000000000000 00000000000000e0
0x0000700000625850:   0000700000625920 00007fff86198591
0x0000700000625860:   00007fbcaaefa540 0000000000000001
0x0000700000625870:   0000000000000000 0000000000000000
0x0000700000625880:   00007fff9a59ad23 00007fbcaae987f0
0x0000700000625890:   00007fbcaaea0580 00007fff768a32a0
0x00007000006258a0:   0000000000000000 0000000000000000
0x00007000006258b0:   0000000000000000 0000000000000000
0x00007000006258c0:   00007000006258e0 000000012247725e
0x00007000006258d0:   00007fff9a59c70f 00007fbca8542100
0x00007000006258e0:   0000700000625920 00007fff99c8be0c
0x00007000006258f0:   000000004970430d 0000000000000000
0x0000700000625900:   0000700000625990 00000000000000f8
0x0000700000625910:   0000000000000000 00000000000000e0
0x0000700000625920:   0000700000625960 00007fff99df505e
0x0000700000625930:   0000000000000000 00007fbcaae987f0
0x0000700000625940:   00000000000000f8 00007fff861984c0
0x0000700000625950:   0000000000000000 00007fff74a0ba00
0x0000700000625960:   00007000006259e0 00007fff99df4e2d
0x0000700000625970:   0000000000000000 0000000000000000
0x0000700000625980:   0000000000000000 0000000000000000 

Instructions: (pc=0x0000000122498ce9)
0x0000000122498cc9:   ff ff 01 00 00 00 48 8b 85 08 ff ff ff 48 85 c0
0x0000000122498cd9:   0f 84 9f 03 00 00 48 8b 85 08 ff ff ff 48 8b 00
0x0000000122498ce9:   48 8b 40 78 48 8b bd 08 ff ff ff ff d0 48 89 85
0x0000000122498cf9:   30 ff ff ff 48 83 bd 30 ff ff ff 00 74 26 48 8b 

Register to memory mapping:

RAX=0x0000000000000000 is an unknown value
RBX=0x00007fbcaae987f0 is an unknown value
RCX=0x0000700000625764 is an unknown value
RDX=0x0000000000000001 is an unknown value
RSP=0x0000700000625790 is an unknown value
RBP=0x00007000006258c0 is an unknown value
RSI=0x0000000000000000 is an unknown value
RDI=0x0000000000000000 is an unknown value
R8 =0x0000000000000001 is an unknown value
R9 =0x00007fbcaaefa540 is an unknown value
R10=0x00007fbcaa064f20 is an unknown value
R11=0x00007fbca850f6f0 is an unknown value
R12=0x00007fff861984c0: objc_msgSend+0 in /usr/lib/libobjc.A.dylib at 0x00007fff86197000
R13=0x00007fff861984c0: objc_msgSend+0 in /usr/lib/libobjc.A.dylib at 0x00007fff86197000
R14=0x0000000000000000 is an unknown value
R15=0x0000000000000000 is an unknown value


Stack: [0x0000700000526000,0x0000700000626000],  sp=0x0000700000625790,  free space=1021k
Native frames: (J=compiled Java code, j=interpreted, Vv=VM code, C=native code)
C  [libswt-cocoa-4527.jnilib+0x25ce9]  callback+0x297
C  [libswt-cocoa-4527.jnilib+0x425e]  fn0_2+0x27
C  [AppKit+0x128e0c]  -[NSWindow orderWindow:relativeTo:]+0x76
C  [AppKit+0x29205e]  __18-[NSWindow _close]_block_invoke+0x1eb
C  [AppKit+0x291e2d]  -[NSWindow _close]+0x176
C  [FinderKit+0xa654b]  -[FI_TFloatingInputWindowController dealloc]+0x3b
C  [libobjc.A.dylib+0x8288]  objc_object::sidetable_release(bool)+0xf2
C  [AppKit+0x166cce]  -[NSWindowController release]+0x9a
C  [FinderKit+0xa6dea]  TRef<FI_TFloatingInputWindowController*, OBJCRetainReleasePolicy<FI_TFloatingInputWindowController*> >::~TRef()+0xc
C  [libsystem_c.dylib+0x5f46b]  __cxa_finalize_ranges+0x159
C  [libsystem_c.dylib+0x5f76f]  exit+0x37
V  [libjvm.dylib+0x2e8b06]  vm_exit(int)+0x0
V  [libjvm.dylib+0x5adb31]  VM_Operation::evaluate()+0x4f
V  [libjvm.dylib+0x5ac19b]  VMThread::evaluate_operation(VM_Operation*)+0xdf
V  [libjvm.dylib+0x5ac5e8]  VMThread::loop()+0x328
V  [libjvm.dylib+0x5abf07]  VMThread::run()+0x79
V  [libjvm.dylib+0x482eda]  java_start(Thread*)+0xf6
C  [libsystem_pthread.dylib+0x3c13]  _pthread_body+0x83
C  [libsystem_pthread.dylib+0x3b90]  _pthread_body+0x0
C  [libsystem_pthread.dylib+0x1375]  thread_start+0xd

VM_Operation (0x000070000092e658): Exit, mode: safepoint, requested by thread 0x00007fbca8afd800


---------------  P R O C E S S  ---------------

Java Threads: ( => current thread )
  0x00007fbca8afd800 JavaThread "SIGTERM handler" daemon [_thread_blocked, id=87839, stack(0x000070000082f000,0x000070000092f000)]
  0x00007fbca916a000 JavaThread "Java2D Disposer" daemon [_thread_blocked, id=32771, stack(0x00007000011d0000,0x00007000012d0000)]
  0x00007fbca8a2f000 JavaThread "Java2D Queue Flusher" daemon [_thread_blocked, id=28943, stack(0x00007000010cd000,0x00007000011cd000)]
  0x00007fbcaa01b800 JavaThread "Monitor Ctrl-Break" daemon [_thread_in_native, id=18947, stack(0x0000700000f47000,0x0000700001047000)]
  0x00007fbca8838000 JavaThread "Service Thread" daemon [_thread_blocked, id=17923, stack(0x0000700000d41000,0x0000700000e41000)]
  0x00007fbca980c000 JavaThread "C1 CompilerThread2" daemon [_thread_blocked, id=17411, stack(0x0000700000c3e000,0x0000700000d3e000)]
  0x00007fbca8834800 JavaThread "C2 CompilerThread1" daemon [_thread_blocked, id=16899, stack(0x0000700000b3b000,0x0000700000c3b000)]
  0x00007fbca980b000 JavaThread "C2 CompilerThread0" daemon [_thread_blocked, id=16387, stack(0x0000700000a38000,0x0000700000b38000)]
  0x00007fbca9809800 JavaThread "Finalizer" daemon [_thread_blocked, id=12291, stack(0x000070000072c000,0x000070000082c000)]
  0x00007fbcaa007000 JavaThread "Reference Handler" daemon [_thread_blocked, id=11779, stack(0x0000700000629000,0x0000700000729000)]
  0x00007fbca900c000 JavaThread "main" [_thread_blocked, id=2571, stack(0x00007fff553dd000,0x00007fff55bdd000)]

Other Threads:
=>0x00007fbca885c000 VMThread [stack: 0x0000700000526000,0x0000700000626000] [id=11267]

VM state:at safepoint (shutting down)

VM Mutex/Monitor currently owned by a thread:  ([mutex/lock_event])
[0x00007fbca8601d70] Threads_lock - owner thread: 0x00007fbca885c000

Heap:
 PSYoungGen      total 23040K, used 17831K [0x00000007aab00000, 0x00000007ada00000, 0x00000007c0000000)
  eden space 15872K, 94% used [0x00000007aab00000,0x00000007ab9ad200,0x00000007aba80000)
  from space 7168K, 39% used [0x00000007ac200000,0x00000007ac4bcd70,0x00000007ac900000)
  to   space 7680K, 0% used [0x00000007aba80000,0x00000007aba80000,0x00000007ac200000)
 ParOldGen       total 44032K, used 10951K [0x0000000780000000, 0x0000000782b00000, 0x00000007aab00000)
  object space 44032K, 24% used [0x0000000780000000,0x0000000780ab1ee8,0x0000000782b00000)
 Metaspace       used 15948K, capacity 16190K, committed 16256K, reserved 1064960K
  class space    used 1582K, capacity 1663K, committed 1664K, reserved 1048576K

Card table byte_map: [0x000000011afc0000,0x000000011b1c1000] byte_map_base: 0x00000001173c0000

Marking Bits: (ParMarkBitMap*) 0x000000010ab96ea0
 Begin Bits: [0x000000011b1c1000, 0x000000011c1c1000)
 End Bits:   [0x000000011c1c1000, 0x000000011d1c1000)

Polling page: 0x000000010b28a000

CodeCache: size=245760Kb used=7839Kb max_used=7839Kb free=237920Kb
 bounds [0x000000010bc00000, 0x000000010c3b0000, 0x000000011ac00000]
 total_blobs=2615 nmethods=2065 adapters=461
 compilation: enabled

Compilation events (10 events):
Event: 43.831 Thread 0x00007fbca980c000 2078       3       org.eclipse.swt.internal.cocoa.NSTableHeaderView::<init> (6 bytes)
Event: 43.831 Thread 0x00007fbca980c000 nmethod 2078 0x000000010c3a9050 code [0x000000010c3a91e0, 0x000000010c3a9510]
Event: 44.143 Thread 0x00007fbca980c000 2079       3       org.eclipse.swt.widgets.Table::findTooltip (108 bytes)
Event: 44.146 Thread 0x00007fbca980c000 nmethod 2079 0x000000010c3a9710 code [0x000000010c3a99a0, 0x000000010c3aac08]
Event: 44.146 Thread 0x00007fbca980c000 2080       3       org.eclipse.swt.internal.cocoa.NSTableHeaderView::columnAtPoint (12 bytes)
Event: 44.146 Thread 0x00007fbca980c000 nmethod 2080 0x000000010c38da10 code [0x000000010c38db80, 0x000000010c38dd28]
Event: 44.178 Thread 0x00007fbca980c000 2081       3       org.eclipse.swt.widgets.Table::isTrim (31 bytes)
Event: 44.178 Thread 0x00007fbca980c000 nmethod 2081 0x000000010c375d10 code [0x000000010c375e80, 0x000000010c3760e8]
Event: 44.247 Thread 0x00007fbca980c000 2082       3       org.eclipse.swt.widgets.Table::sendMouseEvent (183 bytes)
Event: 44.249 Thread 0x00007fbca980c000 nmethod 2082 0x000000010c3ab910 code [0x000000010c3abb40, 0x000000010c3ac8d8]

GC Heap History (10 events):
Event: 33.331 GC heap before
{Heap before GC invocations=2 (full 0):
 PSYoungGen      total 18944K, used 18928K [0x00000007aab00000, 0x00000007ac000000, 0x00000007c0000000)
  eden space 16384K, 100% used [0x00000007aab00000,0x00000007abb00000,0x00000007abb00000)
  from space 2560K, 99% used [0x00000007abb00000,0x00000007abd7c0a0,0x00000007abd80000)
  to   space 2560K, 0% used [0x00000007abd80000,0x00000007abd80000,0x00000007ac000000)
 ParOldGen       total 44032K, used 590K [0x0000000780000000, 0x0000000782b00000, 0x00000007aab00000)
  object space 44032K, 1% used [0x0000000780000000,0x0000000780093af0,0x0000000782b00000)
 Metaspace       used 10323K, capacity 10488K, committed 10752K, reserved 1058816K
  class space    used 1161K, capacity 1214K, committed 1280K, reserved 1048576K
Event: 33.339 GC heap after
Heap after GC invocations=2 (full 0):
 PSYoungGen      total 18944K, used 2535K [0x00000007aab00000, 0x00000007ac000000, 0x00000007c0000000)
  eden space 16384K, 0% used [0x00000007aab00000,0x00000007aab00000,0x00000007abb00000)
  from space 2560K, 99% used [0x00000007abd80000,0x00000007abff9d50,0x00000007ac000000)
  to   space 2560K, 0% used [0x00000007abb00000,0x00000007abb00000,0x00000007abd80000)
 ParOldGen       total 44032K, used 3541K [0x0000000780000000, 0x0000000782b00000, 0x00000007aab00000)
  object space 44032K, 8% used [0x0000000780000000,0x0000000780375680,0x0000000782b00000)
 Metaspace       used 10323K, capacity 10488K, committed 10752K, reserved 1058816K
  class space    used 1161K, capacity 1214K, committed 1280K, reserved 1048576K
}
Event: 34.051 GC heap before
{Heap before GC invocations=3 (full 0):
 PSYoungGen      total 18944K, used 18919K [0x00000007aab00000, 0x00000007ac000000, 0x00000007c0000000)
  eden space 16384K, 100% used [0x00000007aab00000,0x00000007abb00000,0x00000007abb00000)
  from space 2560K, 99% used [0x00000007abd80000,0x00000007abff9d50,0x00000007ac000000)
  to   space 2560K, 0% used [0x00000007abb00000,0x00000007abb00000,0x00000007abd80000)
 ParOldGen       total 44032K, used 3541K [0x0000000780000000, 0x0000000782b00000, 0x00000007aab00000)
  object space 44032K, 8% used [0x0000000780000000,0x0000000780375680,0x0000000782b00000)
 Metaspace       used 12418K, capacity 12606K, committed 12672K, reserved 1060864K
  class space    used 1341K, capacity 1407K, committed 1408K, reserved 1048576K
Event: 34.060 GC heap after
Heap after GC invocations=3 (full 0):
 PSYoungGen      total 18944K, used 2559K [0x00000007aab00000, 0x00000007ac000000, 0x00000007c0000000)
  eden space 16384K, 0% used [0x00000007aab00000,0x00000007aab00000,0x00000007abb00000)
  from space 2560K, 99% used [0x00000007abb00000,0x00000007abd7fe98,0x00000007abd80000)
  to   space 2560K, 0% used [0x00000007abd80000,0x00000007abd80000,0x00000007ac000000)
 ParOldGen       total 44032K, used 6686K [0x0000000780000000, 0x0000000782b00000, 0x00000007aab00000)
  object space 44032K, 15% used [0x0000000780000000,0x0000000780687818,0x0000000782b00000)
 Metaspace       used 12418K, capacity 12606K, committed 12672K, reserved 1060864K
  class space    used 1341K, capacity 1407K, committed 1408K, reserved 1048576K
}
Event: 34.574 GC heap before
{Heap before GC invocations=4 (full 0):
 PSYoungGen      total 18944K, used 18939K [0x00000007aab00000, 0x00000007ac000000, 0x00000007c0000000)
  eden space 16384K, 99% used [0x00000007aab00000,0x00000007abafede0,0x00000007abb00000)
  from space 2560K, 99% used [0x00000007abb00000,0x00000007abd7fe98,0x00000007abd80000)
  to   space 2560K, 0% used [0x00000007abd80000,0x00000007abd80000,0x00000007ac000000)
 ParOldGen       total 44032K, used 6686K [0x0000000780000000, 0x0000000782b00000, 0x00000007aab00000)
  object space 44032K, 15% used [0x0000000780000000,0x0000000780687818,0x0000000782b00000)
 Metaspace       used 14361K, capacity 14558K, committed 14720K, reserved 1062912K
  class space    used 1481K, capacity 1567K, committed 1664K, reserved 1048576K
Event: 34.584 GC heap after
Heap after GC invocations=4 (full 0):
 PSYoungGen      total 18944K, used 2549K [0x00000007aab00000, 0x00000007ac000000, 0x00000007c0000000)
  eden space 16384K, 0% used [0x00000007aab00000,0x00000007aab00000,0x00000007abb00000)
  from space 2560K, 99% used [0x00000007abd80000,0x00000007abffd670,0x00000007ac000000)
  to   space 2560K, 0% used [0x00000007abb00000,0x00000007abb00000,0x00000007abd80000)
 ParOldGen       total 44032K, used 9897K [0x0000000780000000, 0x0000000782b00000, 0x00000007aab00000)
  object space 44032K, 22% used [0x0000000780000000,0x00000007809aa7b0,0x0000000782b00000)
 Metaspace       used 14361K, capacity 14558K, committed 14720K, reserved 1062912K
  class space    used 1481K, capacity 1567K, committed 1664K, reserved 1048576K
}
Event: 35.040 GC heap before
{Heap before GC invocations=5 (full 0):
 PSYoungGen      total 18944K, used 18933K [0x00000007aab00000, 0x00000007ac000000, 0x00000007c0000000)
  eden space 16384K, 100% used [0x00000007aab00000,0x00000007abb00000,0x00000007abb00000)
  from space 2560K, 99% used [0x00000007abd80000,0x00000007abffd670,0x00000007ac000000)
  to   space 2560K, 0% used [0x00000007abb00000,0x00000007abb00000,0x00000007abd80000)
 ParOldGen       total 44032K, used 9897K [0x0000000780000000, 0x0000000782b00000, 0x00000007aab00000)
  object space 44032K, 22% used [0x0000000780000000,0x00000007809aa7b0,0x0000000782b00000)
 Metaspace       used 15633K, capacity 15870K, committed 16000K, reserved 1062912K
  class space    used 1573K, capacity 1663K, committed 1664K, reserved 1048576K
Event: 35.047 GC heap after
Heap after GC invocations=5 (full 0):
 PSYoungGen      total 18944K, used 2540K [0x00000007aab00000, 0x00000007ac900000, 0x00000007c0000000)
  eden space 16384K, 0% used [0x00000007aab00000,0x00000007aab00000,0x00000007abb00000)
  from space 2560K, 99% used [0x00000007abb00000,0x00000007abd7b240,0x00000007abd80000)
  to   space 7168K, 0% used [0x00000007ac200000,0x00000007ac200000,0x00000007ac900000)
 ParOldGen       total 44032K, used 10943K [0x0000000780000000, 0x0000000782b00000, 0x00000007aab00000)
  object space 44032K, 24% used [0x0000000780000000,0x0000000780aafee8,0x0000000782b00000)
 Metaspace       used 15633K, capacity 15870K, committed 16000K, reserved 1062912K
  class space    used 1573K, capacity 1663K, committed 1664K, reserved 1048576K
}
Event: 35.286 GC heap before
{Heap before GC invocations=6 (full 0):
 PSYoungGen      total 18944K, used 18924K [0x00000007aab00000, 0x00000007ac900000, 0x00000007c0000000)
  eden space 16384K, 100% used [0x00000007aab00000,0x00000007abb00000,0x00000007abb00000)
  from space 2560K, 99% used [0x00000007abb00000,0x00000007abd7b240,0x00000007abd80000)
  to   space 7168K, 0% used [0x00000007ac200000,0x00000007ac200000,0x00000007ac900000)
 ParOldGen       total 44032K, used 10943K [0x0000000780000000, 0x0000000782b00000, 0x00000007aab00000)
  object space 44032K, 24% used [0x0000000780000000,0x0000000780aafee8,0x0000000782b00000)
 Metaspace       used 15836K, capacity 15998K, committed 16256K, reserved 1064960K
  class space    used 1576K, capacity 1663K, committed 1664K, reserved 1048576K
Event: 35.294 GC heap after
Heap after GC invocations=6 (full 0):
 PSYoungGen      total 23040K, used 2803K [0x00000007aab00000, 0x00000007ada00000, 0x00000007c0000000)
  eden space 15872K, 0% used [0x00000007aab00000,0x00000007aab00000,0x00000007aba80000)
  from space 7168K, 39% used [0x00000007ac200000,0x00000007ac4bcd70,0x00000007ac900000)
  to   space 7680K, 0% used [0x00000007aba80000,0x00000007aba80000,0x00000007ac200000)
 ParOldGen       total 44032K, used 10951K [0x0000000780000000, 0x0000000782b00000, 0x00000007aab00000)
  object space 44032K, 24% used [0x0000000780000000,0x0000000780ab1ee8,0x0000000782b00000)
 Metaspace       used 15836K, capacity 15998K, committed 16256K, reserved 1064960K
  class space    used 1576K, capacity 1663K, committed 1664K, reserved 1048576K
}

Deoptimization events (10 events):
Event: 34.845 Thread 0x00007fbca900c000 Uncommon trap: reason=class_check action=maybe_recompile pc=0x000000010bee889c method=java.util.HashMap.putVal(ILjava/lang/Object;Ljava/lang/Object;ZZ)Ljava/lang/Object; @ 253
Event: 34.882 Thread 0x00007fbca900c000 Uncommon trap: reason=predicate action=maybe_recompile pc=0x000000010c1899a0 method=org.eclipse.jdt.internal.compiler.parser.Scanner.scanIdentifierOrKeyword()I @ 33
Event: 35.005 Thread 0x00007fbca900c000 Uncommon trap: reason=predicate action=maybe_recompile pc=0x000000010c21f74c method=org.eclipse.jdt.internal.compiler.parser.Scanner.scanIdentifierOrKeyword()I @ 33
Event: 35.138 Thread 0x00007fbca900c000 Uncommon trap: reason=unstable_if action=reinterpret pc=0x000000010c187dc8 method=org.eclipse.jdt.core.dom.DefaultCommentMapper.getCommentIndex(III)I @ 1
Event: 35.138 Thread 0x00007fbca900c000 Uncommon trap: reason=unstable_if action=reinterpret pc=0x000000010c186428 method=org.eclipse.jdt.internal.compiler.util.Util.getLineNumber(I[III)I @ 50
Event: 35.138 Thread 0x00007fbca900c000 Uncommon trap: reason=unstable_if action=reinterpret pc=0x000000010c174c48 method=org.eclipse.jdt.internal.compiler.util.Util.getLineNumber(I[III)I @ 50
Event: 35.445 Thread 0x00007fbca900c000 Uncommon trap: reason=unstable_if action=reinterpret pc=0x000000010bf6f59c method=org.eclipse.swt.widgets.Control.getDrawing()Z @ 4
Event: 35.483 Thread 0x00007fbca900c000 Uncommon trap: reason=unstable_if action=reinterpret pc=0x000000010bfab490 method=org.eclipse.swt.widgets.Display.windowProc(JJ)J @ 87
Event: 80.587 Thread 0x00007fbca9801000 Uncommon trap: reason=bimorphic action=maybe_recompile pc=0x000000010c0b2300 method=java.util.Hashtable.get(Ljava/lang/Object;)Ljava/lang/Object; @ 6
Event: 80.587 Thread 0x00007fbca9801000 Uncommon trap: reason=bimorphic action=maybe_recompile pc=0x000000010c0b2300 method=java.util.Hashtable.get(Ljava/lang/Object;)Ljava/lang/Object; @ 6

Internal exceptions (10 events):
Event: 35.384 Thread 0x00007fbca900c000 Exception <a 'java/lang/ArrayIndexOutOfBoundsException'> (0x00000007ab30d288) thrown at [/Users/java_re/workspace/8-2-build-macosx-x86_64/jdk8u77/6540/hotspot/src/share/vm/runtime/sharedRuntime.cpp, line 605]
Event: 35.386 Thread 0x00007fbca900c000 Exception <a 'java/lang/ArrayIndexOutOfBoundsException'> (0x00000007ab335ae8) thrown at [/Users/java_re/workspace/8-2-build-macosx-x86_64/jdk8u77/6540/hotspot/src/share/vm/runtime/sharedRuntime.cpp, line 605]
Event: 35.388 Thread 0x00007fbca900c000 Exception <a 'java/lang/ArrayIndexOutOfBoundsException'> (0x00000007ab371630) thrown at [/Users/java_re/workspace/8-2-build-macosx-x86_64/jdk8u77/6540/hotspot/src/share/vm/runtime/sharedRuntime.cpp, line 605]
Event: 35.390 Thread 0x00007fbca900c000 Exception <a 'java/lang/ArrayIndexOutOfBoundsException'> (0x00000007ab3a92f8) thrown at [/Users/java_re/workspace/8-2-build-macosx-x86_64/jdk8u77/6540/hotspot/src/share/vm/runtime/sharedRuntime.cpp, line 605]
Event: 35.391 Thread 0x00007fbca900c000 Exception <a 'java/lang/ArrayIndexOutOfBoundsException'> (0x00000007ab3c5ef8) thrown at [/Users/java_re/workspace/8-2-build-macosx-x86_64/jdk8u77/6540/hotspot/src/share/vm/runtime/sharedRuntime.cpp, line 605]
Event: 35.392 Thread 0x00007fbca900c000 Exception <a 'java/lang/ArrayIndexOutOfBoundsException'> (0x00000007ab3f03f0) thrown at [/Users/java_re/workspace/8-2-build-macosx-x86_64/jdk8u77/6540/hotspot/src/share/vm/runtime/sharedRuntime.cpp, line 605]
Event: 35.393 Thread 0x00007fbca900c000 Exception <a 'java/lang/ArrayIndexOutOfBoundsException'> (0x00000007ab40b620) thrown at [/Users/java_re/workspace/8-2-build-macosx-x86_64/jdk8u77/6540/hotspot/src/share/vm/runtime/sharedRuntime.cpp, line 605]
Event: 35.394 Thread 0x00007fbca900c000 Exception <a 'java/lang/ArrayIndexOutOfBoundsException'> (0x00000007ab42edd0) thrown at [/Users/java_re/workspace/8-2-build-macosx-x86_64/jdk8u77/6540/hotspot/src/share/vm/runtime/sharedRuntime.cpp, line 605]
Event: 35.483 Thread 0x00007fbca900c000 Implicit null exception at 0x000000010bfaa55c to 0x000000010bfab471
Event: 45.613 Thread 0x00007fbca900c000 Exception <a 'java/lang/ArrayIndexOutOfBoundsException': -1> (0x00000007ab8ecaf0) thrown at [/Users/java_re/workspace/8-2-build-macosx-x86_64/jdk8u77/6540/hotspot/src/share/vm/interpreter/interpreterRuntime.cpp, line 366]

Events (10 events):
Event: 80.591 loading class java/util/IdentityHashMap$KeySet
Event: 80.591 loading class java/util/IdentityHashMap$KeySet done
Event: 80.591 loading class java/util/IdentityHashMap$KeyIterator
Event: 80.591 loading class java/util/IdentityHashMap$IdentityHashMapIterator
Event: 80.592 loading class java/util/IdentityHashMap$IdentityHashMapIterator done
Event: 80.592 loading class java/util/IdentityHashMap$KeyIterator done
Event: 80.592 Thread 0x00007fbcaa612800 Thread added: 0x00007fbcaa612800
Event: 80.592 Thread 0x00007fbcaa612800 Thread exited: 0x00007fbcaa612800
Event: 80.593 Executing VM operation: Exit
Event: 80.593 Thread 0x00007fbca9801000 Thread exited: 0x00007fbca9801000


Dynamic libraries:
0x0000000004219000 	/System/Library/Frameworks/Cocoa.framework/Versions/A/Cocoa
0x0000000004219000 	/System/Library/Frameworks/Security.framework/Versions/A/Security
0x0000000004219000 	/System/Library/Frameworks/ApplicationServices.framework/Versions/A/ApplicationServices
0x0000000004219000 	/usr/lib/libz.1.dylib
0x0000000004219000 	/usr/lib/libSystem.B.dylib
0x0000000004219000 	/usr/lib/libobjc.A.dylib
0x0000000004219000 	/System/Library/Frameworks/CoreFoundation.framework/Versions/A/CoreFoundation
0x0000000004219000 	/System/Library/Frameworks/Foundation.framework/Versions/C/Foundation
0x0000000004219000 	/System/Library/Frameworks/AppKit.framework/Versions/C/AppKit
0x0000000004219000 	/System/Library/Frameworks/CoreData.framework/Versions/A/CoreData
0x0000000004219000 	/System/Library/PrivateFrameworks/RemoteViewServices.framework/Versions/A/RemoteViewServices
0x0000000004219000 	/System/Library/PrivateFrameworks/UIFoundation.framework/Versions/A/UIFoundation
0x0000000004219000 	/usr/lib/libScreenReader.dylib
0x0000000004219000 	/System/Library/Frameworks/Accelerate.framework/Versions/A/Accelerate
0x0000000004219000 	/System/Library/Frameworks/IOSurface.framework/Versions/A/IOSurface
0x0000000004219000 	/System/Library/Frameworks/AudioToolbox.framework/Versions/A/AudioToolbox
0x0000000004219000 	/System/Library/Frameworks/AudioUnit.framework/Versions/A/AudioUnit
0x0000000004219000 	/System/Library/PrivateFrameworks/DataDetectorsCore.framework/Versions/A/DataDetectorsCore
0x0000000004219000 	/System/Library/PrivateFrameworks/DesktopServicesPriv.framework/Versions/A/DesktopServicesPriv
0x0000000004219000 	/System/Library/Frameworks/Carbon.framework/Versions/A/Frameworks/HIToolbox.framework/Versions/A/HIToolbox
0x0000000004219000 	/System/Library/Frameworks/QuartzCore.framework/Versions/A/QuartzCore
0x0000000004219000 	/System/Library/Frameworks/Carbon.framework/Versions/A/Frameworks/SpeechRecognition.framework/Versions/A/SpeechRecognition
0x0000000004219000 	/usr/lib/libauto.dylib
0x0000000004219000 	/usr/lib/libicucore.A.dylib
0x0000000004219000 	/usr/lib/libxml2.2.dylib
0x0000000004219000 	/System/Library/PrivateFrameworks/CoreUI.framework/Versions/A/CoreUI
0x0000000004219000 	/System/Library/Frameworks/CoreAudio.framework/Versions/A/CoreAudio
0x0000000004219000 	/System/Library/Frameworks/DiskArbitration.framework/Versions/A/DiskArbitration
0x0000000004219000 	/usr/lib/liblangid.dylib
0x0000000004219000 	/System/Library/PrivateFrameworks/MultitouchSupport.framework/Versions/A/MultitouchSupport
0x0000000004219000 	/System/Library/Frameworks/IOKit.framework/Versions/A/IOKit
0x0000000004219000 	/usr/lib/libDiagnosticMessagesClient.dylib
0x0000000004219000 	/System/Library/Frameworks/CoreServices.framework/Versions/A/CoreServices
0x0000000004219000 	/System/Library/PrivateFrameworks/PerformanceAnalysis.framework/Versions/A/PerformanceAnalysis
0x0000000004219000 	/System/Library/PrivateFrameworks/GenerationalStorage.framework/Versions/A/GenerationalStorage
0x0000000004219000 	/System/Library/Frameworks/OpenGL.framework/Versions/A/OpenGL
0x0000000004219000 	/System/Library/PrivateFrameworks/Sharing.framework/Versions/A/Sharing
0x0000000004219000 	/System/Library/Frameworks/CoreGraphics.framework/Versions/A/CoreGraphics
0x0000000004219000 	/System/Library/Frameworks/CoreImage.framework/Versions/A/CoreImage
0x0000000004219000 	/System/Library/Frameworks/CoreText.framework/Versions/A/CoreText
0x0000000004219000 	/System/Library/Frameworks/ImageIO.framework/Versions/A/ImageIO
0x0000000004219000 	/System/Library/PrivateFrameworks/Backup.framework/Versions/A/Backup
0x0000000004219000 	/usr/lib/libextension.dylib
0x0000000004219000 	/usr/lib/libarchive.2.dylib
0x0000000004219000 	/System/Library/Frameworks/CFNetwork.framework/Versions/A/CFNetwork
0x0000000004219000 	/System/Library/Frameworks/SystemConfiguration.framework/Versions/A/SystemConfiguration
0x0000000004219000 	/usr/lib/libCRFSuite.dylib
0x0000000004219000 	/usr/lib/libc++.1.dylib
0x0000000004219000 	/usr/lib/libc++abi.dylib
0x0000000004219000 	/usr/lib/system/libcache.dylib
0x0000000004219000 	/usr/lib/system/libcommonCrypto.dylib
0x0000000004219000 	/usr/lib/system/libcompiler_rt.dylib
0x0000000004219000 	/usr/lib/system/libcopyfile.dylib
0x0000000004219000 	/usr/lib/system/libcorecrypto.dylib
0x0000000004219000 	/usr/lib/system/libdispatch.dylib
0x0000000004219000 	/usr/lib/system/libdyld.dylib
0x0000000004219000 	/usr/lib/system/libkeymgr.dylib
0x0000000004219000 	/usr/lib/system/liblaunch.dylib
0x0000000004219000 	/usr/lib/system/libmacho.dylib
0x0000000004219000 	/usr/lib/system/libquarantine.dylib
0x0000000004219000 	/usr/lib/system/libremovefile.dylib
0x0000000004219000 	/usr/lib/system/libsystem_asl.dylib
0x0000000004219000 	/usr/lib/system/libsystem_blocks.dylib
0x0000000004219000 	/usr/lib/system/libsystem_c.dylib
0x0000000004219000 	/usr/lib/system/libsystem_configuration.dylib
0x0000000004219000 	/usr/lib/system/libsystem_coreservices.dylib
0x0000000004219000 	/usr/lib/system/libsystem_coretls.dylib
0x0000000004219000 	/usr/lib/system/libsystem_dnssd.dylib
0x0000000004219000 	/usr/lib/system/libsystem_info.dylib
0x0000000004219000 	/usr/lib/system/libsystem_kernel.dylib
0x0000000004219000 	/usr/lib/system/libsystem_m.dylib
0x0000000004219000 	/usr/lib/system/libsystem_malloc.dylib
0x0000000004219000 	/usr/lib/system/libsystem_network.dylib
0x0000000004219000 	/usr/lib/system/libsystem_networkextension.dylib
0x0000000004219000 	/usr/lib/system/libsystem_notify.dylib
0x0000000004219000 	/usr/lib/system/libsystem_platform.dylib
0x0000000004219000 	/usr/lib/system/libsystem_pthread.dylib
0x0000000004219000 	/usr/lib/system/libsystem_sandbox.dylib
0x0000000004219000 	/usr/lib/system/libsystem_secinit.dylib
0x0000000004219000 	/usr/lib/system/libsystem_trace.dylib
0x0000000004219000 	/usr/lib/system/libunc.dylib
0x0000000004219000 	/usr/lib/system/libunwind.dylib
0x0000000004219000 	/usr/lib/system/libxpc.dylib
0x0000000004219000 	/usr/lib/libenergytrace.dylib
0x0000000004219000 	/usr/lib/libbsm.0.dylib
0x0000000004219000 	/usr/lib/system/libkxld.dylib
0x0000000004219000 	/usr/lib/libxar.1.dylib
0x0000000004219000 	/usr/lib/libsqlite3.dylib
0x0000000004219000 	/usr/lib/libpam.2.dylib
0x0000000004219000 	/usr/lib/libOpenScriptingUtil.dylib
0x0000000004219000 	/usr/lib/libbz2.1.0.dylib
0x0000000004219000 	/usr/lib/liblzma.5.dylib
0x0000000004219000 	/System/Library/Frameworks/CoreServices.framework/Versions/A/Frameworks/FSEvents.framework/Versions/A/FSEvents
0x0000000004219000 	/System/Library/Frameworks/CoreServices.framework/Versions/A/Frameworks/CarbonCore.framework/Versions/A/CarbonCore
0x0000000004219000 	/System/Library/Frameworks/CoreServices.framework/Versions/A/Frameworks/Metadata.framework/Versions/A/Metadata
0x0000000004219000 	/System/Library/Frameworks/CoreServices.framework/Versions/A/Frameworks/OSServices.framework/Versions/A/OSServices
0x0000000004219000 	/System/Library/Frameworks/CoreServices.framework/Versions/A/Frameworks/SearchKit.framework/Versions/A/SearchKit
0x0000000004219000 	/System/Library/Frameworks/CoreServices.framework/Versions/A/Frameworks/AE.framework/Versions/A/AE
0x0000000004219000 	/System/Library/Frameworks/CoreServices.framework/Versions/A/Frameworks/LaunchServices.framework/Versions/A/LaunchServices
0x0000000004219000 	/System/Library/Frameworks/CoreServices.framework/Versions/A/Frameworks/DictionaryServices.framework/Versions/A/DictionaryServices
0x0000000004219000 	/System/Library/Frameworks/CoreServices.framework/Versions/A/Frameworks/SharedFileList.framework/Versions/A/SharedFileList
0x0000000004219000 	/System/Library/Frameworks/NetFS.framework/Versions/A/NetFS
0x0000000004219000 	/System/Library/PrivateFrameworks/NetAuth.framework/Versions/A/NetAuth
0x0000000004219000 	/System/Library/PrivateFrameworks/login.framework/Versions/A/Frameworks/loginsupport.framework/Versions/A/loginsupport
0x0000000004219000 	/System/Library/PrivateFrameworks/TCC.framework/Versions/A/TCC
0x0000000004219000 	/usr/lib/libmecabra.dylib
0x0000000004219000 	/System/Library/Frameworks/ApplicationServices.framework/Versions/A/Frameworks/ATS.framework/Versions/A/ATS
0x0000000004219000 	/System/Library/Frameworks/ApplicationServices.framework/Versions/A/Frameworks/ColorSync.framework/Versions/A/ColorSync
0x0000000004219000 	/System/Library/Frameworks/ApplicationServices.framework/Versions/A/Frameworks/HIServices.framework/Versions/A/HIServices
0x0000000004219000 	/System/Library/Frameworks/ApplicationServices.framework/Versions/A/Frameworks/LangAnalysis.framework/Versions/A/LangAnalysis
0x0000000004219000 	/System/Library/Frameworks/ApplicationServices.framework/Versions/A/Frameworks/PrintCore.framework/Versions/A/PrintCore
0x0000000004219000 	/System/Library/Frameworks/ApplicationServices.framework/Versions/A/Frameworks/QD.framework/Versions/A/QD
0x0000000004219000 	/System/Library/Frameworks/ApplicationServices.framework/Versions/A/Frameworks/SpeechSynthesis.framework/Versions/A/SpeechSynthesis
0x0000000004219000 	/System/Library/Frameworks/Metal.framework/Versions/A/Metal
0x0000000004219000 	/System/Library/Frameworks/Accelerate.framework/Versions/A/Frameworks/vImage.framework/Versions/A/vImage
0x0000000004219000 	/System/Library/Frameworks/Accelerate.framework/Versions/A/Frameworks/vecLib.framework/Versions/A/vecLib
0x0000000004219000 	/System/Library/Frameworks/Accelerate.framework/Versions/A/Frameworks/vecLib.framework/Versions/A/libvDSP.dylib
0x0000000004219000 	/System/Library/Frameworks/Accelerate.framework/Versions/A/Frameworks/vecLib.framework/Versions/A/libvMisc.dylib
0x0000000004219000 	/System/Library/Frameworks/Accelerate.framework/Versions/A/Frameworks/vecLib.framework/Versions/A/libLAPACK.dylib
0x0000000004219000 	/System/Library/Frameworks/Accelerate.framework/Versions/A/Frameworks/vecLib.framework/Versions/A/libBLAS.dylib
0x0000000004219000 	/System/Library/Frameworks/Accelerate.framework/Versions/A/Frameworks/vecLib.framework/Versions/A/libLinearAlgebra.dylib
0x0000000004219000 	/System/Library/Frameworks/Accelerate.framework/Versions/A/Frameworks/vecLib.framework/Versions/A/libSparseBLAS.dylib
0x0000000004219000 	/System/Library/PrivateFrameworks/GPUCompiler.framework/libmetal_timestamp.dylib
0x0000000004219000 	/System/Library/Frameworks/OpenGL.framework/Versions/A/Libraries/libCoreFSCache.dylib
0x0000000004219000 	/System/Library/PrivateFrameworks/IOAccelerator.framework/Versions/A/IOAccelerator
0x0000000004219000 	/System/Library/Frameworks/ApplicationServices.framework/Versions/A/Frameworks/ATS.framework/Versions/A/Resources/libFontParser.dylib
0x0000000004219000 	/System/Library/Frameworks/ApplicationServices.framework/Versions/A/Frameworks/ATS.framework/Versions/A/Resources/libFontRegistry.dylib
0x0000000004219000 	/System/Library/PrivateFrameworks/AppleVPA.framework/Versions/A/AppleVPA
0x0000000004219000 	/System/Library/PrivateFrameworks/AppleJPEG.framework/Versions/A/AppleJPEG
0x0000000004219000 	/System/Library/Frameworks/ImageIO.framework/Versions/A/Resources/libJPEG.dylib
0x0000000004219000 	/System/Library/Frameworks/ImageIO.framework/Versions/A/Resources/libTIFF.dylib
0x0000000004219000 	/System/Library/Frameworks/ImageIO.framework/Versions/A/Resources/libPng.dylib
0x0000000004219000 	/System/Library/Frameworks/ImageIO.framework/Versions/A/Resources/libGIF.dylib
0x0000000004219000 	/System/Library/Frameworks/ImageIO.framework/Versions/A/Resources/libJP2.dylib
0x0000000004219000 	/System/Library/Frameworks/ImageIO.framework/Versions/A/Resources/libRadiance.dylib
0x0000000004219000 	/System/Library/Frameworks/CoreVideo.framework/Versions/A/CoreVideo
0x0000000004219000 	/System/Library/Frameworks/OpenGL.framework/Versions/A/Libraries/libGLU.dylib
0x0000000004219000 	/System/Library/Frameworks/OpenGL.framework/Versions/A/Libraries/libGFXShared.dylib
0x0000000004219000 	/System/Library/Frameworks/OpenGL.framework/Versions/A/Libraries/libGL.dylib
0x0000000004219000 	/System/Library/Frameworks/OpenGL.framework/Versions/A/Libraries/libGLImage.dylib
0x0000000004219000 	/System/Library/Frameworks/OpenGL.framework/Versions/A/Libraries/libCVMSPluginSupport.dylib
0x0000000004219000 	/System/Library/Frameworks/OpenGL.framework/Versions/A/Libraries/libCoreVMClient.dylib
0x0000000004219000 	/usr/lib/libcups.2.dylib
0x0000000004219000 	/System/Library/Frameworks/Kerberos.framework/Versions/A/Kerberos
0x0000000004219000 	/System/Library/Frameworks/GSS.framework/Versions/A/GSS
0x0000000004219000 	/usr/lib/libresolv.9.dylib
0x0000000004219000 	/usr/lib/libiconv.2.dylib
0x0000000004219000 	/System/Library/PrivateFrameworks/Heimdal.framework/Versions/A/Heimdal
0x0000000004219000 	/usr/lib/libheimdal-asn1.dylib
0x0000000004219000 	/System/Library/Frameworks/OpenDirectory.framework/Versions/A/OpenDirectory
0x0000000004219000 	/System/Library/PrivateFrameworks/CommonAuth.framework/Versions/A/CommonAuth
0x0000000004219000 	/System/Library/Frameworks/OpenDirectory.framework/Versions/A/Frameworks/CFOpenDirectory.framework/Versions/A/CFOpenDirectory
0x0000000004219000 	/System/Library/Frameworks/SecurityFoundation.framework/Versions/A/SecurityFoundation
0x0000000004219000 	/System/Library/PrivateFrameworks/LanguageModeling.framework/Versions/A/LanguageModeling
0x0000000004219000 	/usr/lib/libmarisa.dylib
0x0000000004219000 	/usr/lib/libChineseTokenizer.dylib
0x0000000004219000 	/usr/lib/libcmph.dylib
0x0000000004219000 	/usr/lib/libcompression.dylib
0x0000000004219000 	/System/Library/Frameworks/ServiceManagement.framework/Versions/A/ServiceManagement
0x0000000004219000 	/usr/lib/libxslt.1.dylib
0x0000000004219000 	/System/Library/Frameworks/Carbon.framework/Versions/A/Frameworks/Ink.framework/Versions/A/Ink
0x0000000004219000 	/usr/lib/libFosl_dynamic.dylib
0x0000000004219000 	/System/Library/PrivateFrameworks/FaceCore.framework/Versions/A/FaceCore
0x0000000004219000 	/System/Library/Frameworks/OpenCL.framework/Versions/A/OpenCL
0x0000000004219000 	/System/Library/PrivateFrameworks/CrashReporterSupport.framework/Versions/A/CrashReporterSupport
0x0000000004219000 	/System/Library/PrivateFrameworks/IconServices.framework/Versions/A/IconServices
0x0000000004219000 	/System/Library/PrivateFrameworks/Apple80211.framework/Versions/A/Apple80211
0x0000000004219000 	/System/Library/Frameworks/CoreWLAN.framework/Versions/A/CoreWLAN
0x0000000004219000 	/System/Library/Frameworks/IOBluetooth.framework/Versions/A/IOBluetooth
0x0000000004219000 	/System/Library/PrivateFrameworks/CoreWiFi.framework/Versions/A/CoreWiFi
0x0000000004219000 	/System/Library/Frameworks/CoreBluetooth.framework/Versions/A/CoreBluetooth
0x0000000004219000 	/System/Library/PrivateFrameworks/ChunkingLibrary.framework/Versions/A/ChunkingLibrary
0x0000000004219000 	/System/Library/PrivateFrameworks/DebugSymbols.framework/Versions/A/DebugSymbols
0x0000000004219000 	/System/Library/PrivateFrameworks/CoreSymbolication.framework/Versions/A/CoreSymbolication
0x0000000004219000 	/System/Library/PrivateFrameworks/Symbolication.framework/Versions/A/Symbolication
0x0000000004219000 	/System/Library/PrivateFrameworks/SpeechRecognitionCore.framework/Versions/A/SpeechRecognitionCore
0x000000010a26f000 	/System/Library/CoreServices/Encodings/libSimplifiedChineseConverter.dylib
0x000000010a2b3000 	/Library/Java/JavaVirtualMachines/jdk1.8.0_77.jdk/Contents/Home/jre/lib/server/libjvm.dylib
0x0000000004219000 	/usr/lib/libstdc++.6.dylib
0x000000010b247000 	/Library/Java/JavaVirtualMachines/jdk1.8.0_77.jdk/Contents/Home/jre/lib/libverify.dylib
0x000000010b255000 	/Library/Java/JavaVirtualMachines/jdk1.8.0_77.jdk/Contents/Home/jre/lib/libjava.dylib
0x000000010b293000 	/Library/Java/JavaVirtualMachines/jdk1.8.0_77.jdk/Contents/Home/jre/lib/libzip.dylib
0x000000011eea3000 	/System/Library/Frameworks/JavaVM.framework/Frameworks/JavaRuntimeSupport.framework/JavaRuntimeSupport
0x000000011eebe000 	/System/Library/Frameworks/JavaVM.framework/Versions/A/Frameworks/JavaNativeFoundation.framework/Versions/A/JavaNativeFoundation
0x000000010b3f3000 	/System/Library/Frameworks/JavaVM.framework/Versions/A/JavaVM
0x0000000004219000 	/System/Library/Frameworks/Carbon.framework/Versions/A/Carbon
0x000000011eed3000 	/System/Library/PrivateFrameworks/JavaLaunching.framework/Versions/A/JavaLaunching
0x0000000004219000 	/System/Library/Frameworks/Carbon.framework/Versions/A/Frameworks/CommonPanels.framework/Versions/A/CommonPanels
0x0000000004219000 	/System/Library/Frameworks/Carbon.framework/Versions/A/Frameworks/Help.framework/Versions/A/Help
0x0000000004219000 	/System/Library/Frameworks/Carbon.framework/Versions/A/Frameworks/ImageCapture.framework/Versions/A/ImageCapture
0x0000000004219000 	/System/Library/Frameworks/Carbon.framework/Versions/A/Frameworks/OpenScripting.framework/Versions/A/OpenScripting
0x0000000004219000 	/System/Library/Frameworks/Carbon.framework/Versions/A/Frameworks/Print.framework/Versions/A/Print
0x0000000004219000 	/System/Library/Frameworks/Carbon.framework/Versions/A/Frameworks/SecurityHI.framework/Versions/A/SecurityHI
0x00000001209af000 	/Applications/IntelliJ IDEA CE.app/Contents/bin/libbreakgen64.jnilib
0x00000001209b2000 	/Library/Java/JavaVirtualMachines/jdk1.8.0_77.jdk/Contents/Home/jre/lib/libnet.dylib
0x0000000120a17000 	/Library/Java/JavaVirtualMachines/jdk1.8.0_77.jdk/Contents/Home/jre/lib/libawt.dylib
0x0000000120abf000 	/Library/Java/JavaVirtualMachines/jdk1.8.0_77.jdk/Contents/Home/jre/lib/./libmlib_image.dylib
0x0000000120b8b000 	/Library/Java/JavaVirtualMachines/jdk1.8.0_77.jdk/Contents/Home/jre/lib/libawt_lwawt.dylib
0x0000000120c40000 	/Library/Java/JavaVirtualMachines/jdk1.8.0_77.jdk/Contents/Home/jre/lib/./libosxapp.dylib
0x0000000004219000 	/System/Library/Frameworks/ExceptionHandling.framework/Versions/A/ExceptionHandling
0x0000000004219000 	/System/Library/PrivateFrameworks/CoreServicesInternal.framework/Versions/A/CoreServicesInternal
0x000000012146d000 	/Library/Java/JavaVirtualMachines/jdk1.8.0_77.jdk/Contents/Home/jre/lib/libfontmanager.dylib
0x0000000004219000 	/System/Library/Frameworks/OpenGL.framework/Versions/A/Resources/GLEngine.bundle/GLEngine
0x0000000004219000 	/System/Library/Frameworks/OpenGL.framework/Versions/A/Libraries/libGLProgrammability.dylib
0x00000001214d4000 	/System/Library/Extensions/AppleIntelBDWGraphicsGLDriver.bundle/Contents/MacOS/AppleIntelBDWGraphicsGLDriver
0x0000000004219000 	/System/Library/PrivateFrameworks/GPUSupport.framework/Versions/A/Libraries/libGPUSupportMercury.dylib
0x0000000004219000 	/System/Library/Frameworks/OpenGL.framework/Versions/A/Resources/GLRendererFloat.bundle/GLRendererFloat
0x0000000004219000 	/System/Library/Frameworks/OpenCL.framework/Versions/A/Libraries/libcldcpuengine.dylib
0x0000000004219000 	/System/Library/PrivateFrameworks/DiskImages.framework/Versions/A/DiskImages
0x0000000004219000 	/System/Library/Frameworks/DiscRecording.framework/Versions/A/DiscRecording
0x0000000004219000 	/usr/lib/libcsfde.dylib
0x0000000004219000 	/usr/lib/libcurl.4.dylib
0x0000000004219000 	/System/Library/PrivateFrameworks/MediaKit.framework/Versions/A/MediaKit
0x0000000004219000 	/System/Library/PrivateFrameworks/ProtectedCloudStorage.framework/Versions/A/ProtectedCloudStorage
0x0000000004219000 	/usr/lib/libCoreStorage.dylib
0x0000000004219000 	/System/Library/PrivateFrameworks/EFILogin.framework/Versions/A/EFILogin
0x0000000004219000 	/usr/lib/libutil.dylib
0x0000000004219000 	/System/Library/PrivateFrameworks/FindMyDevice.framework/Versions/A/FindMyDevice
0x0000000004219000 	/System/Library/Frameworks/LDAP.framework/Versions/A/LDAP
0x0000000004219000 	/usr/lib/libsasl2.2.dylib
0x0000000004219000 	/System/Library/PrivateFrameworks/CoreDaemon.framework/Versions/B/CoreDaemon
0x0000000004219000 	/usr/lib/libcrypto.0.9.8.dylib
0x0000000004219000 	/System/Library/PrivateFrameworks/AppleSRP.framework/Versions/A/AppleSRP
0x0000000004219000 	/System/Library/PrivateFrameworks/TrustEvaluationAgent.framework/Versions/A/TrustEvaluationAgent
0x0000000122473000 	/Users/Che/.swt/lib/macosx/x86_64/libswt-cocoa-4527.jnilib
0x0000000004219000 	/System/Library/Frameworks/WebKit.framework/Versions/A/WebKit
0x0000000004219000 	/System/Library/Frameworks/JavaScriptCore.framework/Versions/A/JavaScriptCore
0x0000000004219000 	/System/Library/Frameworks/SecurityInterface.framework/Versions/A/SecurityInterface
0x0000000004219000 	/System/Library/Frameworks/WebKit.framework/Versions/A/Frameworks/WebKitLegacy.framework/Versions/A/WebKitLegacy
0x0000000004219000 	/System/Library/Frameworks/WebKit.framework/Versions/A/Frameworks/WebCore.framework/Versions/A/WebCore
0x0000000122540000 	/Users/Che/.swt/lib/macosx/x86_64/libswt-pi-cocoa-4527.jnilib
0x0000000004219000 	/System/Library/Frameworks/CoreGraphics.framework/Versions/A/Resources/libCGXType.A.dylib
0x0000000004219000 	/System/Library/Frameworks/Accelerate.framework/Versions/A/Frameworks/vImage.framework/Versions/A/Libraries/libCGInterfaces.dylib
0x0000000129383000 	/System/Library/Frameworks/ApplicationServices.framework/Frameworks/ATS.framework/Resources/libFontRegistryUI.dylib
0x0000000129407000 	/System/Library/Frameworks/ApplicationServices.framework/Versions/A/Frameworks/ATS.framework/Versions/A/Resources/ATSHI.dylib
0x0000000004219000 	/System/Library/Frameworks/CoreGraphics.framework/Versions/A/Resources/libRIP.A.dylib
0x0000000004219000 	/System/Library/PrivateFrameworks/FamilyControls.framework/Versions/A/FamilyControls
0x0000000004219000 	/System/Library/PrivateFrameworks/CommerceKit.framework/Versions/A/Frameworks/CommerceCore.framework/Versions/A/CommerceCore
0x0000000004219000 	/System/Library/PrivateFrameworks/SystemAdministration.framework/Versions/A/SystemAdministration
0x0000000004219000 	/System/Library/PrivateFrameworks/AppContainer.framework/Versions/A/AppContainer
0x0000000004219000 	/System/Library/PrivateFrameworks/SecCodeWrapper.framework/Versions/A/SecCodeWrapper
0x0000000004219000 	/System/Library/Frameworks/DirectoryService.framework/Versions/A/DirectoryService
0x0000000004219000 	/System/Library/PrivateFrameworks/LoginUIKit.framework/Versions/A/Frameworks/LoginUICore.framework/Versions/A/LoginUICore
0x0000000004219000 	/usr/lib/libodfde.dylib
0x000000012a623000 	cl_kernels
0x0000000004219000 	/System/Library/Frameworks/OpenCL.framework/Versions/A/Libraries/ImageFormats/unorm8_bgra.dylib
0x0000000004219000 	/System/Library/Frameworks/OpenCL.framework/Versions/A/Libraries/ImageFormats/unorm8_rgba.dylib
0x0000000004219000 	/System/Library/PrivateFrameworks/FinderKit.framework/Versions/A/FinderKit
0x0000000004219000 	/System/Library/Frameworks/Quartz.framework/Versions/A/Frameworks/QuickLookUI.framework/Versions/A/QuickLookUI
0x0000000004219000 	/System/Library/Frameworks/Quartz.framework/Versions/A/Frameworks/ImageKit.framework/Versions/A/ImageKit
0x0000000004219000 	/System/Library/PrivateFrameworks/Bom.framework/Versions/A/Bom
0x0000000004219000 	/System/Library/Frameworks/QuickLook.framework/Versions/A/QuickLook
0x0000000004219000 	/System/Library/PrivateFrameworks/Suggestions.framework/Versions/A/Suggestions
0x0000000004219000 	/System/Library/PrivateFrameworks/AppleSystemInfo.framework/Versions/A/AppleSystemInfo
0x0000000004219000 	/System/Library/Frameworks/ImageCaptureCore.framework/Versions/A/ImageCaptureCore
0x0000000004219000 	/System/Library/PrivateFrameworks/SafariServices.framework/Versions/A/SafariServices
0x0000000004219000 	/usr/lib/libspindump.dylib
0x0000000004219000 	/System/Library/Frameworks/QTKit.framework/Versions/A/QTKit
0x0000000004219000 	/System/Library/Frameworks/AVFoundation.framework/Versions/A/AVFoundation
0x0000000004219000 	/System/Library/Frameworks/CoreMedia.framework/Versions/A/CoreMedia
0x0000000004219000 	/System/Library/Frameworks/MediaToolbox.framework/Versions/A/MediaToolbox
0x0000000004219000 	/System/Library/Frameworks/VideoToolbox.framework/Versions/A/VideoToolbox
0x0000000004219000 	/System/Library/PrivateFrameworks/CoreMediaAuthoring.framework/Versions/A/CoreMediaAuthoring
0x0000000004219000 	/System/Library/Frameworks/CoreMediaIO.framework/Versions/A/CoreMediaIO
0x0000000004219000 	/System/Library/Frameworks/AVFoundation.framework/Versions/A/Resources/libAVFAudio.dylib
0x0000000004219000 	/System/Library/PrivateFrameworks/CoreAVCHD.framework/Versions/A/CoreAVCHD
0x0000000004219000 	/System/Library/Frameworks/MediaAccessibility.framework/Versions/A/MediaAccessibility
0x0000000004219000 	/System/Library/PrivateFrameworks/Mangrove.framework/Versions/A/Mangrove
0x0000000004219000 	/System/Library/PrivateFrameworks/CoreAUC.framework/Versions/A/CoreAUC
0x0000000004219000 	/System/Library/PrivateFrameworks/AppleVA.framework/Versions/A/AppleVA
0x0000000004219000 	/System/Library/PrivateFrameworks/XPCService.framework/Versions/A/XPCService
0x0000000004219000 	/System/Library/PrivateFrameworks/AppSandbox.framework/Versions/A/AppSandbox
0x0000000004219000 	/usr/lib/libsandbox.1.dylib
0x0000000004219000 	/usr/lib/libMatch.1.dylib
0x0000000004219000 	/System/Library/PrivateFrameworks/DisplayServices.framework/Versions/A/DisplayServices
0x0000000004219000 	/System/Library/Frameworks/Quartz.framework/Versions/A/Frameworks/PDFKit.framework/Versions/A/PDFKit
0x0000000004219000 	/System/Library/Frameworks/Quartz.framework/Versions/A/Frameworks/QuartzComposer.framework/Versions/A/QuartzComposer
0x0000000004219000 	/System/Library/Frameworks/Quartz.framework/Versions/A/Frameworks/QuartzFilters.framework/Versions/A/QuartzFilters
0x0000000004219000 	/System/Library/PrivateFrameworks/CorePDF.framework/Versions/A/CorePDF
0x0000000004219000 	/System/Library/PrivateFrameworks/AppleFSCompression.framework/Versions/A/AppleFSCompression
0x0000000004219000 	/System/Library/Frameworks/AddressBook.framework/Versions/A/AddressBook
0x0000000004219000 	/System/Library/PrivateFrameworks/ContactsPersistence.framework/Versions/A/ContactsPersistence
0x0000000004219000 	/System/Library/PrivateFrameworks/ContactsFoundation.framework/Versions/A/ContactsFoundation
0x0000000004219000 	/System/Library/PrivateFrameworks/vCard.framework/Versions/A/vCard
0x0000000004219000 	/System/Library/PrivateFrameworks/IntlPreferences.framework/Versions/A/IntlPreferences
0x0000000004219000 	/System/Library/PrivateFrameworks/ToneLibrary.framework/Versions/A/ToneLibrary
0x0000000004219000 	/System/Library/PrivateFrameworks/ToneKit.framework/Versions/A/ToneKit
0x0000000004219000 	/System/Library/PrivateFrameworks/ApplePushService.framework/Versions/A/ApplePushService
0x0000000004219000 	/System/Library/PrivateFrameworks/PhoneNumbers.framework/Versions/A/PhoneNumbers
0x0000000004219000 	/System/Library/PrivateFrameworks/ViewBridge.framework/Versions/A/ViewBridge
0x0000000004219000 	/System/Library/Frameworks/Quartz.framework/Versions/A/Quartz
0x0000000004219000 	/System/Library/PrivateFrameworks/CloudDocs.framework/Versions/A/CloudDocs
0x0000000004219000 	/System/Library/PrivateFrameworks/CoreDuet.framework/Versions/A/CoreDuet
0x0000000004219000 	/System/Library/Frameworks/CloudKit.framework/Versions/A/CloudKit
0x0000000004219000 	/System/Library/PrivateFrameworks/ProtocolBuffer.framework/Versions/A/ProtocolBuffer
0x0000000004219000 	/System/Library/PrivateFrameworks/CoreDuetDaemonProtocol.framework/Versions/A/CoreDuetDaemonProtocol
0x0000000004219000 	/System/Library/PrivateFrameworks/CoreDuetDebugLogging.framework/Versions/A/CoreDuetDebugLogging
0x0000000004219000 	/System/Library/PrivateFrameworks/MMCS.framework/Versions/A/MMCS
0x0000000004219000 	/System/Library/Frameworks/CoreLocation.framework/Versions/A/CoreLocation
0x0000000004219000 	/System/Library/PrivateFrameworks/AssetCacheServices.framework/Versions/A/AssetCacheServices
0x0000000004219000 	/System/Library/PrivateFrameworks/GeoServices.framework/Versions/A/GeoServices
0x0000000004219000 	/System/Library/PrivateFrameworks/PlugInKit.framework/Versions/A/PlugInKit
0x0000000004219000 	/System/Library/PrivateFrameworks/CacheDelete.framework/Versions/A/CacheDelete
0x0000000004219000 	/System/Library/CoreServices/RawCamera.bundle/Contents/MacOS/RawCamera
0x000000012aa7f000 	/System/Library/Frameworks/Security.framework/PlugIns/csparser.bundle/Contents/MacOS/csparser
0x000000012aadf000 	/System/Library/Extensions/AppleIntelBDWGraphicsMTLDriver.bundle/Contents/MacOS/AppleIntelBDWGraphicsMTLDriver
0x0000000004219000 	/System/Library/PrivateFrameworks/Shortcut.framework/Versions/A/Shortcut
0x0000000004219000 	/System/Library/PrivateFrameworks/HelpData.framework/Versions/A/HelpData
0x0000000004219000 	/usr/lib/libtidy.A.dylib
0x0000000004219000 	/System/Library/Frameworks/CoreGraphics.framework/Versions/A/Resources/libCGXCoreImage.A.dylib
0x000000012e16f000 	cl_kernels
0x000000012b09e000 	/Library/Java/JavaVirtualMachines/jdk1.8.0_77.jdk/Contents/Home/jre/lib/libnio.dylib

VM Arguments:
jvm_args: -Didea.launcher.port=7532 -Didea.launcher.bin.path=/Applications/IntelliJ IDEA CE.app/Contents/bin -Dfile.encoding=UTF-8 
java_command: com.intellij.rt.execution.application.AppMain edu.nju.cs.inform.gui.Retro
java_class_path (initial): /Library/Java/JavaVirtualMachines/jdk1.8.0_77.jdk/Contents/Home/jre/lib/charsets.jar:/Library/Java/JavaVirtualMachines/jdk1.8.0_77.jdk/Contents/Home/jre/lib/deploy.jar:/Library/Java/JavaVirtualMachines/jdk1.8.0_77.jdk/Contents/Home/jre/lib/ext/cldrdata.jar:/Library/Java/JavaVirtualMachines/jdk1.8.0_77.jdk/Contents/Home/jre/lib/ext/dnsns.jar:/Library/Java/JavaVirtualMachines/jdk1.8.0_77.jdk/Contents/Home/jre/lib/ext/jaccess.jar:/Library/Java/JavaVirtualMachines/jdk1.8.0_77.jdk/Contents/Home/jre/lib/ext/jfxrt.jar:/Library/Java/JavaVirtualMachines/jdk1.8.0_77.jdk/Contents/Home/jre/lib/ext/localedata.jar:/Library/Java/JavaVirtualMachines/jdk1.8.0_77.jdk/Contents/Home/jre/lib/ext/nashorn.jar:/Library/Java/JavaVirtualMachines/jdk1.8.0_77.jdk/Contents/Home/jre/lib/ext/sunec.jar:/Library/Java/JavaVirtualMachines/jdk1.8.0_77.jdk/Contents/Home/jre/lib/ext/sunjce_provider.jar:/Library/Java/JavaVirtualMachines/jdk1.8.0_77.jdk/Contents/Home/jre/lib/ext/sunpkcs11.jar:/Library/Java/JavaVirtualMachines/jdk1.8.0_77.jdk/Contents/Home/jre/lib/ext/zipfs.jar:/Library/Java/JavaVirtualMachines/jdk1.8.0_77.jdk/Contents/Home/jre/lib/javaws.jar:/Library/Java/JavaVirtualMachines/jdk1.8.0_77.jdk/Contents/Home/jre/lib/jce.jar:/Library/Java/JavaVirtualMachines/jdk1.8.0_77.jdk/Contents/Home/jre/lib/jfr.jar:/Library/Java/JavaVirtualMachines/jdk1.8.0_77.jdk/Contents/Home/jre/lib/jfxswt.jar:/Library/Java/JavaVirtualMachines/jdk1.8.0_77.jdk/Contents/Home/jre/lib/jsse.jar:/Library/Java/JavaVirtualMachines/jdk1.8.0_77.jdk/Contents/Home/jre/lib/management-agent.jar:/Library/Java/JavaVirtualMachines/jdk1.8.0_77.jdk/Contents/Home/jre/lib/plugin.jar:/Library/Java/JavaVirtualMachines/jdk1.8.0_77.jdk/Contents/Home/jre/lib/resources.jar:/Library/Java/JavaVirtualMachines/jdk1.8.0_77.jdk/Contents/Home/jre/lib/rt.jar:/Library/Java/JavaVirtualMachines/jdk1.8.0_77.jdk/Contents/Home/lib/ant-javafx.jar:/Library/Java/JavaVirtualMachines/jdk1.8.0_77.jdk/Contents/Home/lib/dt.jar:/Library/Ja
Launcher Type: SUN_STANDARD

Environment Variables:
PATH=/usr/local/lib/dnx/runtimes/dnx-coreclr-darwin-x64.1.0.0-rc1-update1/bin:/Users/Che/.dnx/bin:/usr/local/bin:/usr/bin:/bin:/usr/sbin:/sbin
SHELL=/bin/bash

Signal Handlers:
SIGSEGV: [libjvm.dylib+0x5a6855], sa_mask[0]=11111111011111110111111111111111, sa_flags=SA_ONSTACK|SA_RESTART|SA_SIGINFO
SIGBUS: [libjvm.dylib+0x5a6855], sa_mask[0]=11111111011111110111111111111111, sa_flags=SA_RESTART|SA_SIGINFO
SIGFPE: [libjvm.dylib+0x4804ec], sa_mask[0]=11111111011111110111111111111111, sa_flags=SA_RESTART|SA_SIGINFO
SIGPIPE: [libjvm.dylib+0x4804ec], sa_mask[0]=11111111011111110111111111111111, sa_flags=SA_RESTART|SA_SIGINFO
SIGXFSZ: [libjvm.dylib+0x4804ec], sa_mask[0]=11111111011111110111111111111111, sa_flags=SA_RESTART|SA_SIGINFO
SIGILL: [libjvm.dylib+0x4804ec], sa_mask[0]=11111111011111110111111111111111, sa_flags=SA_RESTART|SA_SIGINFO
SIGUSR1: SIG_DFL, sa_mask[0]=00000000000000000000000000000000, sa_flags=none
SIGUSR2: [libjvm.dylib+0x48000a], sa_mask[0]=00100000000000000000000000000000, sa_flags=SA_RESTART|SA_SIGINFO
SIGHUP: [libjvm.dylib+0x47e5e1], sa_mask[0]=11111111011111110111111111111111, sa_flags=SA_RESTART|SA_SIGINFO
SIGINT: [libjvm.dylib+0x47e5e1], sa_mask[0]=11111111011111110111111111111111, sa_flags=SA_RESTART|SA_SIGINFO
SIGTERM: [libjvm.dylib+0x47e5e1], sa_mask[0]=11111111011111110111111111111111, sa_flags=SA_RESTART|SA_SIGINFO
SIGQUIT: [libjvm.dylib+0x47e5e1], sa_mask[0]=11111111011111110111111111111111, sa_flags=SA_RESTART|SA_SIGINFO


---------------  S Y S T E M  ---------------

OS:Bsduname:Darwin 15.3.0 Darwin Kernel Version 15.3.0: Thu Dec 10 18:40:58 PST 2015; root:xnu-3248.30.4~1/RELEASE_X86_64 x86_64
rlimit: STACK 8192k, CORE 0k, NPROC 709, NOFILE 10240, AS infinity
load average:2.87 2.71 1.47

CPU:total 4 (2 cores per cpu, 2 threads per core) family 6 model 61 stepping 4, cmov, cx8, fxsr, mmx, sse, sse2, sse3, ssse3, sse4.1, sse4.2, popcnt, avx, avx2, aes, clmul, erms, 3dnowpref, lzcnt, ht, tsc, tscinvbit, bmi1, bmi2, adx

Memory: 4k page, physical 4194304k(339548k free)

/proc/meminfo:


vm_info: Java HotSpot(TM) 64-Bit Server VM (25.77-b03) for bsd-amd64 JRE (1.8.0_77-b03), built on Mar 20 2016 22:14:03 by "java_re" with gcc 4.2.1 (Based on Apple Inc. build 5658) (LLVM build 2336.11.00)

time: Mon Mar 28 09:35:57 2016
elapsed time: 80 seconds (0d 0h 1m 20s)

