#
# A fatal error has been detected by the Java Runtime Environment:
#
#  SIGSEGV (0xb) at pc=0x00000001262f9ce9, pid=5779, tid=11267
#
# JRE version: Java(TM) SE Runtime Environment (8.0_77-b03) (build 1.8.0_77-b03)
# Java VM: Java HotSpot(TM) 64-Bit Server VM (25.77-b03 mixed mode bsd-amd64 compressed oops)
# Problematic frame:
# C  [libswt-cocoa-4527.jnilib+0x25ce9]  callback+0x297
#
# Failed to write core dump. Core dumps have been disabled. To enable core dumping, try "ulimit -c unlimited" before starting Java again
#
# If you would like to submit a bug report, please visit:
#   http://bugreport.java.com/bugreport/crash.jsp
#

---------------  T H R E A D  ---------------

Current thread (0x00007fd3ea831000):  VMThread [stack: 0x0000700000526000,0x0000700000626000] [id=11267]

siginfo: si_signo: 11 (SIGSEGV), si_code: 1 (SEGV_MAPERR), si_addr: 0x0000000000000078

Registers:
RAX=0x0000000000000000, RBX=0x00007fd3eb4a1cb0, RCX=0x0000700000625764, RDX=0x0000000000000001
RSP=0x0000700000625790, RBP=0x00007000006258c0, RSI=0x0000000000000000, RDI=0x0000000000000000
R8 =0x0000000000000000, R9 =0x0000000000000000, R10=0x00007fd3e919c920, R11=0x00007fd3e8e2ae70
R12=0x00007fff8b1e74c0, R13=0x00007fff8b1e74c0, R14=0x0000000000000000, R15=0x0000000000000000
RIP=0x00000001262f9ce9, EFLAGS=0x0000000000010202, ERR=0x0000000000000004
  TRAPNO=0x000000000000000e

Top of Stack: (sp=0x0000700000625790)
0x0000700000625790:   00000001262f9adb 00007fff7999c2e0
0x00007000006257a0:   00007fff7999c2d8 000000007d7aa9c8
0x00007000006257b0:   00007fff9f5e9d23 00007fff9ecdad96
0x00007000006257c0:   0000000000000000 00007fd3ea8311f8
0x00007000006257d0:   00007fd3e8c1e0c8 00007fd3e8c1a8f8
0x00007000006257e0:   0000000200010000 0000000000000000
0x00007000006257f0:   0000700000625850 00007fff00000000
0x0000700000625800:   ffff802c172b3d00 000000010de9f000
0x0000700000625810:   00007fd3eb6946e0 00007fd3e8f36890
0x0000700000625820:   00007fff9f5eb70f 0000000000000000
0x0000700000625830:   0000000000000000 0000000000000000
0x0000700000625840:   0000000000000000 00000000000000e0
0x0000700000625850:   0000700000625920 00007fff8b1e7591
0x0000700000625860:   0000000000000000 0000000000000000
0x0000700000625870:   0000000000000000 0000000000000000
0x0000700000625880:   00007fff9f5e9d23 00007fd3eb4a1cb0
0x0000700000625890:   00007fd3eb62aba0 00007fff7b8f22a0
0x00007000006258a0:   0000000000000000 0000000000000000
0x00007000006258b0:   0000000000000000 0000000000000000
0x00007000006258c0:   00007000006258e0 00000001262d825e
0x00007000006258d0:   00007fff9f5eb70f 00007fd3e8f36890
0x00007000006258e0:   0000700000625920 00007fff9ecdae0c
0x00007000006258f0:   0000000000000000 0000000000000000
0x0000700000625900:   0000700000625990 00000000000000f8
0x0000700000625910:   0000000000000000 00000000000000e0
0x0000700000625920:   0000700000625960 00007fff9ee4405e
0x0000700000625930:   0000000000000000 00007fd3eb4a1cb0
0x0000700000625940:   00000000000000f8 00007fff8b1e74c0
0x0000700000625950:   0000000000000000 00007fff79a59c80
0x0000700000625960:   00007000006259e0 00007fff9ee43e2d
0x0000700000625970:   0000000000000000 0000000000000000
0x0000700000625980:   0000000000000000 0000000000000000 

Instructions: (pc=0x00000001262f9ce9)
0x00000001262f9cc9:   ff ff 01 00 00 00 48 8b 85 08 ff ff ff 48 85 c0
0x00000001262f9cd9:   0f 84 9f 03 00 00 48 8b 85 08 ff ff ff 48 8b 00
0x00000001262f9ce9:   48 8b 40 78 48 8b bd 08 ff ff ff ff d0 48 89 85
0x00000001262f9cf9:   30 ff ff ff 48 83 bd 30 ff ff ff 00 74 26 48 8b 

Register to memory mapping:

RAX=0x0000000000000000 is an unknown value
RBX=0x00007fd3eb4a1cb0 is an unknown value
RCX=0x0000700000625764 is an unknown value
RDX=0x0000000000000001 is an unknown value
RSP=0x0000700000625790 is an unknown value
RBP=0x00007000006258c0 is an unknown value
RSI=0x0000000000000000 is an unknown value
RDI=0x0000000000000000 is an unknown value
R8 =0x0000000000000000 is an unknown value
R9 =0x0000000000000000 is an unknown value
R10=0x00007fd3e919c920 is an unknown value
R11=0x00007fd3e8e2ae70 is an unknown value
R12=0x00007fff8b1e74c0: objc_msgSend+0 in /usr/lib/libobjc.A.dylib at 0x00007fff8b1e6000
R13=0x00007fff8b1e74c0: objc_msgSend+0 in /usr/lib/libobjc.A.dylib at 0x00007fff8b1e6000
R14=0x0000000000000000 is an unknown value
R15=0x0000000000000000 is an unknown value


Stack: [0x0000700000526000,0x0000700000626000],  sp=0x0000700000625790,  free space=1021k
Native frames: (J=compiled Java code, j=interpreted, Vv=VM code, C=native code)
C  [libswt-cocoa-4527.jnilib+0x25ce9]  callback+0x297
C  [libswt-cocoa-4527.jnilib+0x425e]  fn0_2+0x27
C  [AppKit+0x128e0c]  -[NSWindow orderWindow:relativeTo:]+0x76
C  [AppKit+0x29205e]  __18-[NSWindow _close]_block_invoke+0x1eb
C  [AppKit+0x291e2d]  -[NSWindow _close]+0x176
C  [FinderKit+0xa654b]  -[FI_TFloatingInputWindowController dealloc]+0x3b
C  [libobjc.A.dylib+0x8288]  _ZN11objc_object17sidetable_releaseEb+0xf2
C  [AppKit+0x166cce]  -[NSWindowController release]+0x9a
C  [FinderKit+0xa6dea]  _ZN4TRefIP33FI_TFloatingInputWindowController23OBJCRetainReleasePolicyIS1_EED2Ev+0xc
C  [libsystem_c.dylib+0x5f46b]  __cxa_finalize_ranges+0x159
C  [libsystem_c.dylib+0x5f76f]  exit+0x37
V  [libjvm.dylib+0x2e8b06]
V  [libjvm.dylib+0x5adb31]
V  [libjvm.dylib+0x5ac19b]
V  [libjvm.dylib+0x5ac5e8]
V  [libjvm.dylib+0x5abf07]
V  [libjvm.dylib+0x482eda]
C  [libsystem_pthread.dylib+0x3c13]  _pthread_body+0x83
C  [libsystem_pthread.dylib+0x3b90]  _pthread_body+0x0
C  [libsystem_pthread.dylib+0x1375]  thread_start+0xd

VM_Operation (0x00007fff51d75708): Exit, mode: safepoint, requested by thread 0x00007fd3ea802000


---------------  P R O C E S S  ---------------

Java Threads: ( => current thread )
  0x00007fd3eaa1a000 JavaThread "Java2D Disposer" daemon [_thread_blocked, id=32259, stack(0x000070000114d000,0x000070000124d000)]
  0x00007fd3eaa0d800 JavaThread "Java2D Queue Flusher" daemon [_thread_blocked, id=29447, stack(0x000070000104a000,0x000070000114a000)]
  0x00007fd3e903c800 JavaThread "Monitor Ctrl-Break" daemon [_thread_in_native, id=18947, stack(0x0000700000f47000,0x0000700001047000)]
  0x00007fd3ea859800 JavaThread "Service Thread" daemon [_thread_blocked, id=17923, stack(0x0000700000d41000,0x0000700000e41000)]
  0x00007fd3ea003800 JavaThread "C1 CompilerThread2" daemon [_thread_blocked, id=17411, stack(0x0000700000c3e000,0x0000700000d3e000)]
  0x00007fd3ea857000 JavaThread "C2 CompilerThread1" daemon [_thread_blocked, id=16899, stack(0x0000700000b3b000,0x0000700000c3b000)]
  0x00007fd3ea832800 JavaThread "C2 CompilerThread0" daemon [_thread_blocked, id=16387, stack(0x0000700000a38000,0x0000700000b38000)]
  0x00007fd3e903a800 JavaThread "Signal Dispatcher" daemon [_thread_blocked, id=13071, stack(0x0000700000935000,0x0000700000a35000)]
  0x00007fd3ea832000 JavaThread "Finalizer" daemon [_thread_blocked, id=12291, stack(0x000070000072c000,0x000070000082c000)]
  0x00007fd3ea013800 JavaThread "Reference Handler" daemon [_thread_blocked, id=11779, stack(0x0000700000629000,0x0000700000729000)]
  0x00007fd3ea802000 JavaThread "main" [_thread_blocked, id=2571, stack(0x00007fff5157c000,0x00007fff51d7c000)]

Other Threads:
=>0x00007fd3ea831000 VMThread [stack: 0x0000700000526000,0x0000700000626000] [id=11267]

VM state:at safepoint (shutting down)

VM Mutex/Monitor currently owned by a thread:  ([mutex/lock_event])
[0x00007fd3e8d1c290] Threads_lock - owner thread: 0x00007fd3ea831000

Heap:
 PSYoungGen      total 18944K, used 15602K [0x00000007aab00000, 0x00000007ac000000, 0x00000007c0000000)
  eden space 16384K, 95% used [0x00000007aab00000,0x00000007aba3c990,0x00000007abb00000)
  from space 2560K, 0% used [0x00000007abd80000,0x00000007abd80000,0x00000007ac000000)
  to   space 2560K, 0% used [0x00000007abb00000,0x00000007abb00000,0x00000007abd80000)
 ParOldGen       total 44032K, used 0K [0x0000000780000000, 0x0000000782b00000, 0x00000007aab00000)
  object space 44032K, 0% used [0x0000000780000000,0x0000000780000000,0x0000000782b00000)
 Metaspace       used 8074K, capacity 8220K, committed 8448K, reserved 1056768K
  class space    used 934K, capacity 988K, committed 1024K, reserved 1048576K

Card table byte_map: [0x000000011edc0000,0x000000011efc1000] byte_map_base: 0x000000011b1c0000

Marking Bits: (ParMarkBitMap*) 0x000000010e9f7ea0
 Begin Bits: [0x000000011f117000, 0x0000000120117000)
 End Bits:   [0x0000000120117000, 0x0000000121117000)

Polling page: 0x000000010f0eb000

CodeCache: size=245760Kb used=2929Kb max_used=2949Kb free=242830Kb
 bounds [0x000000010fa00000, 0x000000010fcf0000, 0x000000011ea00000]
 total_blobs=1113 nmethods=631 adapters=395
 compilation: enabled

Compilation events (10 events):
Event: 118.362 Thread 0x00007fd3ea857000  628       4       org.eclipse.swt.widgets.Widget::hitTest (36 bytes)
Event: 118.364 Thread 0x00007fd3ea857000 nmethod 628 0x000000010fccfa10 code [0x000000010fccfb80, 0x000000010fccfcb8]
Event: 118.450 Thread 0x00007fd3ea832800  629       4       org.eclipse.swt.widgets.Control::isActive (73 bytes)
Event: 118.455 Thread 0x00007fd3ea832800 nmethod 629 0x000000010fcd3590 code [0x000000010fcd3720, 0x000000010fcd3958]
Event: 118.726 Thread 0x00007fd3ea857000  630       4       org.eclipse.swt.widgets.Control::getShell (12 bytes)
Event: 118.731 Thread 0x00007fd3ea857000 nmethod 630 0x000000010fcd2d50 code [0x000000010fcd2ee0, 0x000000010fcd31b8]
Event: 119.350 Thread 0x00007fd3ea003800  631       3       org.eclipse.swt.widgets.Control::getVisible (20 bytes)
Event: 119.350 Thread 0x00007fd3ea003800 nmethod 631 0x000000010fccf550 code [0x000000010fccf6c0, 0x000000010fccf948]
Event: 120.901 Thread 0x00007fd3ea832800  632       4       org.eclipse.swt.widgets.Display::windowProc (2606 bytes)
Event: 121.024 Thread 0x00007fd3ea832800 nmethod 632 0x000000010fcdba90 code [0x000000010fcdc320, 0x000000010fce0288]

GC Heap History (0 events):
No events

Deoptimization events (7 events):
Event: 51.763 Thread 0x00007fd3ea802000 Uncommon trap: reason=class_check action=maybe_recompile pc=0x000000010fc9e48c method=org.eclipse.swt.widgets.Display.windowProc(JJJ)J @ 783
Event: 51.763 Thread 0x00007fd3ea802000 Uncommon trap: reason=class_check action=maybe_recompile pc=0x000000010fc9e478 method=org.eclipse.swt.widgets.Display.windowProc(JJJ)J @ 425
Event: 53.246 Thread 0x00007fd3ea802000 Uncommon trap: reason=class_check action=maybe_recompile pc=0x000000010fc9e48c method=org.eclipse.swt.widgets.Display.windowProc(JJJ)J @ 783
Event: 53.265 Thread 0x00007fd3ea802000 Uncommon trap: reason=class_check action=maybe_recompile pc=0x000000010fc9e478 method=org.eclipse.swt.widgets.Display.windowProc(JJJ)J @ 425
Event: 56.631 Thread 0x00007fd3ea802000 Uncommon trap: reason=unstable_if action=reinterpret pc=0x000000010fcab5a4 method=org.eclipse.swt.widgets.Display.windowProc(JJJ)J @ 1004
Event: 123.707 Thread 0x00007fd3ea802000 Uncommon trap: reason=bimorphic action=maybe_recompile pc=0x000000010fcdf8dc method=org.eclipse.swt.widgets.Display.windowProc(JJJ)J @ 485
Event: 123.707 Thread 0x00007fd3ea802000 Uncommon trap: reason=bimorphic action=maybe_recompile pc=0x000000010fcdf8dc method=org.eclipse.swt.widgets.Display.windowProc(JJJ)J @ 485

Internal exceptions (10 events):
Event: 0.043 Thread 0x00007fd3ea802000 Exception <a 'java/lang/NoSuchMethodError': Method sun.misc.Unsafe.defineClass(Ljava/lang/String;[BII)Ljava/lang/Class; name or signature does not match> (0x00000007aab07cc0) thrown at [/Users/java_re/workspace/8-2-build-macosx-x86_64/jdk8u77/6540/hotspot
Event: 0.043 Thread 0x00007fd3ea802000 Exception <a 'java/lang/NoSuchMethodError': Method sun.misc.Unsafe.prefetchRead(Ljava/lang/Object;J)V name or signature does not match> (0x00000007aab07fa8) thrown at [/Users/java_re/workspace/8-2-build-macosx-x86_64/jdk8u77/6540/hotspot/src/share/vm/prim
Event: 0.381 Thread 0x00007fd3ea802000 Exception <a 'java/security/PrivilegedActionException'> (0x00000007aaef1478) thrown at [/Users/java_re/workspace/8-2-build-macosx-x86_64/jdk8u77/6540/hotspot/src/share/vm/prims/jvm.cpp, line 1386]
Event: 0.381 Thread 0x00007fd3ea802000 Exception <a 'java/security/PrivilegedActionException'> (0x00000007aaef1688) thrown at [/Users/java_re/workspace/8-2-build-macosx-x86_64/jdk8u77/6540/hotspot/src/share/vm/prims/jvm.cpp, line 1386]
Event: 0.381 Thread 0x00007fd3ea802000 Exception <a 'java/security/PrivilegedActionException'> (0x00000007aaef4928) thrown at [/Users/java_re/workspace/8-2-build-macosx-x86_64/jdk8u77/6540/hotspot/src/share/vm/prims/jvm.cpp, line 1386]
Event: 0.381 Thread 0x00007fd3ea802000 Exception <a 'java/security/PrivilegedActionException'> (0x00000007aaef4b38) thrown at [/Users/java_re/workspace/8-2-build-macosx-x86_64/jdk8u77/6540/hotspot/src/share/vm/prims/jvm.cpp, line 1386]
Event: 0.453 Thread 0x00007fd3ea802000 Exception <a 'java/lang/NoSuchFieldError': method resolution failed> (0x00000007aafd30a8) thrown at [/Users/java_re/workspace/8-2-build-macosx-x86_64/jdk8u77/6540/hotspot/src/share/vm/prims/methodHandles.cpp, line 1146]
Event: 0.457 Thread 0x00007fd3ea802000 Exception <a 'java/lang/NoSuchFieldError': method resolution failed> (0x00000007aafe0878) thrown at [/Users/java_re/workspace/8-2-build-macosx-x86_64/jdk8u77/6540/hotspot/src/share/vm/prims/methodHandles.cpp, line 1146]
Event: 0.534 Thread 0x00007fd3ea802000 Exception <a 'java/io/FileNotFoundException'> (0x00000007ab05bcd8) thrown at [/Users/java_re/workspace/8-2-build-macosx-x86_64/jdk8u77/6540/hotspot/src/share/vm/prims/jni.cpp, line 709]
Event: 0.534 Thread 0x00007fd3ea802000 Exception <a 'java/io/FileNotFoundException'> (0x00000007ab05c808) thrown at [/Users/java_re/workspace/8-2-build-macosx-x86_64/jdk8u77/6540/hotspot/src/share/vm/prims/jni.cpp, line 709]

Events (10 events):
Event: 123.923 loading class com/apple/eawt/QuitResponse done
Event: 123.923 loading class java/util/IdentityHashMap$KeySet
Event: 123.924 loading class java/util/IdentityHashMap$KeySet done
Event: 123.924 loading class java/util/IdentityHashMap$KeyIterator
Event: 123.924 loading class java/util/IdentityHashMap$IdentityHashMapIterator
Event: 123.924 loading class java/util/IdentityHashMap$IdentityHashMapIterator done
Event: 123.924 loading class java/util/IdentityHashMap$KeyIterator done
Event: 123.924 Thread 0x00007fd3e9a73000 Thread added: 0x00007fd3e9a73000
Event: 123.925 Thread 0x00007fd3e9a73000 Thread exited: 0x00007fd3e9a73000
Event: 123.925 Executing VM operation: Exit


Dynamic libraries:
0x0000000009268000 	/System/Library/Frameworks/Cocoa.framework/Versions/A/Cocoa
0x0000000009268000 	/System/Library/Frameworks/Security.framework/Versions/A/Security
0x0000000009268000 	/System/Library/Frameworks/ApplicationServices.framework/Versions/A/ApplicationServices
0x0000000009268000 	/usr/lib/libz.1.dylib
0x0000000009268000 	/usr/lib/libSystem.B.dylib
0x0000000009268000 	/usr/lib/libobjc.A.dylib
0x0000000009268000 	/System/Library/Frameworks/CoreFoundation.framework/Versions/A/CoreFoundation
0x0000000009268000 	/System/Library/Frameworks/Foundation.framework/Versions/C/Foundation
0x0000000009268000 	/System/Library/Frameworks/AppKit.framework/Versions/C/AppKit
0x0000000009268000 	/System/Library/Frameworks/CoreData.framework/Versions/A/CoreData
0x0000000009268000 	/System/Library/PrivateFrameworks/RemoteViewServices.framework/Versions/A/RemoteViewServices
0x0000000009268000 	/System/Library/PrivateFrameworks/UIFoundation.framework/Versions/A/UIFoundation
0x0000000009268000 	/usr/lib/libScreenReader.dylib
0x0000000009268000 	/System/Library/Frameworks/Accelerate.framework/Versions/A/Accelerate
0x0000000009268000 	/System/Library/Frameworks/IOSurface.framework/Versions/A/IOSurface
0x0000000009268000 	/System/Library/Frameworks/AudioToolbox.framework/Versions/A/AudioToolbox
0x0000000009268000 	/System/Library/Frameworks/AudioUnit.framework/Versions/A/AudioUnit
0x0000000009268000 	/System/Library/PrivateFrameworks/DataDetectorsCore.framework/Versions/A/DataDetectorsCore
0x0000000009268000 	/System/Library/PrivateFrameworks/DesktopServicesPriv.framework/Versions/A/DesktopServicesPriv
0x0000000009268000 	/System/Library/Frameworks/Carbon.framework/Versions/A/Frameworks/HIToolbox.framework/Versions/A/HIToolbox
0x0000000009268000 	/System/Library/Frameworks/QuartzCore.framework/Versions/A/QuartzCore
0x0000000009268000 	/System/Library/Frameworks/Carbon.framework/Versions/A/Frameworks/SpeechRecognition.framework/Versions/A/SpeechRecognition
0x0000000009268000 	/usr/lib/libauto.dylib
0x0000000009268000 	/usr/lib/libicucore.A.dylib
0x0000000009268000 	/usr/lib/libxml2.2.dylib
0x0000000009268000 	/System/Library/PrivateFrameworks/CoreUI.framework/Versions/A/CoreUI
0x0000000009268000 	/System/Library/Frameworks/CoreAudio.framework/Versions/A/CoreAudio
0x0000000009268000 	/System/Library/Frameworks/DiskArbitration.framework/Versions/A/DiskArbitration
0x0000000009268000 	/usr/lib/liblangid.dylib
0x0000000009268000 	/System/Library/PrivateFrameworks/MultitouchSupport.framework/Versions/A/MultitouchSupport
0x0000000009268000 	/System/Library/Frameworks/IOKit.framework/Versions/A/IOKit
0x0000000009268000 	/usr/lib/libDiagnosticMessagesClient.dylib
0x0000000009268000 	/System/Library/Frameworks/CoreServices.framework/Versions/A/CoreServices
0x0000000009268000 	/System/Library/PrivateFrameworks/PerformanceAnalysis.framework/Versions/A/PerformanceAnalysis
0x0000000009268000 	/System/Library/PrivateFrameworks/GenerationalStorage.framework/Versions/A/GenerationalStorage
0x0000000009268000 	/System/Library/Frameworks/OpenGL.framework/Versions/A/OpenGL
0x0000000009268000 	/System/Library/PrivateFrameworks/Sharing.framework/Versions/A/Sharing
0x0000000009268000 	/System/Library/Frameworks/CoreGraphics.framework/Versions/A/CoreGraphics
0x0000000009268000 	/System/Library/Frameworks/CoreImage.framework/Versions/A/CoreImage
0x0000000009268000 	/System/Library/Frameworks/CoreText.framework/Versions/A/CoreText
0x0000000009268000 	/System/Library/Frameworks/ImageIO.framework/Versions/A/ImageIO
0x0000000009268000 	/System/Library/PrivateFrameworks/Backup.framework/Versions/A/Backup
0x0000000009268000 	/usr/lib/libextension.dylib
0x0000000009268000 	/usr/lib/libarchive.2.dylib
0x0000000009268000 	/System/Library/Frameworks/CFNetwork.framework/Versions/A/CFNetwork
0x0000000009268000 	/System/Library/Frameworks/SystemConfiguration.framework/Versions/A/SystemConfiguration
0x0000000009268000 	/usr/lib/libCRFSuite.dylib
0x0000000009268000 	/usr/lib/libc++.1.dylib
0x0000000009268000 	/usr/lib/libc++abi.dylib
0x0000000009268000 	/usr/lib/system/libcache.dylib
0x0000000009268000 	/usr/lib/system/libcommonCrypto.dylib
0x0000000009268000 	/usr/lib/system/libcompiler_rt.dylib
0x0000000009268000 	/usr/lib/system/libcopyfile.dylib
0x0000000009268000 	/usr/lib/system/libcorecrypto.dylib
0x0000000009268000 	/usr/lib/system/libdispatch.dylib
0x0000000009268000 	/usr/lib/system/libdyld.dylib
0x0000000009268000 	/usr/lib/system/libkeymgr.dylib
0x0000000009268000 	/usr/lib/system/liblaunch.dylib
0x0000000009268000 	/usr/lib/system/libmacho.dylib
0x0000000009268000 	/usr/lib/system/libquarantine.dylib
0x0000000009268000 	/usr/lib/system/libremovefile.dylib
0x0000000009268000 	/usr/lib/system/libsystem_asl.dylib
0x0000000009268000 	/usr/lib/system/libsystem_blocks.dylib
0x0000000009268000 	/usr/lib/system/libsystem_c.dylib
0x0000000009268000 	/usr/lib/system/libsystem_configuration.dylib
0x0000000009268000 	/usr/lib/system/libsystem_coreservices.dylib
0x0000000009268000 	/usr/lib/system/libsystem_coretls.dylib
0x0000000009268000 	/usr/lib/system/libsystem_dnssd.dylib
0x0000000009268000 	/usr/lib/system/libsystem_info.dylib
0x0000000009268000 	/usr/lib/system/libsystem_kernel.dylib
0x0000000009268000 	/usr/lib/system/libsystem_m.dylib
0x0000000009268000 	/usr/lib/system/libsystem_malloc.dylib
0x0000000009268000 	/usr/lib/system/libsystem_network.dylib
0x0000000009268000 	/usr/lib/system/libsystem_networkextension.dylib
0x0000000009268000 	/usr/lib/system/libsystem_notify.dylib
0x0000000009268000 	/usr/lib/system/libsystem_platform.dylib
0x0000000009268000 	/usr/lib/system/libsystem_pthread.dylib
0x0000000009268000 	/usr/lib/system/libsystem_sandbox.dylib
0x0000000009268000 	/usr/lib/system/libsystem_secinit.dylib
0x0000000009268000 	/usr/lib/system/libsystem_trace.dylib
0x0000000009268000 	/usr/lib/system/libunc.dylib
0x0000000009268000 	/usr/lib/system/libunwind.dylib
0x0000000009268000 	/usr/lib/system/libxpc.dylib
0x0000000009268000 	/usr/lib/libenergytrace.dylib
0x0000000009268000 	/usr/lib/libbsm.0.dylib
0x0000000009268000 	/usr/lib/system/libkxld.dylib
0x0000000009268000 	/usr/lib/libxar.1.dylib
0x0000000009268000 	/usr/lib/libsqlite3.dylib
0x0000000009268000 	/usr/lib/libpam.2.dylib
0x0000000009268000 	/usr/lib/libOpenScriptingUtil.dylib
0x0000000009268000 	/usr/lib/libbz2.1.0.dylib
0x0000000009268000 	/usr/lib/liblzma.5.dylib
0x0000000009268000 	/System/Library/Frameworks/CoreServices.framework/Versions/A/Frameworks/FSEvents.framework/Versions/A/FSEvents
0x0000000009268000 	/System/Library/Frameworks/CoreServices.framework/Versions/A/Frameworks/CarbonCore.framework/Versions/A/CarbonCore
0x0000000009268000 	/System/Library/Frameworks/CoreServices.framework/Versions/A/Frameworks/Metadata.framework/Versions/A/Metadata
0x0000000009268000 	/System/Library/Frameworks/CoreServices.framework/Versions/A/Frameworks/OSServices.framework/Versions/A/OSServices
0x0000000009268000 	/System/Library/Frameworks/CoreServices.framework/Versions/A/Frameworks/SearchKit.framework/Versions/A/SearchKit
0x0000000009268000 	/System/Library/Frameworks/CoreServices.framework/Versions/A/Frameworks/AE.framework/Versions/A/AE
0x0000000009268000 	/System/Library/Frameworks/CoreServices.framework/Versions/A/Frameworks/LaunchServices.framework/Versions/A/LaunchServices
0x0000000009268000 	/System/Library/Frameworks/CoreServices.framework/Versions/A/Frameworks/DictionaryServices.framework/Versions/A/DictionaryServices
0x0000000009268000 	/System/Library/Frameworks/CoreServices.framework/Versions/A/Frameworks/SharedFileList.framework/Versions/A/SharedFileList
0x0000000009268000 	/System/Library/Frameworks/NetFS.framework/Versions/A/NetFS
0x0000000009268000 	/System/Library/PrivateFrameworks/NetAuth.framework/Versions/A/NetAuth
0x0000000009268000 	/System/Library/PrivateFrameworks/login.framework/Versions/A/Frameworks/loginsupport.framework/Versions/A/loginsupport
0x0000000009268000 	/System/Library/PrivateFrameworks/TCC.framework/Versions/A/TCC
0x0000000009268000 	/usr/lib/libmecabra.dylib
0x0000000009268000 	/System/Library/Frameworks/ApplicationServices.framework/Versions/A/Frameworks/ATS.framework/Versions/A/ATS
0x0000000009268000 	/System/Library/Frameworks/ApplicationServices.framework/Versions/A/Frameworks/ColorSync.framework/Versions/A/ColorSync
0x0000000009268000 	/System/Library/Frameworks/ApplicationServices.framework/Versions/A/Frameworks/HIServices.framework/Versions/A/HIServices
0x0000000009268000 	/System/Library/Frameworks/ApplicationServices.framework/Versions/A/Frameworks/LangAnalysis.framework/Versions/A/LangAnalysis
0x0000000009268000 	/System/Library/Frameworks/ApplicationServices.framework/Versions/A/Frameworks/PrintCore.framework/Versions/A/PrintCore
0x0000000009268000 	/System/Library/Frameworks/ApplicationServices.framework/Versions/A/Frameworks/QD.framework/Versions/A/QD
0x0000000009268000 	/System/Library/Frameworks/ApplicationServices.framework/Versions/A/Frameworks/SpeechSynthesis.framework/Versions/A/SpeechSynthesis
0x0000000009268000 	/System/Library/Frameworks/Metal.framework/Versions/A/Metal
0x0000000009268000 	/System/Library/Frameworks/Accelerate.framework/Versions/A/Frameworks/vImage.framework/Versions/A/vImage
0x0000000009268000 	/System/Library/Frameworks/Accelerate.framework/Versions/A/Frameworks/vecLib.framework/Versions/A/vecLib
0x0000000009268000 	/System/Library/Frameworks/Accelerate.framework/Versions/A/Frameworks/vecLib.framework/Versions/A/libvDSP.dylib
0x0000000009268000 	/System/Library/Frameworks/Accelerate.framework/Versions/A/Frameworks/vecLib.framework/Versions/A/libvMisc.dylib
0x0000000009268000 	/System/Library/Frameworks/Accelerate.framework/Versions/A/Frameworks/vecLib.framework/Versions/A/libLAPACK.dylib
0x0000000009268000 	/System/Library/Frameworks/Accelerate.framework/Versions/A/Frameworks/vecLib.framework/Versions/A/libBLAS.dylib
0x0000000009268000 	/System/Library/Frameworks/Accelerate.framework/Versions/A/Frameworks/vecLib.framework/Versions/A/libLinearAlgebra.dylib
0x0000000009268000 	/System/Library/Frameworks/Accelerate.framework/Versions/A/Frameworks/vecLib.framework/Versions/A/libSparseBLAS.dylib
0x0000000009268000 	/System/Library/PrivateFrameworks/GPUCompiler.framework/libmetal_timestamp.dylib
0x0000000009268000 	/System/Library/Frameworks/OpenGL.framework/Versions/A/Libraries/libCoreFSCache.dylib
0x0000000009268000 	/System/Library/PrivateFrameworks/IOAccelerator.framework/Versions/A/IOAccelerator
0x0000000009268000 	/System/Library/Frameworks/ApplicationServices.framework/Versions/A/Frameworks/ATS.framework/Versions/A/Resources/libFontParser.dylib
0x0000000009268000 	/System/Library/Frameworks/ApplicationServices.framework/Versions/A/Frameworks/ATS.framework/Versions/A/Resources/libFontRegistry.dylib
0x0000000009268000 	/System/Library/PrivateFrameworks/AppleVPA.framework/Versions/A/AppleVPA
0x0000000009268000 	/System/Library/PrivateFrameworks/AppleJPEG.framework/Versions/A/AppleJPEG
0x0000000009268000 	/System/Library/Frameworks/ImageIO.framework/Versions/A/Resources/libJPEG.dylib
0x0000000009268000 	/System/Library/Frameworks/ImageIO.framework/Versions/A/Resources/libTIFF.dylib
0x0000000009268000 	/System/Library/Frameworks/ImageIO.framework/Versions/A/Resources/libPng.dylib
0x0000000009268000 	/System/Library/Frameworks/ImageIO.framework/Versions/A/Resources/libGIF.dylib
0x0000000009268000 	/System/Library/Frameworks/ImageIO.framework/Versions/A/Resources/libJP2.dylib
0x0000000009268000 	/System/Library/Frameworks/ImageIO.framework/Versions/A/Resources/libRadiance.dylib
0x0000000009268000 	/System/Library/Frameworks/CoreVideo.framework/Versions/A/CoreVideo
0x0000000009268000 	/System/Library/Frameworks/OpenGL.framework/Versions/A/Libraries/libGLU.dylib
0x0000000009268000 	/System/Library/Frameworks/OpenGL.framework/Versions/A/Libraries/libGFXShared.dylib
0x0000000009268000 	/System/Library/Frameworks/OpenGL.framework/Versions/A/Libraries/libGL.dylib
0x0000000009268000 	/System/Library/Frameworks/OpenGL.framework/Versions/A/Libraries/libGLImage.dylib
0x0000000009268000 	/System/Library/Frameworks/OpenGL.framework/Versions/A/Libraries/libCVMSPluginSupport.dylib
0x0000000009268000 	/System/Library/Frameworks/OpenGL.framework/Versions/A/Libraries/libCoreVMClient.dylib
0x0000000009268000 	/usr/lib/libcups.2.dylib
0x0000000009268000 	/System/Library/Frameworks/Kerberos.framework/Versions/A/Kerberos
0x0000000009268000 	/System/Library/Frameworks/GSS.framework/Versions/A/GSS
0x0000000009268000 	/usr/lib/libresolv.9.dylib
0x0000000009268000 	/usr/lib/libiconv.2.dylib
0x0000000009268000 	/System/Library/PrivateFrameworks/Heimdal.framework/Versions/A/Heimdal
0x0000000009268000 	/usr/lib/libheimdal-asn1.dylib
0x0000000009268000 	/System/Library/Frameworks/OpenDirectory.framework/Versions/A/OpenDirectory
0x0000000009268000 	/System/Library/PrivateFrameworks/CommonAuth.framework/Versions/A/CommonAuth
0x0000000009268000 	/System/Library/Frameworks/OpenDirectory.framework/Versions/A/Frameworks/CFOpenDirectory.framework/Versions/A/CFOpenDirectory
0x0000000009268000 	/System/Library/Frameworks/SecurityFoundation.framework/Versions/A/SecurityFoundation
0x0000000009268000 	/System/Library/PrivateFrameworks/LanguageModeling.framework/Versions/A/LanguageModeling
0x0000000009268000 	/usr/lib/libmarisa.dylib
0x0000000009268000 	/usr/lib/libChineseTokenizer.dylib
0x0000000009268000 	/usr/lib/libcmph.dylib
0x0000000009268000 	/usr/lib/libcompression.dylib
0x0000000009268000 	/System/Library/Frameworks/ServiceManagement.framework/Versions/A/ServiceManagement
0x0000000009268000 	/usr/lib/libxslt.1.dylib
0x0000000009268000 	/System/Library/Frameworks/Carbon.framework/Versions/A/Frameworks/Ink.framework/Versions/A/Ink
0x0000000009268000 	/usr/lib/libFosl_dynamic.dylib
0x0000000009268000 	/System/Library/PrivateFrameworks/FaceCore.framework/Versions/A/FaceCore
0x0000000009268000 	/System/Library/Frameworks/OpenCL.framework/Versions/A/OpenCL
0x0000000009268000 	/System/Library/PrivateFrameworks/CrashReporterSupport.framework/Versions/A/CrashReporterSupport
0x0000000009268000 	/System/Library/PrivateFrameworks/IconServices.framework/Versions/A/IconServices
0x0000000009268000 	/System/Library/PrivateFrameworks/Apple80211.framework/Versions/A/Apple80211
0x0000000009268000 	/System/Library/Frameworks/CoreWLAN.framework/Versions/A/CoreWLAN
0x0000000009268000 	/System/Library/Frameworks/IOBluetooth.framework/Versions/A/IOBluetooth
0x0000000009268000 	/System/Library/PrivateFrameworks/CoreWiFi.framework/Versions/A/CoreWiFi
0x0000000009268000 	/System/Library/Frameworks/CoreBluetooth.framework/Versions/A/CoreBluetooth
0x0000000009268000 	/System/Library/PrivateFrameworks/ChunkingLibrary.framework/Versions/A/ChunkingLibrary
0x0000000009268000 	/System/Library/PrivateFrameworks/DebugSymbols.framework/Versions/A/DebugSymbols
0x0000000009268000 	/System/Library/PrivateFrameworks/CoreSymbolication.framework/Versions/A/CoreSymbolication
0x0000000009268000 	/System/Library/PrivateFrameworks/Symbolication.framework/Versions/A/Symbolication
0x0000000009268000 	/System/Library/PrivateFrameworks/SpeechRecognitionCore.framework/Versions/A/SpeechRecognitionCore
0x000000010e0d0000 	/System/Library/CoreServices/Encodings/libSimplifiedChineseConverter.dylib
0x000000010e114000 	/Library/Java/JavaVirtualMachines/jdk1.8.0_77.jdk/Contents/Home/jre/lib/server/libjvm.dylib
0x0000000009268000 	/usr/lib/libstdc++.6.dylib
0x000000010f0a8000 	/Library/Java/JavaVirtualMachines/jdk1.8.0_77.jdk/Contents/Home/jre/lib/libverify.dylib
0x000000010f0b6000 	/Library/Java/JavaVirtualMachines/jdk1.8.0_77.jdk/Contents/Home/jre/lib/libjava.dylib
0x000000010f0f4000 	/Library/Java/JavaVirtualMachines/jdk1.8.0_77.jdk/Contents/Home/jre/lib/libzip.dylib
0x0000000122d11000 	/System/Library/Frameworks/JavaVM.framework/Frameworks/JavaRuntimeSupport.framework/JavaRuntimeSupport
0x000000010f1e6000 	/System/Library/Frameworks/JavaVM.framework/Versions/A/Frameworks/JavaNativeFoundation.framework/Versions/A/JavaNativeFoundation
0x0000000122d2c000 	/System/Library/Frameworks/JavaVM.framework/Versions/A/JavaVM
0x0000000009268000 	/System/Library/Frameworks/Carbon.framework/Versions/A/Carbon
0x0000000122d39000 	/System/Library/PrivateFrameworks/JavaLaunching.framework/Versions/A/JavaLaunching
0x0000000009268000 	/System/Library/Frameworks/Carbon.framework/Versions/A/Frameworks/CommonPanels.framework/Versions/A/CommonPanels
0x0000000009268000 	/System/Library/Frameworks/Carbon.framework/Versions/A/Frameworks/Help.framework/Versions/A/Help
0x0000000009268000 	/System/Library/Frameworks/Carbon.framework/Versions/A/Frameworks/ImageCapture.framework/Versions/A/ImageCapture
0x0000000009268000 	/System/Library/Frameworks/Carbon.framework/Versions/A/Frameworks/OpenScripting.framework/Versions/A/OpenScripting
0x0000000009268000 	/System/Library/Frameworks/Carbon.framework/Versions/A/Frameworks/Print.framework/Versions/A/Print
0x0000000009268000 	/System/Library/Frameworks/Carbon.framework/Versions/A/Frameworks/SecurityHI.framework/Versions/A/SecurityHI
0x0000000124810000 	/Applications/IntelliJ IDEA CE.app/Contents/bin/libbreakgen64.jnilib
0x0000000124813000 	/Library/Java/JavaVirtualMachines/jdk1.8.0_77.jdk/Contents/Home/jre/lib/libnet.dylib
0x0000000124878000 	/Library/Java/JavaVirtualMachines/jdk1.8.0_77.jdk/Contents/Home/jre/lib/libawt.dylib
0x0000000124920000 	/Library/Java/JavaVirtualMachines/jdk1.8.0_77.jdk/Contents/Home/jre/lib/./libmlib_image.dylib
0x00000001249ec000 	/Library/Java/JavaVirtualMachines/jdk1.8.0_77.jdk/Contents/Home/jre/lib/libawt_lwawt.dylib
0x0000000124aa1000 	/Library/Java/JavaVirtualMachines/jdk1.8.0_77.jdk/Contents/Home/jre/lib/./libosxapp.dylib
0x0000000009268000 	/System/Library/Frameworks/ExceptionHandling.framework/Versions/A/ExceptionHandling
0x0000000009268000 	/System/Library/PrivateFrameworks/CoreServicesInternal.framework/Versions/A/CoreServicesInternal
0x00000001252ce000 	/Library/Java/JavaVirtualMachines/jdk1.8.0_77.jdk/Contents/Home/jre/lib/libfontmanager.dylib
0x0000000009268000 	/System/Library/Frameworks/OpenGL.framework/Versions/A/Resources/GLEngine.bundle/GLEngine
0x0000000009268000 	/System/Library/Frameworks/OpenGL.framework/Versions/A/Libraries/libGLProgrammability.dylib
0x0000000125335000 	/System/Library/Extensions/AppleIntelBDWGraphicsGLDriver.bundle/Contents/MacOS/AppleIntelBDWGraphicsGLDriver
0x0000000009268000 	/System/Library/PrivateFrameworks/GPUSupport.framework/Versions/A/Libraries/libGPUSupportMercury.dylib
0x0000000009268000 	/System/Library/Frameworks/OpenGL.framework/Versions/A/Resources/GLRendererFloat.bundle/GLRendererFloat
0x0000000009268000 	/System/Library/Frameworks/OpenCL.framework/Versions/A/Libraries/libcldcpuengine.dylib
0x0000000009268000 	/System/Library/PrivateFrameworks/DiskImages.framework/Versions/A/DiskImages
0x0000000009268000 	/System/Library/Frameworks/DiscRecording.framework/Versions/A/DiscRecording
0x0000000009268000 	/usr/lib/libcsfde.dylib
0x0000000009268000 	/usr/lib/libcurl.4.dylib
0x0000000009268000 	/System/Library/PrivateFrameworks/MediaKit.framework/Versions/A/MediaKit
0x0000000009268000 	/System/Library/PrivateFrameworks/ProtectedCloudStorage.framework/Versions/A/ProtectedCloudStorage
0x0000000009268000 	/usr/lib/libCoreStorage.dylib
0x0000000009268000 	/System/Library/PrivateFrameworks/EFILogin.framework/Versions/A/EFILogin
0x0000000009268000 	/usr/lib/libutil.dylib
0x0000000009268000 	/System/Library/PrivateFrameworks/FindMyDevice.framework/Versions/A/FindMyDevice
0x0000000009268000 	/System/Library/Frameworks/LDAP.framework/Versions/A/LDAP
0x0000000009268000 	/usr/lib/libsasl2.2.dylib
0x0000000009268000 	/System/Library/PrivateFrameworks/CoreDaemon.framework/Versions/B/CoreDaemon
0x0000000009268000 	/usr/lib/libcrypto.0.9.8.dylib
0x0000000009268000 	/System/Library/PrivateFrameworks/AppleSRP.framework/Versions/A/AppleSRP
0x0000000009268000 	/System/Library/PrivateFrameworks/TrustEvaluationAgent.framework/Versions/A/TrustEvaluationAgent
0x00000001262d4000 	/Users/Che/.swt/lib/macosx/x86_64/libswt-cocoa-4527.jnilib
0x0000000009268000 	/System/Library/Frameworks/WebKit.framework/Versions/A/WebKit
0x0000000009268000 	/System/Library/Frameworks/JavaScriptCore.framework/Versions/A/JavaScriptCore
0x0000000009268000 	/System/Library/Frameworks/SecurityInterface.framework/Versions/A/SecurityInterface
0x0000000009268000 	/System/Library/Frameworks/WebKit.framework/Versions/A/Frameworks/WebKitLegacy.framework/Versions/A/WebKitLegacy
0x0000000009268000 	/System/Library/Frameworks/WebKit.framework/Versions/A/Frameworks/WebCore.framework/Versions/A/WebCore
0x00000001263a1000 	/Users/Che/.swt/lib/macosx/x86_64/libswt-pi-cocoa-4527.jnilib
0x0000000009268000 	/System/Library/Frameworks/CoreGraphics.framework/Versions/A/Resources/libCGXType.A.dylib
0x0000000009268000 	/System/Library/Frameworks/Accelerate.framework/Versions/A/Frameworks/vImage.framework/Versions/A/Libraries/libCGInterfaces.dylib
0x000000012cedb000 	/System/Library/Frameworks/ApplicationServices.framework/Frameworks/ATS.framework/Resources/libFontRegistryUI.dylib
0x000000012cf75000 	/System/Library/Frameworks/ApplicationServices.framework/Versions/A/Frameworks/ATS.framework/Versions/A/Resources/ATSHI.dylib
0x0000000009268000 	/System/Library/Frameworks/CoreGraphics.framework/Versions/A/Resources/libRIP.A.dylib
0x0000000009268000 	/System/Library/PrivateFrameworks/FamilyControls.framework/Versions/A/FamilyControls
0x0000000009268000 	/System/Library/PrivateFrameworks/CommerceKit.framework/Versions/A/Frameworks/CommerceCore.framework/Versions/A/CommerceCore
0x0000000009268000 	/System/Library/PrivateFrameworks/SystemAdministration.framework/Versions/A/SystemAdministration
0x0000000009268000 	/System/Library/PrivateFrameworks/AppContainer.framework/Versions/A/AppContainer
0x0000000009268000 	/System/Library/PrivateFrameworks/SecCodeWrapper.framework/Versions/A/SecCodeWrapper
0x0000000009268000 	/System/Library/Frameworks/DirectoryService.framework/Versions/A/DirectoryService
0x0000000009268000 	/System/Library/PrivateFrameworks/LoginUIKit.framework/Versions/A/Frameworks/LoginUICore.framework/Versions/A/LoginUICore
0x0000000009268000 	/usr/lib/libodfde.dylib
0x000000012de95000 	cl_kernels
0x0000000009268000 	/System/Library/Frameworks/OpenCL.framework/Versions/A/Libraries/ImageFormats/unorm8_bgra.dylib
0x0000000009268000 	/System/Library/Frameworks/OpenCL.framework/Versions/A/Libraries/ImageFormats/unorm8_rgba.dylib
0x0000000009268000 	/System/Library/PrivateFrameworks/FinderKit.framework/Versions/A/FinderKit
0x0000000009268000 	/System/Library/Frameworks/Quartz.framework/Versions/A/Frameworks/QuickLookUI.framework/Versions/A/QuickLookUI
0x0000000009268000 	/System/Library/Frameworks/Quartz.framework/Versions/A/Frameworks/ImageKit.framework/Versions/A/ImageKit
0x0000000009268000 	/System/Library/PrivateFrameworks/Bom.framework/Versions/A/Bom
0x0000000009268000 	/System/Library/Frameworks/QuickLook.framework/Versions/A/QuickLook
0x0000000009268000 	/System/Library/PrivateFrameworks/Suggestions.framework/Versions/A/Suggestions
0x0000000009268000 	/System/Library/PrivateFrameworks/AppleSystemInfo.framework/Versions/A/AppleSystemInfo
0x0000000009268000 	/System/Library/Frameworks/ImageCaptureCore.framework/Versions/A/ImageCaptureCore
0x0000000009268000 	/System/Library/PrivateFrameworks/SafariServices.framework/Versions/A/SafariServices
0x0000000009268000 	/usr/lib/libspindump.dylib
0x0000000009268000 	/System/Library/Frameworks/QTKit.framework/Versions/A/QTKit
0x0000000009268000 	/System/Library/Frameworks/AVFoundation.framework/Versions/A/AVFoundation
0x0000000009268000 	/System/Library/Frameworks/CoreMedia.framework/Versions/A/CoreMedia
0x0000000009268000 	/System/Library/Frameworks/MediaToolbox.framework/Versions/A/MediaToolbox
0x0000000009268000 	/System/Library/Frameworks/VideoToolbox.framework/Versions/A/VideoToolbox
0x0000000009268000 	/System/Library/PrivateFrameworks/CoreMediaAuthoring.framework/Versions/A/CoreMediaAuthoring
0x0000000009268000 	/System/Library/Frameworks/CoreMediaIO.framework/Versions/A/CoreMediaIO
0x0000000009268000 	/System/Library/Frameworks/AVFoundation.framework/Versions/A/Resources/libAVFAudio.dylib
0x0000000009268000 	/System/Library/PrivateFrameworks/CoreAVCHD.framework/Versions/A/CoreAVCHD
0x0000000009268000 	/System/Library/Frameworks/MediaAccessibility.framework/Versions/A/MediaAccessibility
0x0000000009268000 	/System/Library/PrivateFrameworks/Mangrove.framework/Versions/A/Mangrove
0x0000000009268000 	/System/Library/PrivateFrameworks/CoreAUC.framework/Versions/A/CoreAUC
0x0000000009268000 	/System/Library/PrivateFrameworks/AppleVA.framework/Versions/A/AppleVA
0x0000000009268000 	/System/Library/PrivateFrameworks/XPCService.framework/Versions/A/XPCService
0x0000000009268000 	/System/Library/PrivateFrameworks/AppSandbox.framework/Versions/A/AppSandbox
0x0000000009268000 	/usr/lib/libsandbox.1.dylib
0x0000000009268000 	/usr/lib/libMatch.1.dylib
0x0000000009268000 	/System/Library/PrivateFrameworks/DisplayServices.framework/Versions/A/DisplayServices
0x0000000009268000 	/System/Library/Frameworks/Quartz.framework/Versions/A/Frameworks/PDFKit.framework/Versions/A/PDFKit
0x0000000009268000 	/System/Library/Frameworks/Quartz.framework/Versions/A/Frameworks/QuartzComposer.framework/Versions/A/QuartzComposer
0x0000000009268000 	/System/Library/Frameworks/Quartz.framework/Versions/A/Frameworks/QuartzFilters.framework/Versions/A/QuartzFilters
0x0000000009268000 	/System/Library/PrivateFrameworks/CorePDF.framework/Versions/A/CorePDF
0x0000000009268000 	/System/Library/PrivateFrameworks/AppleFSCompression.framework/Versions/A/AppleFSCompression
0x0000000009268000 	/System/Library/Frameworks/AddressBook.framework/Versions/A/AddressBook
0x0000000009268000 	/System/Library/PrivateFrameworks/ContactsPersistence.framework/Versions/A/ContactsPersistence
0x0000000009268000 	/System/Library/PrivateFrameworks/ContactsFoundation.framework/Versions/A/ContactsFoundation
0x0000000009268000 	/System/Library/PrivateFrameworks/vCard.framework/Versions/A/vCard
0x0000000009268000 	/System/Library/PrivateFrameworks/IntlPreferences.framework/Versions/A/IntlPreferences
0x0000000009268000 	/System/Library/PrivateFrameworks/ToneLibrary.framework/Versions/A/ToneLibrary
0x0000000009268000 	/System/Library/PrivateFrameworks/ToneKit.framework/Versions/A/ToneKit
0x0000000009268000 	/System/Library/PrivateFrameworks/ApplePushService.framework/Versions/A/ApplePushService
0x0000000009268000 	/System/Library/PrivateFrameworks/PhoneNumbers.framework/Versions/A/PhoneNumbers
0x0000000009268000 	/System/Library/PrivateFrameworks/ViewBridge.framework/Versions/A/ViewBridge
0x0000000009268000 	/System/Library/Frameworks/Quartz.framework/Versions/A/Quartz
0x0000000009268000 	/System/Library/PrivateFrameworks/CloudDocs.framework/Versions/A/CloudDocs
0x0000000009268000 	/System/Library/PrivateFrameworks/CoreDuet.framework/Versions/A/CoreDuet
0x0000000009268000 	/System/Library/Frameworks/CloudKit.framework/Versions/A/CloudKit
0x0000000009268000 	/System/Library/PrivateFrameworks/ProtocolBuffer.framework/Versions/A/ProtocolBuffer
0x0000000009268000 	/System/Library/PrivateFrameworks/CoreDuetDaemonProtocol.framework/Versions/A/CoreDuetDaemonProtocol
0x0000000009268000 	/System/Library/PrivateFrameworks/CoreDuetDebugLogging.framework/Versions/A/CoreDuetDebugLogging
0x0000000009268000 	/System/Library/PrivateFrameworks/MMCS.framework/Versions/A/MMCS
0x0000000009268000 	/System/Library/Frameworks/CoreLocation.framework/Versions/A/CoreLocation
0x0000000009268000 	/System/Library/PrivateFrameworks/AssetCacheServices.framework/Versions/A/AssetCacheServices
0x0000000009268000 	/System/Library/PrivateFrameworks/GeoServices.framework/Versions/A/GeoServices
0x0000000009268000 	/System/Library/PrivateFrameworks/PlugInKit.framework/Versions/A/PlugInKit
0x0000000009268000 	/System/Library/PrivateFrameworks/CacheDelete.framework/Versions/A/CacheDelete
0x0000000009268000 	/System/Library/CoreServices/RawCamera.bundle/Contents/MacOS/RawCamera
0x000000012e29c000 	/System/Library/Frameworks/Security.framework/PlugIns/csparser.bundle/Contents/MacOS/csparser
0x000000012e2f2000 	/System/Library/Extensions/AppleIntelBDWGraphicsMTLDriver.bundle/Contents/MacOS/AppleIntelBDWGraphicsMTLDriver
0x0000000009268000 	/System/Library/PrivateFrameworks/Shortcut.framework/Versions/A/Shortcut
0x0000000009268000 	/System/Library/PrivateFrameworks/HelpData.framework/Versions/A/HelpData
0x0000000009268000 	/usr/lib/libtidy.A.dylib
0x0000000009268000 	/System/Library/Frameworks/CoreGraphics.framework/Versions/A/Resources/libCGXCoreImage.A.dylib
0x0000000131321000 	cl_kernels

VM Arguments:
jvm_args: -Didea.launcher.port=7535 -Didea.launcher.bin.path=/Applications/IntelliJ IDEA CE.app/Contents/bin -Dfile.encoding=UTF-8 
java_command: com.intellij.rt.execution.application.AppMain edu.nju.cs.inform.gui.Retro
java_class_path (initial): /Library/Java/JavaVirtualMachines/jdk1.8.0_77.jdk/Contents/Home/jre/lib/charsets.jar:/Library/Java/JavaVirtualMachines/jdk1.8.0_77.jdk/Contents/Home/jre/lib/deploy.jar:/Library/Java/JavaVirtualMachines/jdk1.8.0_77.jdk/Contents/Home/jre/lib/ext/cldrdata.jar:/Library/Java/JavaVirtualMachines/jdk1.8.0_77.jdk/Contents/Home/jre/lib/ext/dnsns.jar:/Library/Java/JavaVirtualMachines/jdk1.8.0_77.jdk/Contents/Home/jre/lib/ext/jaccess.jar:/Library/Java/JavaVirtualMachines/jdk1.8.0_77.jdk/Contents/Home/jre/lib/ext/jfxrt.jar:/Library/Java/JavaVirtualMachines/jdk1.8.0_77.jdk/Contents/Home/jre/lib/ext/localedata.jar:/Library/Java/JavaVirtualMachines/jdk1.8.0_77.jdk/Contents/Home/jre/lib/ext/nashorn.jar:/Library/Java/JavaVirtualMachines/jdk1.8.0_77.jdk/Contents/Home/jre/lib/ext/sunec.jar:/Library/Java/JavaVirtualMachines/jdk1.8.0_77.jdk/Contents/Home/jre/lib/ext/sunjce_provider.jar:/Library/Java/JavaVirtualMachines/jdk1.8.0_77.jdk/Contents/Home/jre/lib/ext/sunpkcs11.jar:/Library/Java/JavaVirtualMachines/jdk1.8.0_77.jdk/Contents/Home/jre/lib/ext/zipfs.jar:/Library/Java/JavaVirtualMachines/jdk1.8.0_77.jdk/Contents/Home/jre/lib/javaws.jar:/Library/Java/JavaVirtualMachines/jdk1.8.0_77.jdk/Contents/Home/jre/lib/jce.jar:/Library/Java/JavaVirtualMachines/jdk1.8.0_77.jdk/Contents/Home/jre/lib/jfr.jar:/Library/Java/JavaVirtualMachines/jdk1.8.0_77.jdk/Contents/Home/jre/lib/jfxswt.jar:/Library/Java/JavaVirtualMachines/jdk1.8.0_77.jdk/Contents/Home/jre/lib/jsse.jar:/Library/Java/JavaVirtualMachines/jdk1.8.0_77.jdk/Contents/Home/jre/lib/management-agent.jar:/Library/Java/JavaVirtualMachines/jdk1.8.0_77.jdk/Contents/Home/jre/lib/plugin.jar:/Library/Java/JavaVirtualMachines/jdk1.8.0_77.jdk/Contents/Home/jre/lib/resources.jar:/Library/Java/JavaVirtualMachines/jdk1.8.0_77.jdk/Contents/Home/jre/lib/rt.jar:/Library/Java/JavaVirtualMachines/jdk1.8.0_77.jdk/Contents/Home/lib/ant-javafx.jar:/Library/Java/JavaVirtualMachines/jdk1.8.0_77.jdk/Contents/Home/lib/dt.jar:/Library/Ja
Launcher Type: SUN_STANDARD

Environment Variables:
PATH=/usr/local/bin:/usr/bin:/bin:/usr/sbin:/sbin
SHELL=/bin/bash

Signal Handlers:
SIGSEGV: [libjvm.dylib+0x5a6855], sa_mask[0]=11111111011111110111111111111111, sa_flags=SA_ONSTACK|SA_RESTART|SA_SIGINFO
SIGBUS: [libjvm.dylib+0x5a6855], sa_mask[0]=11111111011111110111111111111111, sa_flags=SA_RESTART|SA_SIGINFO
SIGFPE: [libjvm.dylib+0x4804ec], sa_mask[0]=11111111011111110111111111111111, sa_flags=SA_RESTART|SA_SIGINFO
SIGPIPE: [libjvm.dylib+0x4804ec], sa_mask[0]=11111111011111110111111111111111, sa_flags=SA_RESTART|SA_SIGINFO
SIGXFSZ: [libjvm.dylib+0x4804ec], sa_mask[0]=11111111011111110111111111111111, sa_flags=SA_RESTART|SA_SIGINFO
SIGILL: [libjvm.dylib+0x4804ec], sa_mask[0]=11111111011111110111111111111111, sa_flags=SA_RESTART|SA_SIGINFO
SIGUSR1: SIG_DFL, sa_mask[0]=00000000000000000000000000000000, sa_flags=none
SIGUSR2: [libjvm.dylib+0x48000a], sa_mask[0]=00100000000000000000000000000000, sa_flags=SA_RESTART|SA_SIGINFO
SIGHUP: [libjvm.dylib+0x47e5e1], sa_mask[0]=11111111011111110111111111111111, sa_flags=SA_RESTART|SA_SIGINFO
SIGINT: [libjvm.dylib+0x47e5e1], sa_mask[0]=11111111011111110111111111111111, sa_flags=SA_RESTART|SA_SIGINFO
SIGTERM: [libjvm.dylib+0x47e5e1], sa_mask[0]=11111111011111110111111111111111, sa_flags=SA_RESTART|SA_SIGINFO
SIGQUIT: [libjvm.dylib+0x47e5e1], sa_mask[0]=11111111011111110111111111111111, sa_flags=SA_RESTART|SA_SIGINFO


---------------  S Y S T E M  ---------------

OS:Bsduname:Darwin 15.3.0 Darwin Kernel Version 15.3.0: Thu Dec 10 18:40:58 PST 2015; root:xnu-3248.30.4~1/RELEASE_X86_64 x86_64
rlimit: STACK 8192k, CORE 0k, NPROC 709, NOFILE 10240, AS infinity
load average:2.98 2.40 2.16

CPU:total 4 (2 cores per cpu, 2 threads per core) family 6 model 61 stepping 4, cmov, cx8, fxsr, mmx, sse, sse2, sse3, ssse3, sse4.1, sse4.2, popcnt, avx, avx2, aes, clmul, erms, 3dnowpref, lzcnt, ht, tsc, tscinvbit, bmi1, bmi2, adx

Memory: 4k page, physical 4194304k(30616k free)

/proc/meminfo:


vm_info: Java HotSpot(TM) 64-Bit Server VM (25.77-b03) for bsd-amd64 JRE (1.8.0_77-b03), built on Mar 20 2016 22:14:03 by "java_re" with gcc 4.2.1 (Based on Apple Inc. build 5658) (LLVM build 2336.11.00)

time: Sat Mar 26 19:34:24 2016
elapsed time: 124 seconds (0d 0h 2m 4s)

